{"total": {"lines":{"total":23018,"covered":0,"skipped":0,"pct":0},"statements":{"total":24939,"covered":0,"skipped":0,"pct":0},"functions":{"total":5460,"covered":0,"skipped":0,"pct":0},"branches":{"total":11445,"covered":0,"skipped":0,"pct":0},"branchesTrue":{"total":0,"covered":0,"skipped":0,"pct":100}}
,"/mnt/wsl/docker-desktop-bind-mounts/Ubuntu/975b30c0f2abfbfeafe422fd2d8e29b4f90230bb31601c9eb4b185b5b3d516d0/apps/web/src/app/error.tsx": {"lines":{"total":9,"covered":0,"skipped":0,"pct":0},"functions":{"total":3,"covered":0,"skipped":0,"pct":0},"statements":{"total":9,"covered":0,"skipped":0,"pct":0},"branches":{"total":3,"covered":0,"skipped":0,"pct":0}}
,"/mnt/wsl/docker-desktop-bind-mounts/Ubuntu/975b30c0f2abfbfeafe422fd2d8e29b4f90230bb31601c9eb4b185b5b3d516d0/apps/web/src/app/layout-original.tsx": {"lines":{"total":9,"covered":0,"skipped":0,"pct":0},"functions":{"total":1,"covered":0,"skipped":0,"pct":0},"statements":{"total":10,"covered":0,"skipped":0,"pct":0},"branches":{"total":0,"covered":0,"skipped":0,"pct":100}}
,"/mnt/wsl/docker-desktop-bind-mounts/Ubuntu/975b30c0f2abfbfeafe422fd2d8e29b4f90230bb31601c9eb4b185b5b3d516d0/apps/web/src/app/layout.tsx": {"lines":{"total":2,"covered":0,"skipped":0,"pct":0},"functions":{"total":1,"covered":0,"skipped":0,"pct":0},"statements":{"total":2,"covered":0,"skipped":0,"pct":0},"branches":{"total":0,"covered":0,"skipped":0,"pct":100}}
,"/mnt/wsl/docker-desktop-bind-mounts/Ubuntu/975b30c0f2abfbfeafe422fd2d8e29b4f90230bb31601c9eb4b185b5b3d516d0/apps/web/src/app/not-found.tsx": {"lines":{"total":6,"covered":0,"skipped":0,"pct":0},"functions":{"total":2,"covered":0,"skipped":0,"pct":0},"statements":{"total":6,"covered":0,"skipped":0,"pct":0},"branches":{"total":0,"covered":0,"skipped":0,"pct":100}}
,"/mnt/wsl/docker-desktop-bind-mounts/Ubuntu/975b30c0f2abfbfeafe422fd2d8e29b4f90230bb31601c9eb4b185b5b3d516d0/apps/web/src/app/page-original.tsx": {"lines":{"total":9,"covered":0,"skipped":0,"pct":0},"functions":{"total":4,"covered":0,"skipped":0,"pct":0},"statements":{"total":9,"covered":0,"skipped":0,"pct":0},"branches":{"total":1,"covered":0,"skipped":0,"pct":0}}
,"/mnt/wsl/docker-desktop-bind-mounts/Ubuntu/975b30c0f2abfbfeafe422fd2d8e29b4f90230bb31601c9eb4b185b5b3d516d0/apps/web/src/app/page.tsx": {"lines":{"total":9,"covered":0,"skipped":0,"pct":0},"functions":{"total":4,"covered":0,"skipped":0,"pct":0},"statements":{"total":9,"covered":0,"skipped":0,"pct":0},"branches":{"total":1,"covered":0,"skipped":0,"pct":0}}
,"/mnt/wsl/docker-desktop-bind-mounts/Ubuntu/975b30c0f2abfbfeafe422fd2d8e29b4f90230bb31601c9eb4b185b5b3d516d0/apps/web/src/app/accessibility-test/page.tsx": {"lines":{"total":23,"covered":0,"skipped":0,"pct":0},"functions":{"total":8,"covered":0,"skipped":0,"pct":0},"statements":{"total":29,"covered":0,"skipped":0,"pct":0},"branches":{"total":7,"covered":0,"skipped":0,"pct":0}}
,"/mnt/wsl/docker-desktop-bind-mounts/Ubuntu/975b30c0f2abfbfeafe422fd2d8e29b4f90230bb31601c9eb4b185b5b3d516d0/apps/web/src/app/admin/layout.tsx": {"lines":{"total":16,"covered":0,"skipped":0,"pct":0},"functions":{"total":4,"covered":0,"skipped":0,"pct":0},"statements":{"total":17,"covered":0,"skipped":0,"pct":0},"branches":{"total":2,"covered":0,"skipped":0,"pct":0}}
,"/mnt/wsl/docker-desktop-bind-mounts/Ubuntu/975b30c0f2abfbfeafe422fd2d8e29b4f90230bb31601c9eb4b185b5b3d516d0/apps/web/src/app/admin/page.tsx": {"lines":{"total":28,"covered":0,"skipped":0,"pct":0},"functions":{"total":13,"covered":0,"skipped":0,"pct":0},"statements":{"total":28,"covered":0,"skipped":0,"pct":0},"branches":{"total":24,"covered":0,"skipped":0,"pct":0}}
,"/mnt/wsl/docker-desktop-bind-mounts/Ubuntu/975b30c0f2abfbfeafe422fd2d8e29b4f90230bb31601c9eb4b185b5b3d516d0/apps/web/src/app/admin/dfs-training/page.tsx": {"lines":{"total":38,"covered":0,"skipped":0,"pct":0},"functions":{"total":11,"covered":0,"skipped":0,"pct":0},"statements":{"total":38,"covered":0,"skipped":0,"pct":0},"branches":{"total":12,"covered":0,"skipped":0,"pct":0}}
,"/mnt/wsl/docker-desktop-bind-mounts/Ubuntu/975b30c0f2abfbfeafe422fd2d8e29b4f90230bb31601c9eb4b185b5b3d516d0/apps/web/src/app/admin/gpu-monitor/page.tsx": {"lines":{"total":1,"covered":0,"skipped":0,"pct":0},"functions":{"total":1,"covered":0,"skipped":0,"pct":0},"statements":{"total":1,"covered":0,"skipped":0,"pct":0},"branches":{"total":0,"covered":0,"skipped":0,"pct":100}}
,"/mnt/wsl/docker-desktop-bind-mounts/Ubuntu/975b30c0f2abfbfeafe422fd2d8e29b4f90230bb31601c9eb4b185b5b3d516d0/apps/web/src/app/admin/launch/page.tsx": {"lines":{"total":26,"covered":0,"skipped":0,"pct":0},"functions":{"total":8,"covered":0,"skipped":0,"pct":0},"statements":{"total":26,"covered":0,"skipped":0,"pct":0},"branches":{"total":13,"covered":0,"skipped":0,"pct":0}}
,"/mnt/wsl/docker-desktop-bind-mounts/Ubuntu/975b30c0f2abfbfeafe422fd2d8e29b4f90230bb31601c9eb4b185b5b3d516d0/apps/web/src/app/admin/ml-training/page.tsx": {"lines":{"total":5,"covered":0,"skipped":0,"pct":0},"functions":{"total":3,"covered":0,"skipped":0,"pct":0},"statements":{"total":5,"covered":0,"skipped":0,"pct":0},"branches":{"total":0,"covered":0,"skipped":0,"pct":100}}
,"/mnt/wsl/docker-desktop-bind-mounts/Ubuntu/975b30c0f2abfbfeafe422fd2d8e29b4f90230bb31601c9eb4b185b5b3d516d0/apps/web/src/app/admin/ownership/page.tsx": {"lines":{"total":81,"covered":0,"skipped":0,"pct":0},"functions":{"total":27,"covered":0,"skipped":0,"pct":0},"statements":{"total":81,"covered":0,"skipped":0,"pct":0},"branches":{"total":48,"covered":0,"skipped":0,"pct":0}}
,"/mnt/wsl/docker-desktop-bind-mounts/Ubuntu/975b30c0f2abfbfeafe422fd2d8e29b4f90230bb31601c9eb4b185b5b3d516d0/apps/web/src/app/admin/rate-limits/page.tsx": {"lines":{"total":3,"covered":0,"skipped":0,"pct":0},"functions":{"total":1,"covered":0,"skipped":0,"pct":0},"statements":{"total":4,"covered":0,"skipped":0,"pct":0},"branches":{"total":0,"covered":0,"skipped":0,"pct":100}}
,"/mnt/wsl/docker-desktop-bind-mounts/Ubuntu/975b30c0f2abfbfeafe422fd2d8e29b4f90230bb31601c9eb4b185b5b3d516d0/apps/web/src/app/admin/trading/page.tsx": {"lines":{"total":103,"covered":0,"skipped":0,"pct":0},"functions":{"total":22,"covered":0,"skipped":0,"pct":0},"statements":{"total":108,"covered":0,"skipped":0,"pct":0},"branches":{"total":84,"covered":0,"skipped":0,"pct":0}}
,"/mnt/wsl/docker-desktop-bind-mounts/Ubuntu/975b30c0f2abfbfeafe422fd2d8e29b4f90230bb31601c9eb4b185b5b3d516d0/apps/web/src/app/agents/page.tsx": {"lines":{"total":24,"covered":0,"skipped":0,"pct":0},"functions":{"total":10,"covered":0,"skipped":0,"pct":0},"statements":{"total":26,"covered":0,"skipped":0,"pct":0},"branches":{"total":12,"covered":0,"skipped":0,"pct":0}}
,"/mnt/wsl/docker-desktop-bind-mounts/Ubuntu/975b30c0f2abfbfeafe422fd2d8e29b4f90230bb31601c9eb4b185b5b3d516d0/apps/web/src/app/analytics/page.tsx": {"lines":{"total":9,"covered":0,"skipped":0,"pct":0},"functions":{"total":2,"covered":0,"skipped":0,"pct":0},"statements":{"total":9,"covered":0,"skipped":0,"pct":0},"branches":{"total":0,"covered":0,"skipped":0,"pct":100}}
,"/mnt/wsl/docker-desktop-bind-mounts/Ubuntu/975b30c0f2abfbfeafe422fd2d8e29b4f90230bb31601c9eb4b185b5b3d516d0/apps/web/src/app/api/admin/auth/login/route.ts": {"lines":{"total":72,"covered":0,"skipped":0,"pct":0},"functions":{"total":3,"covered":0,"skipped":0,"pct":0},"statements":{"total":73,"covered":0,"skipped":0,"pct":0},"branches":{"total":56,"covered":0,"skipped":0,"pct":0}}
,"/mnt/wsl/docker-desktop-bind-mounts/Ubuntu/975b30c0f2abfbfeafe422fd2d8e29b4f90230bb31601c9eb4b185b5b3d516d0/apps/web/src/app/api/admin/auth/logout/route.ts": {"lines":{"total":23,"covered":0,"skipped":0,"pct":0},"functions":{"total":1,"covered":0,"skipped":0,"pct":0},"statements":{"total":23,"covered":0,"skipped":0,"pct":0},"branches":{"total":10,"covered":0,"skipped":0,"pct":0}}
,"/mnt/wsl/docker-desktop-bind-mounts/Ubuntu/975b30c0f2abfbfeafe422fd2d8e29b4f90230bb31601c9eb4b185b5b3d516d0/apps/web/src/app/api/admin/client-info/route.ts": {"lines":{"total":7,"covered":0,"skipped":0,"pct":0},"functions":{"total":1,"covered":0,"skipped":0,"pct":0},"statements":{"total":7,"covered":0,"skipped":0,"pct":0},"branches":{"total":8,"covered":0,"skipped":0,"pct":0}}
,"/mnt/wsl/docker-desktop-bind-mounts/Ubuntu/975b30c0f2abfbfeafe422fd2d8e29b4f90230bb31601c9eb4b185b5b3d516d0/apps/web/src/app/api/admin/collect-data/route.ts": {"lines":{"total":17,"covered":0,"skipped":0,"pct":0},"functions":{"total":1,"covered":0,"skipped":0,"pct":0},"statements":{"total":17,"covered":0,"skipped":0,"pct":0},"branches":{"total":5,"covered":0,"skipped":0,"pct":0}}
,"/mnt/wsl/docker-desktop-bind-mounts/Ubuntu/975b30c0f2abfbfeafe422fd2d8e29b4f90230bb31601c9eb4b185b5b3d516d0/apps/web/src/app/api/admin/optimize/route.ts": {"lines":{"total":89,"covered":0,"skipped":0,"pct":0},"functions":{"total":20,"covered":0,"skipped":0,"pct":0},"statements":{"total":100,"covered":0,"skipped":0,"pct":0},"branches":{"total":72,"covered":0,"skipped":0,"pct":0}}
,"/mnt/wsl/docker-desktop-bind-mounts/Ubuntu/975b30c0f2abfbfeafe422fd2d8e29b4f90230bb31601c9eb4b185b5b3d516d0/apps/web/src/app/api/admin/predict/route.ts": {"lines":{"total":58,"covered":0,"skipped":0,"pct":0},"functions":{"total":8,"covered":0,"skipped":0,"pct":0},"statements":{"total":60,"covered":0,"skipped":0,"pct":0},"branches":{"total":41,"covered":0,"skipped":0,"pct":0}}
,"/mnt/wsl/docker-desktop-bind-mounts/Ubuntu/975b30c0f2abfbfeafe422fd2d8e29b4f90230bb31601c9eb4b185b5b3d516d0/apps/web/src/app/api/admin/rate-limits/stats/route.ts": {"lines":{"total":44,"covered":0,"skipped":0,"pct":0},"functions":{"total":9,"covered":0,"skipped":0,"pct":0},"statements":{"total":45,"covered":0,"skipped":0,"pct":0},"branches":{"total":17,"covered":0,"skipped":0,"pct":0}}
,"/mnt/wsl/docker-desktop-bind-mounts/Ubuntu/975b30c0f2abfbfeafe422fd2d8e29b4f90230bb31601c9eb4b185b5b3d516d0/apps/web/src/app/api/admin/rate-limits/stream/route.ts": {"lines":{"total":43,"covered":0,"skipped":0,"pct":0},"functions":{"total":11,"covered":0,"skipped":0,"pct":0},"statements":{"total":44,"covered":0,"skipped":0,"pct":0},"branches":{"total":8,"covered":0,"skipped":0,"pct":0}}
,"/mnt/wsl/docker-desktop-bind-mounts/Ubuntu/975b30c0f2abfbfeafe422fd2d8e29b4f90230bb31601c9eb4b185b5b3d516d0/apps/web/src/app/api/admin/rate-limits/unblock/route.ts": {"lines":{"total":18,"covered":0,"skipped":0,"pct":0},"functions":{"total":1,"covered":0,"skipped":0,"pct":0},"statements":{"total":18,"covered":0,"skipped":0,"pct":0},"branches":{"total":4,"covered":0,"skipped":0,"pct":0}}
,"/mnt/wsl/docker-desktop-bind-mounts/Ubuntu/975b30c0f2abfbfeafe422fd2d8e29b4f90230bb31601c9eb4b185b5b3d516d0/apps/web/src/app/api/admin/sessions/route.ts": {"lines":{"total":76,"covered":0,"skipped":0,"pct":0},"functions":{"total":5,"covered":0,"skipped":0,"pct":0},"statements":{"total":78,"covered":0,"skipped":0,"pct":0},"branches":{"total":38,"covered":0,"skipped":0,"pct":0}}
,"/mnt/wsl/docker-desktop-bind-mounts/Ubuntu/975b30c0f2abfbfeafe422fd2d8e29b4f90230bb31601c9eb4b185b5b3d516d0/apps/web/src/app/api/admin/sessions/[sessionId]/route.ts": {"lines":{"total":30,"covered":0,"skipped":0,"pct":0},"functions":{"total":2,"covered":0,"skipped":0,"pct":0},"statements":{"total":31,"covered":0,"skipped":0,"pct":0},"branches":{"total":14,"covered":0,"skipped":0,"pct":0}}
,"/mnt/wsl/docker-desktop-bind-mounts/Ubuntu/975b30c0f2abfbfeafe422fd2d8e29b4f90230bb31601c9eb4b185b5b3d516d0/apps/web/src/app/api/admin/sessions/revoke-all/route.ts": {"lines":{"total":29,"covered":0,"skipped":0,"pct":0},"functions":{"total":1,"covered":0,"skipped":0,"pct":0},"statements":{"total":29,"covered":0,"skipped":0,"pct":0},"branches":{"total":12,"covered":0,"skipped":0,"pct":0}}
,"/mnt/wsl/docker-desktop-bind-mounts/Ubuntu/975b30c0f2abfbfeafe422fd2d8e29b4f90230bb31601c9eb4b185b5b3d516d0/apps/web/src/app/api/admin/stats/route.ts": {"lines":{"total":36,"covered":0,"skipped":0,"pct":0},"functions":{"total":2,"covered":0,"skipped":0,"pct":0},"statements":{"total":37,"covered":0,"skipped":0,"pct":0},"branches":{"total":8,"covered":0,"skipped":0,"pct":0}}
,"/mnt/wsl/docker-desktop-bind-mounts/Ubuntu/975b30c0f2abfbfeafe422fd2d8e29b4f90230bb31601c9eb4b185b5b3d516d0/apps/web/src/app/api/admin/trading/orchestrate/route.ts": {"lines":{"total":73,"covered":0,"skipped":0,"pct":0},"functions":{"total":23,"covered":0,"skipped":0,"pct":0},"statements":{"total":74,"covered":0,"skipped":0,"pct":0},"branches":{"total":31,"covered":0,"skipped":0,"pct":0}}
,"/mnt/wsl/docker-desktop-bind-mounts/Ubuntu/975b30c0f2abfbfeafe422fd2d8e29b4f90230bb31601c9eb4b185b5b3d516d0/apps/web/src/app/api/analytics/voice-query/route.ts": {"lines":{"total":75,"covered":0,"skipped":0,"pct":0},"functions":{"total":19,"covered":0,"skipped":0,"pct":0},"statements":{"total":77,"covered":0,"skipped":0,"pct":0},"branches":{"total":23,"covered":0,"skipped":0,"pct":0}}
,"/mnt/wsl/docker-desktop-bind-mounts/Ubuntu/975b30c0f2abfbfeafe422fd2d8e29b4f90230bb31601c9eb4b185b5b3d516d0/apps/web/src/app/api/auth/callback/google/route.ts": {"lines":{"total":21,"covered":0,"skipped":0,"pct":0},"functions":{"total":1,"covered":0,"skipped":0,"pct":0},"statements":{"total":21,"covered":0,"skipped":0,"pct":0},"branches":{"total":5,"covered":0,"skipped":0,"pct":0}}
,"/mnt/wsl/docker-desktop-bind-mounts/Ubuntu/975b30c0f2abfbfeafe422fd2d8e29b4f90230bb31601c9eb4b185b5b3d516d0/apps/web/src/app/api/auth/callback/yahoo/route.ts": {"lines":{"total":34,"covered":0,"skipped":0,"pct":0},"functions":{"total":1,"covered":0,"skipped":0,"pct":0},"statements":{"total":34,"covered":0,"skipped":0,"pct":0},"branches":{"total":24,"covered":0,"skipped":0,"pct":0}}
,"/mnt/wsl/docker-desktop-bind-mounts/Ubuntu/975b30c0f2abfbfeafe422fd2d8e29b4f90230bb31601c9eb4b185b5b3d516d0/apps/web/src/app/api/auth/check/route.ts": {"lines":{"total":24,"covered":0,"skipped":0,"pct":0},"functions":{"total":1,"covered":0,"skipped":0,"pct":0},"statements":{"total":24,"covered":0,"skipped":0,"pct":0},"branches":{"total":14,"covered":0,"skipped":0,"pct":0}}
,"/mnt/wsl/docker-desktop-bind-mounts/Ubuntu/975b30c0f2abfbfeafe422fd2d8e29b4f90230bb31601c9eb4b185b5b3d516d0/apps/web/src/app/api/auth/google/connect/route.ts": {"lines":{"total":31,"covered":0,"skipped":0,"pct":0},"functions":{"total":2,"covered":0,"skipped":0,"pct":0},"statements":{"total":31,"covered":0,"skipped":0,"pct":0},"branches":{"total":11,"covered":0,"skipped":0,"pct":0}}
,"/mnt/wsl/docker-desktop-bind-mounts/Ubuntu/975b30c0f2abfbfeafe422fd2d8e29b4f90230bb31601c9eb4b185b5b3d516d0/apps/web/src/app/api/auth/yahoo/connect/route.ts": {"lines":{"total":31,"covered":0,"skipped":0,"pct":0},"functions":{"total":2,"covered":0,"skipped":0,"pct":0},"statements":{"total":31,"covered":0,"skipped":0,"pct":0},"branches":{"total":11,"covered":0,"skipped":0,"pct":0}}
,"/mnt/wsl/docker-desktop-bind-mounts/Ubuntu/975b30c0f2abfbfeafe422fd2d8e29b4f90230bb31601c9eb4b185b5b3d516d0/apps/web/src/app/api/avatars/route.ts": {"lines":{"total":83,"covered":0,"skipped":0,"pct":0},"functions":{"total":4,"covered":0,"skipped":0,"pct":0},"statements":{"total":83,"covered":0,"skipped":0,"pct":0},"branches":{"total":64,"covered":0,"skipped":0,"pct":0}}
,"/mnt/wsl/docker-desktop-bind-mounts/Ubuntu/975b30c0f2abfbfeafe422fd2d8e29b4f90230bb31601c9eb4b185b5b3d516d0/apps/web/src/app/api/bankroll/history/route.ts": {"lines":{"total":137,"covered":0,"skipped":0,"pct":0},"functions":{"total":18,"covered":0,"skipped":0,"pct":0},"statements":{"total":147,"covered":0,"skipped":0,"pct":0},"branches":{"total":112,"covered":0,"skipped":0,"pct":0}}
,"/mnt/wsl/docker-desktop-bind-mounts/Ubuntu/975b30c0f2abfbfeafe422fd2d8e29b4f90230bb31601c9eb4b185b5b3d516d0/apps/web/src/app/api/bankroll/kelly/route.ts": {"lines":{"total":151,"covered":0,"skipped":0,"pct":0},"functions":{"total":28,"covered":0,"skipped":0,"pct":0},"statements":{"total":167,"covered":0,"skipped":0,"pct":0},"branches":{"total":105,"covered":0,"skipped":0,"pct":0}}
,"/mnt/wsl/docker-desktop-bind-mounts/Ubuntu/975b30c0f2abfbfeafe422fd2d8e29b4f90230bb31601c9eb4b185b5b3d516d0/apps/web/src/app/api/bankroll/user/route.ts": {"lines":{"total":133,"covered":0,"skipped":0,"pct":0},"functions":{"total":8,"covered":0,"skipped":0,"pct":0},"statements":{"total":156,"covered":0,"skipped":0,"pct":0},"branches":{"total":115,"covered":0,"skipped":0,"pct":0}}
,"/mnt/wsl/docker-desktop-bind-mounts/Ubuntu/975b30c0f2abfbfeafe422fd2d8e29b4f90230bb31601c9eb4b185b5b3d516d0/apps/web/src/app/api/cache/route.ts": {"lines":{"total":39,"covered":0,"skipped":0,"pct":0},"functions":{"total":2,"covered":0,"skipped":0,"pct":0},"statements":{"total":39,"covered":0,"skipped":0,"pct":0},"branches":{"total":13,"covered":0,"skipped":0,"pct":0}}
,"/mnt/wsl/docker-desktop-bind-mounts/Ubuntu/975b30c0f2abfbfeafe422fd2d8e29b4f90230bb31601c9eb4b185b5b3d516d0/apps/web/src/app/api/contests/route.ts": {"lines":{"total":23,"covered":0,"skipped":0,"pct":0},"functions":{"total":2,"covered":0,"skipped":0,"pct":0},"statements":{"total":23,"covered":0,"skipped":0,"pct":0},"branches":{"total":27,"covered":0,"skipped":0,"pct":0}}
,"/mnt/wsl/docker-desktop-bind-mounts/Ubuntu/975b30c0f2abfbfeafe422fd2d8e29b4f90230bb31601c9eb4b185b5b3d516d0/apps/web/src/app/api/contests/optimal/route.ts": {"lines":{"total":14,"covered":0,"skipped":0,"pct":0},"functions":{"total":3,"covered":0,"skipped":0,"pct":0},"statements":{"total":15,"covered":0,"skipped":0,"pct":0},"branches":{"total":2,"covered":0,"skipped":0,"pct":0}}
,"/mnt/wsl/docker-desktop-bind-mounts/Ubuntu/975b30c0f2abfbfeafe422fd2d8e29b4f90230bb31601c9eb4b185b5b3d516d0/apps/web/src/app/api/draft/analysis/route.ts": {"lines":{"total":25,"covered":0,"skipped":0,"pct":0},"functions":{"total":4,"covered":0,"skipped":0,"pct":0},"statements":{"total":26,"covered":0,"skipped":0,"pct":0},"branches":{"total":7,"covered":0,"skipped":0,"pct":0}}
,"/mnt/wsl/docker-desktop-bind-mounts/Ubuntu/975b30c0f2abfbfeafe422fd2d8e29b4f90230bb31601c9eb4b185b5b3d516d0/apps/web/src/app/api/draft/chat/route.ts": {"lines":{"total":92,"covered":0,"skipped":0,"pct":0},"functions":{"total":9,"covered":0,"skipped":0,"pct":0},"statements":{"total":93,"covered":0,"skipped":0,"pct":0},"branches":{"total":39,"covered":0,"skipped":0,"pct":0}}
,"/mnt/wsl/docker-desktop-bind-mounts/Ubuntu/975b30c0f2abfbfeafe422fd2d8e29b4f90230bb31601c9eb4b185b5b3d516d0/apps/web/src/app/api/draft/pick/route.ts": {"lines":{"total":28,"covered":0,"skipped":0,"pct":0},"functions":{"total":3,"covered":0,"skipped":0,"pct":0},"statements":{"total":28,"covered":0,"skipped":0,"pct":0},"branches":{"total":9,"covered":0,"skipped":0,"pct":0}}
,"/mnt/wsl/docker-desktop-bind-mounts/Ubuntu/975b30c0f2abfbfeafe422fd2d8e29b4f90230bb31601c9eb4b185b5b3d516d0/apps/web/src/app/api/draft/websocket/route.ts": {"lines":{"total":171,"covered":0,"skipped":0,"pct":0},"functions":{"total":25,"covered":0,"skipped":0,"pct":0},"statements":{"total":179,"covered":0,"skipped":0,"pct":0},"branches":{"total":52,"covered":0,"skipped":0,"pct":0}}
,"/mnt/wsl/docker-desktop-bind-mounts/Ubuntu/975b30c0f2abfbfeafe422fd2d8e29b4f90230bb31601c9eb4b185b5b3d516d0/apps/web/src/app/api/dynasty/assets/route.ts": {"lines":{"total":37,"covered":0,"skipped":0,"pct":0},"functions":{"total":9,"covered":0,"skipped":0,"pct":0},"statements":{"total":39,"covered":0,"skipped":0,"pct":0},"branches":{"total":32,"covered":0,"skipped":0,"pct":0}}
,"/mnt/wsl/docker-desktop-bind-mounts/Ubuntu/975b30c0f2abfbfeafe422fd2d8e29b4f90230bb31601c9eb4b185b5b3d516d0/apps/web/src/app/api/dynasty/championship-window/route.ts": {"lines":{"total":33,"covered":0,"skipped":0,"pct":0},"functions":{"total":7,"covered":0,"skipped":0,"pct":0},"statements":{"total":34,"covered":0,"skipped":0,"pct":0},"branches":{"total":12,"covered":0,"skipped":0,"pct":0}}
,"/mnt/wsl/docker-desktop-bind-mounts/Ubuntu/975b30c0f2abfbfeafe422fd2d8e29b4f90230bb31601c9eb4b185b5b3d516d0/apps/web/src/app/api/dynasty/keeper-recommendations/route.ts": {"lines":{"total":32,"covered":0,"skipped":0,"pct":0},"functions":{"total":3,"covered":0,"skipped":0,"pct":0},"statements":{"total":32,"covered":0,"skipped":0,"pct":0},"branches":{"total":12,"covered":0,"skipped":0,"pct":0}}
,"/mnt/wsl/docker-desktop-bind-mounts/Ubuntu/975b30c0f2abfbfeafe422fd2d8e29b4f90230bb31601c9eb4b185b5b3d516d0/apps/web/src/app/api/dynasty/team-strategy/route.ts": {"lines":{"total":26,"covered":0,"skipped":0,"pct":0},"functions":{"total":1,"covered":0,"skipped":0,"pct":0},"statements":{"total":26,"covered":0,"skipped":0,"pct":0},"branches":{"total":20,"covered":0,"skipped":0,"pct":0}}
,"/mnt/wsl/docker-desktop-bind-mounts/Ubuntu/975b30c0f2abfbfeafe422fd2d8e29b4f90230bb31601c9eb4b185b5b3d516d0/apps/web/src/app/api/dynasty/trade-analysis/route.ts": {"lines":{"total":51,"covered":0,"skipped":0,"pct":0},"functions":{"total":9,"covered":0,"skipped":0,"pct":0},"statements":{"total":52,"covered":0,"skipped":0,"pct":0},"branches":{"total":28,"covered":0,"skipped":0,"pct":0}}
,"/mnt/wsl/docker-desktop-bind-mounts/Ubuntu/975b30c0f2abfbfeafe422fd2d8e29b4f90230bb31601c9eb4b185b5b3d516d0/apps/web/src/app/api/health/route.ts": {"lines":{"total":37,"covered":0,"skipped":0,"pct":0},"functions":{"total":4,"covered":0,"skipped":0,"pct":0},"statements":{"total":38,"covered":0,"skipped":0,"pct":0},"branches":{"total":19,"covered":0,"skipped":0,"pct":0}}
,"/mnt/wsl/docker-desktop-bind-mounts/Ubuntu/975b30c0f2abfbfeafe422fd2d8e29b4f90230bb31601c9eb4b185b5b3d516d0/apps/web/src/app/api/injuries/route.ts": {"lines":{"total":47,"covered":0,"skipped":0,"pct":0},"functions":{"total":3,"covered":0,"skipped":0,"pct":0},"statements":{"total":47,"covered":0,"skipped":0,"pct":0},"branches":{"total":15,"covered":0,"skipped":0,"pct":0}}
,"/mnt/wsl/docker-desktop-bind-mounts/Ubuntu/975b30c0f2abfbfeafe422fd2d8e29b4f90230bb31601c9eb4b185b5b3d516d0/apps/web/src/app/api/league-memory/insights/route.ts": {"lines":{"total":18,"covered":0,"skipped":0,"pct":0},"functions":{"total":2,"covered":0,"skipped":0,"pct":0},"statements":{"total":19,"covered":0,"skipped":0,"pct":0},"branches":{"total":7,"covered":0,"skipped":0,"pct":0}}
,"/mnt/wsl/docker-desktop-bind-mounts/Ubuntu/975b30c0f2abfbfeafe422fd2d8e29b4f90230bb31601c9eb4b185b5b3d516d0/apps/web/src/app/api/league-memory/patterns/route.ts": {"lines":{"total":21,"covered":0,"skipped":0,"pct":0},"functions":{"total":2,"covered":0,"skipped":0,"pct":0},"statements":{"total":21,"covered":0,"skipped":0,"pct":0},"branches":{"total":8,"covered":0,"skipped":0,"pct":0}}
,"/mnt/wsl/docker-desktop-bind-mounts/Ubuntu/975b30c0f2abfbfeafe422fd2d8e29b4f90230bb31601c9eb4b185b5b3d516d0/apps/web/src/app/api/league-memory/predictions/route.ts": {"lines":{"total":18,"covered":0,"skipped":0,"pct":0},"functions":{"total":2,"covered":0,"skipped":0,"pct":0},"statements":{"total":19,"covered":0,"skipped":0,"pct":0},"branches":{"total":7,"covered":0,"skipped":0,"pct":0}}
,"/mnt/wsl/docker-desktop-bind-mounts/Ubuntu/975b30c0f2abfbfeafe422fd2d8e29b4f90230bb31601c9eb4b185b5b3d516d0/apps/web/src/app/api/league-memory/profiles/route.ts": {"lines":{"total":22,"covered":0,"skipped":0,"pct":0},"functions":{"total":1,"covered":0,"skipped":0,"pct":0},"statements":{"total":24,"covered":0,"skipped":0,"pct":0},"branches":{"total":5,"covered":0,"skipped":0,"pct":0}}
,"/mnt/wsl/docker-desktop-bind-mounts/Ubuntu/975b30c0f2abfbfeafe422fd2d8e29b4f90230bb31601c9eb4b185b5b3d516d0/apps/web/src/app/api/leagues/route.ts": {"lines":{"total":31,"covered":0,"skipped":0,"pct":0},"functions":{"total":4,"covered":0,"skipped":0,"pct":0},"statements":{"total":31,"covered":0,"skipped":0,"pct":0},"branches":{"total":9,"covered":0,"skipped":0,"pct":0}}
,"/mnt/wsl/docker-desktop-bind-mounts/Ubuntu/975b30c0f2abfbfeafe422fd2d8e29b4f90230bb31601c9eb4b185b5b3d516d0/apps/web/src/app/api/leagues/create/route.ts": {"lines":{"total":45,"covered":0,"skipped":0,"pct":0},"functions":{"total":10,"covered":0,"skipped":0,"pct":0},"statements":{"total":50,"covered":0,"skipped":0,"pct":0},"branches":{"total":25,"covered":0,"skipped":0,"pct":0}}
,"/mnt/wsl/docker-desktop-bind-mounts/Ubuntu/975b30c0f2abfbfeafe422fd2d8e29b4f90230bb31601c9eb4b185b5b3d516d0/apps/web/src/app/api/leagues/optimized/route.ts": {"lines":{"total":47,"covered":0,"skipped":0,"pct":0},"functions":{"total":6,"covered":0,"skipped":0,"pct":0},"statements":{"total":49,"covered":0,"skipped":0,"pct":0},"branches":{"total":9,"covered":0,"skipped":0,"pct":0}}
,"/mnt/wsl/docker-desktop-bind-mounts/Ubuntu/975b30c0f2abfbfeafe422fd2d8e29b4f90230bb31601c9eb4b185b5b3d516d0/apps/web/src/app/api/leagues/templates/route.ts": {"lines":{"total":27,"covered":0,"skipped":0,"pct":0},"functions":{"total":7,"covered":0,"skipped":0,"pct":0},"statements":{"total":31,"covered":0,"skipped":0,"pct":0},"branches":{"total":3,"covered":0,"skipped":0,"pct":0}}
,"/mnt/wsl/docker-desktop-bind-mounts/Ubuntu/975b30c0f2abfbfeafe422fd2d8e29b4f90230bb31601c9eb4b185b5b3d516d0/apps/web/src/app/api/leagues/validate/route.ts": {"lines":{"total":118,"covered":0,"skipped":0,"pct":0},"functions":{"total":9,"covered":0,"skipped":0,"pct":0},"statements":{"total":118,"covered":0,"skipped":0,"pct":0},"branches":{"total":95,"covered":0,"skipped":0,"pct":0}}
,"/mnt/wsl/docker-desktop-bind-mounts/Ubuntu/975b30c0f2abfbfeafe422fd2d8e29b4f90230bb31601c9eb4b185b5b3d516d0/apps/web/src/app/api/lineup-builder/optimize/route.ts": {"lines":{"total":79,"covered":0,"skipped":0,"pct":0},"functions":{"total":6,"covered":0,"skipped":0,"pct":0},"statements":{"total":81,"covered":0,"skipped":0,"pct":0},"branches":{"total":36,"covered":0,"skipped":0,"pct":0}}
,"/mnt/wsl/docker-desktop-bind-mounts/Ubuntu/975b30c0f2abfbfeafe422fd2d8e29b4f90230bb31601c9eb4b185b5b3d516d0/apps/web/src/app/api/lineup-builder/players/route.ts": {"lines":{"total":69,"covered":0,"skipped":0,"pct":0},"functions":{"total":21,"covered":0,"skipped":0,"pct":0},"statements":{"total":77,"covered":0,"skipped":0,"pct":0},"branches":{"total":55,"covered":0,"skipped":0,"pct":0}}
,"/mnt/wsl/docker-desktop-bind-mounts/Ubuntu/975b30c0f2abfbfeafe422fd2d8e29b4f90230bb31601c9eb4b185b5b3d516d0/apps/web/src/app/api/lineup-builder/stacks/route.ts": {"lines":{"total":125,"covered":0,"skipped":0,"pct":0},"functions":{"total":41,"covered":0,"skipped":0,"pct":0},"statements":{"total":140,"covered":0,"skipped":0,"pct":0},"branches":{"total":80,"covered":0,"skipped":0,"pct":0}}
,"/mnt/wsl/docker-desktop-bind-mounts/Ubuntu/975b30c0f2abfbfeafe422fd2d8e29b4f90230bb31601c9eb4b185b5b3d516d0/apps/web/src/app/api/live-scores/alerts/route.ts": {"lines":{"total":143,"covered":0,"skipped":0,"pct":0},"functions":{"total":30,"covered":0,"skipped":0,"pct":0},"statements":{"total":147,"covered":0,"skipped":0,"pct":0},"branches":{"total":71,"covered":0,"skipped":0,"pct":0}}
,"/mnt/wsl/docker-desktop-bind-mounts/Ubuntu/975b30c0f2abfbfeafe422fd2d8e29b4f90230bb31601c9eb4b185b5b3d516d0/apps/web/src/app/api/live-scores/games/route.ts": {"lines":{"total":76,"covered":0,"skipped":0,"pct":0},"functions":{"total":14,"covered":0,"skipped":0,"pct":0},"statements":{"total":87,"covered":0,"skipped":0,"pct":0},"branches":{"total":29,"covered":0,"skipped":0,"pct":0}}
,"/mnt/wsl/docker-desktop-bind-mounts/Ubuntu/975b30c0f2abfbfeafe422fd2d8e29b4f90230bb31601c9eb4b185b5b3d516d0/apps/web/src/app/api/live-scores/players/route.ts": {"lines":{"total":145,"covered":0,"skipped":0,"pct":0},"functions":{"total":23,"covered":0,"skipped":0,"pct":0},"statements":{"total":151,"covered":0,"skipped":0,"pct":0},"branches":{"total":112,"covered":0,"skipped":0,"pct":0}}
,"/mnt/wsl/docker-desktop-bind-mounts/Ubuntu/975b30c0f2abfbfeafe422fd2d8e29b4f90230bb31601c9eb4b185b5b3d516d0/apps/web/src/app/api/logs/route.ts": {"lines":{"total":34,"covered":0,"skipped":0,"pct":0},"functions":{"total":4,"covered":0,"skipped":0,"pct":0},"statements":{"total":34,"covered":0,"skipped":0,"pct":0},"branches":{"total":9,"covered":0,"skipped":0,"pct":0}}
,"/mnt/wsl/docker-desktop-bind-mounts/Ubuntu/975b30c0f2abfbfeafe422fd2d8e29b4f90230bb31601c9eb4b185b5b3d516d0/apps/web/src/app/api/optimize/mcp-workflow/route.ts": {"lines":{"total":29,"covered":0,"skipped":0,"pct":0},"functions":{"total":4,"covered":0,"skipped":0,"pct":0},"statements":{"total":31,"covered":0,"skipped":0,"pct":0},"branches":{"total":6,"covered":0,"skipped":0,"pct":0}}
,"/mnt/wsl/docker-desktop-bind-mounts/Ubuntu/975b30c0f2abfbfeafe422fd2d8e29b4f90230bb31601c9eb4b185b5b3d516d0/apps/web/src/app/api/oracle/prophecy/route.ts": {"lines":{"total":83,"covered":0,"skipped":0,"pct":0},"functions":{"total":6,"covered":0,"skipped":0,"pct":0},"statements":{"total":83,"covered":0,"skipped":0,"pct":0},"branches":{"total":19,"covered":0,"skipped":0,"pct":0}}
,"/mnt/wsl/docker-desktop-bind-mounts/Ubuntu/975b30c0f2abfbfeafe422fd2d8e29b4f90230bb31601c9eb4b185b5b3d516d0/apps/web/src/app/api/oracle/query/route.ts": {"lines":{"total":46,"covered":0,"skipped":0,"pct":0},"functions":{"total":4,"covered":0,"skipped":0,"pct":0},"statements":{"total":46,"covered":0,"skipped":0,"pct":0},"branches":{"total":14,"covered":0,"skipped":0,"pct":0}}
,"/mnt/wsl/docker-desktop-bind-mounts/Ubuntu/975b30c0f2abfbfeafe422fd2d8e29b4f90230bb31601c9eb4b185b5b3d516d0/apps/web/src/app/api/oracle/session/route.ts": {"lines":{"total":64,"covered":0,"skipped":0,"pct":0},"functions":{"total":4,"covered":0,"skipped":0,"pct":0},"statements":{"total":64,"covered":0,"skipped":0,"pct":0},"branches":{"total":11,"covered":0,"skipped":0,"pct":0}}
,"/mnt/wsl/docker-desktop-bind-mounts/Ubuntu/975b30c0f2abfbfeafe422fd2d8e29b4f90230bb31601c9eb4b185b5b3d516d0/apps/web/src/app/api/oracle/summon-specialist/route.ts": {"lines":{"total":36,"covered":0,"skipped":0,"pct":0},"functions":{"total":5,"covered":0,"skipped":0,"pct":0},"statements":{"total":36,"covered":0,"skipped":0,"pct":0},"branches":{"total":6,"covered":0,"skipped":0,"pct":0}}
,"/mnt/wsl/docker-desktop-bind-mounts/Ubuntu/975b30c0f2abfbfeafe422fd2d8e29b4f90230bb31601c9eb4b185b5b3d516d0/apps/web/src/app/api/ownership/route.ts": {"lines":{"total":84,"covered":0,"skipped":0,"pct":0},"functions":{"total":20,"covered":0,"skipped":0,"pct":0},"statements":{"total":85,"covered":0,"skipped":0,"pct":0},"branches":{"total":37,"covered":0,"skipped":0,"pct":0}}
,"/mnt/wsl/docker-desktop-bind-mounts/Ubuntu/975b30c0f2abfbfeafe422fd2d8e29b4f90230bb31601c9eb4b185b5b3d516d0/apps/web/src/app/api/ownership/chalk/route.ts": {"lines":{"total":87,"covered":0,"skipped":0,"pct":0},"functions":{"total":19,"covered":0,"skipped":0,"pct":0},"statements":{"total":90,"covered":0,"skipped":0,"pct":0},"branches":{"total":40,"covered":0,"skipped":0,"pct":0}}
,"/mnt/wsl/docker-desktop-bind-mounts/Ubuntu/975b30c0f2abfbfeafe422fd2d8e29b4f90230bb31601c9eb4b185b5b3d516d0/apps/web/src/app/api/ownership/leverage/route.ts": {"lines":{"total":95,"covered":0,"skipped":0,"pct":0},"functions":{"total":18,"covered":0,"skipped":0,"pct":0},"statements":{"total":99,"covered":0,"skipped":0,"pct":0},"branches":{"total":45,"covered":0,"skipped":0,"pct":0}}
,"/mnt/wsl/docker-desktop-bind-mounts/Ubuntu/975b30c0f2abfbfeafe422fd2d8e29b4f90230bb31601c9eb4b185b5b3d516d0/apps/web/src/app/api/ownership/v2/route.ts": {"lines":{"total":152,"covered":0,"skipped":0,"pct":0},"functions":{"total":41,"covered":0,"skipped":0,"pct":0},"statements":{"total":168,"covered":0,"skipped":0,"pct":0},"branches":{"total":65,"covered":0,"skipped":0,"pct":0}}
,"/mnt/wsl/docker-desktop-bind-mounts/Ubuntu/975b30c0f2abfbfeafe422fd2d8e29b4f90230bb31601c9eb4b185b5b3d516d0/apps/web/src/app/api/platform-connections/yahoo/route.ts": {"lines":{"total":16,"covered":0,"skipped":0,"pct":0},"functions":{"total":1,"covered":0,"skipped":0,"pct":0},"statements":{"total":16,"covered":0,"skipped":0,"pct":0},"branches":{"total":8,"covered":0,"skipped":0,"pct":0}}
,"/mnt/wsl/docker-desktop-bind-mounts/Ubuntu/975b30c0f2abfbfeafe422fd2d8e29b4f90230bb31601c9eb4b185b5b3d516d0/apps/web/src/app/api/players/route.ts": {"lines":{"total":32,"covered":0,"skipped":0,"pct":0},"functions":{"total":8,"covered":0,"skipped":0,"pct":0},"statements":{"total":37,"covered":0,"skipped":0,"pct":0},"branches":{"total":21,"covered":0,"skipped":0,"pct":0}}
,"/mnt/wsl/docker-desktop-bind-mounts/Ubuntu/975b30c0f2abfbfeafe422fd2d8e29b4f90230bb31601c9eb4b185b5b3d516d0/apps/web/src/app/api/players/[playerId]/avatar/route.ts": {"lines":{"total":38,"covered":0,"skipped":0,"pct":0},"functions":{"total":5,"covered":0,"skipped":0,"pct":0},"statements":{"total":40,"covered":0,"skipped":0,"pct":0},"branches":{"total":55,"covered":0,"skipped":0,"pct":0}}
,"/mnt/wsl/docker-desktop-bind-mounts/Ubuntu/975b30c0f2abfbfeafe422fd2d8e29b4f90230bb31601c9eb4b185b5b3d516d0/apps/web/src/app/api/predictions/route.ts": {"lines":{"total":15,"covered":0,"skipped":0,"pct":0},"functions":{"total":3,"covered":0,"skipped":0,"pct":0},"statements":{"total":16,"covered":0,"skipped":0,"pct":0},"branches":{"total":10,"covered":0,"skipped":0,"pct":0}}
,"/mnt/wsl/docker-desktop-bind-mounts/Ubuntu/975b30c0f2abfbfeafe422fd2d8e29b4f90230bb31601c9eb4b185b5b3d516d0/apps/web/src/app/api/predictions/breakouts/route.ts": {"lines":{"total":28,"covered":0,"skipped":0,"pct":0},"functions":{"total":7,"covered":0,"skipped":0,"pct":0},"statements":{"total":32,"covered":0,"skipped":0,"pct":0},"branches":{"total":11,"covered":0,"skipped":0,"pct":0}}
,"/mnt/wsl/docker-desktop-bind-mounts/Ubuntu/975b30c0f2abfbfeafe422fd2d8e29b4f90230bb31601c9eb4b185b5b3d516d0/apps/web/src/app/api/predictions/players/route.ts": {"lines":{"total":33,"covered":0,"skipped":0,"pct":0},"functions":{"total":5,"covered":0,"skipped":0,"pct":0},"statements":{"total":34,"covered":0,"skipped":0,"pct":0},"branches":{"total":27,"covered":0,"skipped":0,"pct":0}}
,"/mnt/wsl/docker-desktop-bind-mounts/Ubuntu/975b30c0f2abfbfeafe422fd2d8e29b4f90230bb31601c9eb4b185b5b3d516d0/apps/web/src/app/api/predictions/trending/route.ts": {"lines":{"total":12,"covered":0,"skipped":0,"pct":0},"functions":{"total":2,"covered":0,"skipped":0,"pct":0},"statements":{"total":12,"covered":0,"skipped":0,"pct":0},"branches":{"total":4,"covered":0,"skipped":0,"pct":0}}
,"/mnt/wsl/docker-desktop-bind-mounts/Ubuntu/975b30c0f2abfbfeafe422fd2d8e29b4f90230bb31601c9eb4b185b5b3d516d0/apps/web/src/app/api/roster/route.ts": {"lines":{"total":81,"covered":0,"skipped":0,"pct":0},"functions":{"total":29,"covered":0,"skipped":0,"pct":0},"statements":{"total":86,"covered":0,"skipped":0,"pct":0},"branches":{"total":32,"covered":0,"skipped":0,"pct":0}}
,"/mnt/wsl/docker-desktop-bind-mounts/Ubuntu/975b30c0f2abfbfeafe422fd2d8e29b4f90230bb31601c9eb4b185b5b3d516d0/apps/web/src/app/api/roster/drop-candidates/route.ts": {"lines":{"total":34,"covered":0,"skipped":0,"pct":0},"functions":{"total":5,"covered":0,"skipped":0,"pct":0},"statements":{"total":36,"covered":0,"skipped":0,"pct":0},"branches":{"total":12,"covered":0,"skipped":0,"pct":0}}
,"/mnt/wsl/docker-desktop-bind-mounts/Ubuntu/975b30c0f2abfbfeafe422fd2d8e29b4f90230bb31601c9eb4b185b5b3d516d0/apps/web/src/app/api/trades/history/route.ts": {"lines":{"total":19,"covered":0,"skipped":0,"pct":0},"functions":{"total":6,"covered":0,"skipped":0,"pct":0},"statements":{"total":23,"covered":0,"skipped":0,"pct":0},"branches":{"total":0,"covered":0,"skipped":0,"pct":100}}
,"/mnt/wsl/docker-desktop-bind-mounts/Ubuntu/975b30c0f2abfbfeafe422fd2d8e29b4f90230bb31601c9eb4b185b5b3d516d0/apps/web/src/app/api/trades/recommendations/route.ts": {"lines":{"total":17,"covered":0,"skipped":0,"pct":0},"functions":{"total":4,"covered":0,"skipped":0,"pct":0},"statements":{"total":18,"covered":0,"skipped":0,"pct":0},"branches":{"total":0,"covered":0,"skipped":0,"pct":100}}
,"/mnt/wsl/docker-desktop-bind-mounts/Ubuntu/975b30c0f2abfbfeafe422fd2d8e29b4f90230bb31601c9eb4b185b5b3d516d0/apps/web/src/app/api/voice/feedback/route.ts": {"lines":{"total":58,"covered":0,"skipped":0,"pct":0},"functions":{"total":6,"covered":0,"skipped":0,"pct":0},"statements":{"total":62,"covered":0,"skipped":0,"pct":0},"branches":{"total":36,"covered":0,"skipped":0,"pct":0}}
,"/mnt/wsl/docker-desktop-bind-mounts/Ubuntu/975b30c0f2abfbfeafe422fd2d8e29b4f90230bb31601c9eb4b185b5b3d516d0/apps/web/src/app/api/voice/process/route.ts": {"lines":{"total":128,"covered":0,"skipped":0,"pct":0},"functions":{"total":15,"covered":0,"skipped":0,"pct":0},"statements":{"total":129,"covered":0,"skipped":0,"pct":0},"branches":{"total":54,"covered":0,"skipped":0,"pct":0}}
,"/mnt/wsl/docker-desktop-bind-mounts/Ubuntu/975b30c0f2abfbfeafe422fd2d8e29b4f90230bb31601c9eb4b185b5b3d516d0/apps/web/src/app/api/waivers/available/route.ts": {"lines":{"total":38,"covered":0,"skipped":0,"pct":0},"functions":{"total":4,"covered":0,"skipped":0,"pct":0},"statements":{"total":38,"covered":0,"skipped":0,"pct":0},"branches":{"total":22,"covered":0,"skipped":0,"pct":0}}
,"/mnt/wsl/docker-desktop-bind-mounts/Ubuntu/975b30c0f2abfbfeafe422fd2d8e29b4f90230bb31601c9eb4b185b5b3d516d0/apps/web/src/app/api/waivers/bid-optimal/route.ts": {"lines":{"total":46,"covered":0,"skipped":0,"pct":0},"functions":{"total":6,"covered":0,"skipped":0,"pct":0},"statements":{"total":47,"covered":0,"skipped":0,"pct":0},"branches":{"total":40,"covered":0,"skipped":0,"pct":0}}
,"/mnt/wsl/docker-desktop-bind-mounts/Ubuntu/975b30c0f2abfbfeafe422fd2d8e29b4f90230bb31601c9eb4b185b5b3d516d0/apps/web/src/app/api/waivers/claims/route.ts": {"lines":{"total":91,"covered":0,"skipped":0,"pct":0},"functions":{"total":11,"covered":0,"skipped":0,"pct":0},"statements":{"total":104,"covered":0,"skipped":0,"pct":0},"branches":{"total":45,"covered":0,"skipped":0,"pct":0}}
,"/mnt/wsl/docker-desktop-bind-mounts/Ubuntu/975b30c0f2abfbfeafe422fd2d8e29b4f90230bb31601c9eb4b185b5b3d516d0/apps/web/src/app/api/waivers/submit/route.ts": {"lines":{"total":85,"covered":0,"skipped":0,"pct":0},"functions":{"total":5,"covered":0,"skipped":0,"pct":0},"statements":{"total":86,"covered":0,"skipped":0,"pct":0},"branches":{"total":40,"covered":0,"skipped":0,"pct":0}}
,"/mnt/wsl/docker-desktop-bind-mounts/Ubuntu/975b30c0f2abfbfeafe422fd2d8e29b4f90230bb31601c9eb4b185b5b3d516d0/apps/web/src/app/api/waivers/trends/route.ts": {"lines":{"total":40,"covered":0,"skipped":0,"pct":0},"functions":{"total":8,"covered":0,"skipped":0,"pct":0},"statements":{"total":43,"covered":0,"skipped":0,"pct":0},"branches":{"total":23,"covered":0,"skipped":0,"pct":0}}
,"/mnt/wsl/docker-desktop-bind-mounts/Ubuntu/975b30c0f2abfbfeafe422fd2d8e29b4f90230bb31601c9eb4b185b5b3d516d0/apps/web/src/app/api/weather/route.ts": {"lines":{"total":53,"covered":0,"skipped":0,"pct":0},"functions":{"total":2,"covered":0,"skipped":0,"pct":0},"statements":{"total":53,"covered":0,"skipped":0,"pct":0},"branches":{"total":26,"covered":0,"skipped":0,"pct":0}}
,"/mnt/wsl/docker-desktop-bind-mounts/Ubuntu/975b30c0f2abfbfeafe422fd2d8e29b4f90230bb31601c9eb4b185b5b3d516d0/apps/web/src/app/auth/page.tsx": {"lines":{"total":37,"covered":0,"skipped":0,"pct":0},"functions":{"total":8,"covered":0,"skipped":0,"pct":0},"statements":{"total":40,"covered":0,"skipped":0,"pct":0},"branches":{"total":24,"covered":0,"skipped":0,"pct":0}}
,"/mnt/wsl/docker-desktop-bind-mounts/Ubuntu/975b30c0f2abfbfeafe422fd2d8e29b4f90230bb31601c9eb4b185b5b3d516d0/apps/web/src/app/auth/callback/route.ts": {"lines":{"total":9,"covered":0,"skipped":0,"pct":0},"functions":{"total":1,"covered":0,"skipped":0,"pct":0},"statements":{"total":9,"covered":0,"skipped":0,"pct":0},"branches":{"total":1,"covered":0,"skipped":0,"pct":0}}
,"/mnt/wsl/docker-desktop-bind-mounts/Ubuntu/975b30c0f2abfbfeafe422fd2d8e29b4f90230bb31601c9eb4b185b5b3d516d0/apps/web/src/app/auth/signout/route.ts": {"lines":{"total":6,"covered":0,"skipped":0,"pct":0},"functions":{"total":1,"covered":0,"skipped":0,"pct":0},"statements":{"total":6,"covered":0,"skipped":0,"pct":0},"branches":{"total":2,"covered":0,"skipped":0,"pct":0}}
,"/mnt/wsl/docker-desktop-bind-mounts/Ubuntu/975b30c0f2abfbfeafe422fd2d8e29b4f90230bb31601c9eb4b185b5b3d516d0/apps/web/src/app/avatars/page.tsx": {"lines":{"total":11,"covered":0,"skipped":0,"pct":0},"functions":{"total":3,"covered":0,"skipped":0,"pct":0},"statements":{"total":12,"covered":0,"skipped":0,"pct":0},"branches":{"total":0,"covered":0,"skipped":0,"pct":100}}
,"/mnt/wsl/docker-desktop-bind-mounts/Ubuntu/975b30c0f2abfbfeafe422fd2d8e29b4f90230bb31601c9eb4b185b5b3d516d0/apps/web/src/app/contests/layout.tsx": {"lines":{"total":3,"covered":0,"skipped":0,"pct":0},"functions":{"total":1,"covered":0,"skipped":0,"pct":0},"statements":{"total":4,"covered":0,"skipped":0,"pct":0},"branches":{"total":0,"covered":0,"skipped":0,"pct":100}}
,"/mnt/wsl/docker-desktop-bind-mounts/Ubuntu/975b30c0f2abfbfeafe422fd2d8e29b4f90230bb31601c9eb4b185b5b3d516d0/apps/web/src/app/contests/page.tsx": {"lines":{"total":5,"covered":0,"skipped":0,"pct":0},"functions":{"total":1,"covered":0,"skipped":0,"pct":0},"statements":{"total":5,"covered":0,"skipped":0,"pct":0},"branches":{"total":2,"covered":0,"skipped":0,"pct":0}}
,"/mnt/wsl/docker-desktop-bind-mounts/Ubuntu/975b30c0f2abfbfeafe422fd2d8e29b4f90230bb31601c9eb4b185b5b3d516d0/apps/web/src/app/dashboard/page.tsx": {"lines":{"total":15,"covered":0,"skipped":0,"pct":0},"functions":{"total":2,"covered":0,"skipped":0,"pct":0},"statements":{"total":15,"covered":0,"skipped":0,"pct":0},"branches":{"total":8,"covered":0,"skipped":0,"pct":0}}
,"/mnt/wsl/docker-desktop-bind-mounts/Ubuntu/975b30c0f2abfbfeafe422fd2d8e29b4f90230bb31601c9eb4b185b5b3d516d0/apps/web/src/app/dashboard-demo/page.tsx": {"lines":{"total":3,"covered":0,"skipped":0,"pct":0},"functions":{"total":1,"covered":0,"skipped":0,"pct":0},"statements":{"total":3,"covered":0,"skipped":0,"pct":0},"branches":{"total":0,"covered":0,"skipped":0,"pct":100}}
,"/mnt/wsl/docker-desktop-bind-mounts/Ubuntu/975b30c0f2abfbfeafe422fd2d8e29b4f90230bb31601c9eb4b185b5b3d516d0/apps/web/src/app/dfs/page.tsx": {"lines":{"total":4,"covered":0,"skipped":0,"pct":0},"functions":{"total":1,"covered":0,"skipped":0,"pct":0},"statements":{"total":5,"covered":0,"skipped":0,"pct":0},"branches":{"total":0,"covered":0,"skipped":0,"pct":100}}
,"/mnt/wsl/docker-desktop-bind-mounts/Ubuntu/975b30c0f2abfbfeafe422fd2d8e29b4f90230bb31601c9eb4b185b5b3d516d0/apps/web/src/app/dfs/terminal/page.tsx": {"lines":{"total":6,"covered":0,"skipped":0,"pct":0},"functions":{"total":4,"covered":0,"skipped":0,"pct":0},"statements":{"total":7,"covered":0,"skipped":0,"pct":0},"branches":{"total":0,"covered":0,"skipped":0,"pct":100}}
,"/mnt/wsl/docker-desktop-bind-mounts/Ubuntu/975b30c0f2abfbfeafe422fd2d8e29b4f90230bb31601c9eb4b185b5b3d516d0/apps/web/src/app/dfs/trading/page.tsx": {"lines":{"total":4,"covered":0,"skipped":0,"pct":0},"functions":{"total":1,"covered":0,"skipped":0,"pct":0},"statements":{"total":5,"covered":0,"skipped":0,"pct":0},"branches":{"total":0,"covered":0,"skipped":0,"pct":100}}
,"/mnt/wsl/docker-desktop-bind-mounts/Ubuntu/975b30c0f2abfbfeafe422fd2d8e29b4f90230bb31601c9eb4b185b5b3d516d0/apps/web/src/app/draft/page.tsx": {"lines":{"total":126,"covered":0,"skipped":0,"pct":0},"functions":{"total":26,"covered":0,"skipped":0,"pct":0},"statements":{"total":140,"covered":0,"skipped":0,"pct":0},"branches":{"total":40,"covered":0,"skipped":0,"pct":0}}
,"/mnt/wsl/docker-desktop-bind-mounts/Ubuntu/975b30c0f2abfbfeafe422fd2d8e29b4f90230bb31601c9eb4b185b5b3d516d0/apps/web/src/app/keeper-dynasty/page.tsx": {"lines":{"total":36,"covered":0,"skipped":0,"pct":0},"functions":{"total":4,"covered":0,"skipped":0,"pct":0},"statements":{"total":36,"covered":0,"skipped":0,"pct":0},"branches":{"total":5,"covered":0,"skipped":0,"pct":0}}
,"/mnt/wsl/docker-desktop-bind-mounts/Ubuntu/975b30c0f2abfbfeafe422fd2d8e29b4f90230bb31601c9eb4b185b5b3d516d0/apps/web/src/app/league-memory/page.tsx": {"lines":{"total":32,"covered":0,"skipped":0,"pct":0},"functions":{"total":7,"covered":0,"skipped":0,"pct":0},"statements":{"total":32,"covered":0,"skipped":0,"pct":0},"branches":{"total":1,"covered":0,"skipped":0,"pct":0}}
,"/mnt/wsl/docker-desktop-bind-mounts/Ubuntu/975b30c0f2abfbfeafe422fd2d8e29b4f90230bb31601c9eb4b185b5b3d516d0/apps/web/src/app/leagues/page.tsx": {"lines":{"total":5,"covered":0,"skipped":0,"pct":0},"functions":{"total":3,"covered":0,"skipped":0,"pct":0},"statements":{"total":5,"covered":0,"skipped":0,"pct":0},"branches":{"total":0,"covered":0,"skipped":0,"pct":100}}
,"/mnt/wsl/docker-desktop-bind-mounts/Ubuntu/975b30c0f2abfbfeafe422fd2d8e29b4f90230bb31601c9eb4b185b5b3d516d0/apps/web/src/app/leagues/create/page.tsx": {"lines":{"total":4,"covered":0,"skipped":0,"pct":0},"functions":{"total":4,"covered":0,"skipped":0,"pct":0},"statements":{"total":6,"covered":0,"skipped":0,"pct":0},"branches":{"total":0,"covered":0,"skipped":0,"pct":100}}
,"/mnt/wsl/docker-desktop-bind-mounts/Ubuntu/975b30c0f2abfbfeafe422fd2d8e29b4f90230bb31601c9eb4b185b5b3d516d0/apps/web/src/app/leagues/import/page.tsx": {"lines":{"total":6,"covered":0,"skipped":0,"pct":0},"functions":{"total":4,"covered":0,"skipped":0,"pct":0},"statements":{"total":6,"covered":0,"skipped":0,"pct":0},"branches":{"total":0,"covered":0,"skipped":0,"pct":100}}
,"/mnt/wsl/docker-desktop-bind-mounts/Ubuntu/975b30c0f2abfbfeafe422fd2d8e29b4f90230bb31601c9eb4b185b5b3d516d0/apps/web/src/app/lineup-builder/page.tsx": {"lines":{"total":178,"covered":0,"skipped":0,"pct":0},"functions":{"total":55,"covered":0,"skipped":0,"pct":0},"statements":{"total":190,"covered":0,"skipped":0,"pct":0},"branches":{"total":103,"covered":0,"skipped":0,"pct":0}}
,"/mnt/wsl/docker-desktop-bind-mounts/Ubuntu/975b30c0f2abfbfeafe422fd2d8e29b4f90230bb31601c9eb4b185b5b3d516d0/apps/web/src/app/live-scores/page.tsx": {"lines":{"total":120,"covered":0,"skipped":0,"pct":0},"functions":{"total":38,"covered":0,"skipped":0,"pct":0},"statements":{"total":124,"covered":0,"skipped":0,"pct":0},"branches":{"total":66,"covered":0,"skipped":0,"pct":0}}
,"/mnt/wsl/docker-desktop-bind-mounts/Ubuntu/975b30c0f2abfbfeafe422fd2d8e29b4f90230bb31601c9eb4b185b5b3d516d0/apps/web/src/app/onboarding/page.tsx": {"lines":{"total":71,"covered":0,"skipped":0,"pct":0},"functions":{"total":10,"covered":0,"skipped":0,"pct":0},"statements":{"total":74,"covered":0,"skipped":0,"pct":0},"branches":{"total":25,"covered":0,"skipped":0,"pct":0}}
,"/mnt/wsl/docker-desktop-bind-mounts/Ubuntu/975b30c0f2abfbfeafe422fd2d8e29b4f90230bb31601c9eb4b185b5b3d516d0/apps/web/src/app/oracle/page.tsx": {"lines":{"total":8,"covered":0,"skipped":0,"pct":0},"functions":{"total":2,"covered":0,"skipped":0,"pct":0},"statements":{"total":8,"covered":0,"skipped":0,"pct":0},"branches":{"total":5,"covered":0,"skipped":0,"pct":0}}
,"/mnt/wsl/docker-desktop-bind-mounts/Ubuntu/975b30c0f2abfbfeafe422fd2d8e29b4f90230bb31601c9eb4b185b5b3d516d0/apps/web/src/app/players/page.tsx": {"lines":{"total":32,"covered":0,"skipped":0,"pct":0},"functions":{"total":9,"covered":0,"skipped":0,"pct":0},"statements":{"total":32,"covered":0,"skipped":0,"pct":0},"branches":{"total":26,"covered":0,"skipped":0,"pct":0}}
,"/mnt/wsl/docker-desktop-bind-mounts/Ubuntu/975b30c0f2abfbfeafe422fd2d8e29b4f90230bb31601c9eb4b185b5b3d516d0/apps/web/src/app/predictions/page.tsx": {"lines":{"total":74,"covered":0,"skipped":0,"pct":0},"functions":{"total":25,"covered":0,"skipped":0,"pct":0},"statements":{"total":82,"covered":0,"skipped":0,"pct":0},"branches":{"total":62,"covered":0,"skipped":0,"pct":0}}
,"/mnt/wsl/docker-desktop-bind-mounts/Ubuntu/975b30c0f2abfbfeafe422fd2d8e29b4f90230bb31601c9eb4b185b5b3d516d0/apps/web/src/app/pricing/page.tsx": {"lines":{"total":37,"covered":0,"skipped":0,"pct":0},"functions":{"total":5,"covered":0,"skipped":0,"pct":0},"statements":{"total":37,"covered":0,"skipped":0,"pct":0},"branches":{"total":25,"covered":0,"skipped":0,"pct":0}}
,"/mnt/wsl/docker-desktop-bind-mounts/Ubuntu/975b30c0f2abfbfeafe422fd2d8e29b4f90230bb31601c9eb4b185b5b3d516d0/apps/web/src/app/roster/page.tsx": {"lines":{"total":155,"covered":0,"skipped":0,"pct":0},"functions":{"total":49,"covered":0,"skipped":0,"pct":0},"statements":{"total":169,"covered":0,"skipped":0,"pct":0},"branches":{"total":95,"covered":0,"skipped":0,"pct":0}}
,"/mnt/wsl/docker-desktop-bind-mounts/Ubuntu/975b30c0f2abfbfeafe422fd2d8e29b4f90230bb31601c9eb4b185b5b3d516d0/apps/web/src/app/test-dynasty/page.tsx": {"lines":{"total":52,"covered":0,"skipped":0,"pct":0},"functions":{"total":16,"covered":0,"skipped":0,"pct":0},"statements":{"total":57,"covered":0,"skipped":0,"pct":0},"branches":{"total":21,"covered":0,"skipped":0,"pct":0}}
,"/mnt/wsl/docker-desktop-bind-mounts/Ubuntu/975b30c0f2abfbfeafe422fd2d8e29b4f90230bb31601c9eb4b185b5b3d516d0/apps/web/src/app/test-league-import/page.tsx": {"lines":{"total":52,"covered":0,"skipped":0,"pct":0},"functions":{"total":9,"covered":0,"skipped":0,"pct":0},"statements":{"total":54,"covered":0,"skipped":0,"pct":0},"branches":{"total":38,"covered":0,"skipped":0,"pct":0}}
,"/mnt/wsl/docker-desktop-bind-mounts/Ubuntu/975b30c0f2abfbfeafe422fd2d8e29b4f90230bb31601c9eb4b185b5b3d516d0/apps/web/src/app/test-onboarding/page.tsx": {"lines":{"total":27,"covered":0,"skipped":0,"pct":0},"functions":{"total":5,"covered":0,"skipped":0,"pct":0},"statements":{"total":28,"covered":0,"skipped":0,"pct":0},"branches":{"total":0,"covered":0,"skipped":0,"pct":100}}
,"/mnt/wsl/docker-desktop-bind-mounts/Ubuntu/975b30c0f2abfbfeafe422fd2d8e29b4f90230bb31601c9eb4b185b5b3d516d0/apps/web/src/app/trades/layout.tsx": {"lines":{"total":1,"covered":0,"skipped":0,"pct":0},"functions":{"total":1,"covered":0,"skipped":0,"pct":0},"statements":{"total":1,"covered":0,"skipped":0,"pct":0},"branches":{"total":0,"covered":0,"skipped":0,"pct":100}}
,"/mnt/wsl/docker-desktop-bind-mounts/Ubuntu/975b30c0f2abfbfeafe422fd2d8e29b4f90230bb31601c9eb4b185b5b3d516d0/apps/web/src/app/trades/page.tsx": {"lines":{"total":51,"covered":0,"skipped":0,"pct":0},"functions":{"total":13,"covered":0,"skipped":0,"pct":0},"statements":{"total":51,"covered":0,"skipped":0,"pct":0},"branches":{"total":46,"covered":0,"skipped":0,"pct":0}}
,"/mnt/wsl/docker-desktop-bind-mounts/Ubuntu/975b30c0f2abfbfeafe422fd2d8e29b4f90230bb31601c9eb4b185b5b3d516d0/apps/web/src/app/waivers/page.tsx": {"lines":{"total":70,"covered":0,"skipped":0,"pct":0},"functions":{"total":15,"covered":0,"skipped":0,"pct":0},"statements":{"total":74,"covered":0,"skipped":0,"pct":0},"branches":{"total":18,"covered":0,"skipped":0,"pct":0}}
,"/mnt/wsl/docker-desktop-bind-mounts/Ubuntu/975b30c0f2abfbfeafe422fd2d8e29b4f90230bb31601c9eb4b185b5b3d516d0/apps/web/src/components/ErrorBoundary.tsx": {"lines":{"total":26,"covered":0,"skipped":0,"pct":0},"functions":{"total":12,"covered":0,"skipped":0,"pct":0},"statements":{"total":26,"covered":0,"skipped":0,"pct":0},"branches":{"total":9,"covered":0,"skipped":0,"pct":0}}
,"/mnt/wsl/docker-desktop-bind-mounts/Ubuntu/975b30c0f2abfbfeafe422fd2d8e29b4f90230bb31601c9eb4b185b5b3d516d0/apps/web/src/components/OptimizedLayout.tsx": {"lines":{"total":10,"covered":0,"skipped":0,"pct":0},"functions":{"total":4,"covered":0,"skipped":0,"pct":0},"statements":{"total":12,"covered":0,"skipped":0,"pct":0},"branches":{"total":5,"covered":0,"skipped":0,"pct":0}}
,"/mnt/wsl/docker-desktop-bind-mounts/Ubuntu/975b30c0f2abfbfeafe422fd2d8e29b4f90230bb31601c9eb4b185b5b3d516d0/apps/web/src/components/PerformanceMonitor.tsx": {"lines":{"total":71,"covered":0,"skipped":0,"pct":0},"functions":{"total":19,"covered":0,"skipped":0,"pct":0},"statements":{"total":79,"covered":0,"skipped":0,"pct":0},"branches":{"total":41,"covered":0,"skipped":0,"pct":0}}
,"/mnt/wsl/docker-desktop-bind-mounts/Ubuntu/975b30c0f2abfbfeafe422fd2d8e29b4f90230bb31601c9eb4b185b5b3d516d0/apps/web/src/components/VoiceInterface.tsx": {"lines":{"total":143,"covered":0,"skipped":0,"pct":0},"functions":{"total":27,"covered":0,"skipped":0,"pct":0},"statements":{"total":147,"covered":0,"skipped":0,"pct":0},"branches":{"total":60,"covered":0,"skipped":0,"pct":0}}
,"/mnt/wsl/docker-desktop-bind-mounts/Ubuntu/975b30c0f2abfbfeafe422fd2d8e29b4f90230bb31601c9eb4b185b5b3d516d0/apps/web/src/components/accessibility/AccessibilityDashboard.tsx": {"lines":{"total":46,"covered":0,"skipped":0,"pct":0},"functions":{"total":9,"covered":0,"skipped":0,"pct":0},"statements":{"total":48,"covered":0,"skipped":0,"pct":0},"branches":{"total":24,"covered":0,"skipped":0,"pct":0}}
,"/mnt/wsl/docker-desktop-bind-mounts/Ubuntu/975b30c0f2abfbfeafe422fd2d8e29b4f90230bb31601c9eb4b185b5b3d516d0/apps/web/src/components/accessibility/AccessibilityProvider.tsx": {"lines":{"total":36,"covered":0,"skipped":0,"pct":0},"functions":{"total":6,"covered":0,"skipped":0,"pct":0},"statements":{"total":36,"covered":0,"skipped":0,"pct":0},"branches":{"total":5,"covered":0,"skipped":0,"pct":0}}
,"/mnt/wsl/docker-desktop-bind-mounts/Ubuntu/975b30c0f2abfbfeafe422fd2d8e29b4f90230bb31601c9eb4b185b5b3d516d0/apps/web/src/components/accessibility/SkipLink.tsx": {"lines":{"total":10,"covered":0,"skipped":0,"pct":0},"functions":{"total":3,"covered":0,"skipped":0,"pct":0},"statements":{"total":10,"covered":0,"skipped":0,"pct":0},"branches":{"total":1,"covered":0,"skipped":0,"pct":0}}
,"/mnt/wsl/docker-desktop-bind-mounts/Ubuntu/975b30c0f2abfbfeafe422fd2d8e29b4f90230bb31601c9eb4b185b5b3d516d0/apps/web/src/components/admin/AdminDashboardOverview.tsx": {"lines":{"total":8,"covered":0,"skipped":0,"pct":0},"functions":{"total":5,"covered":0,"skipped":0,"pct":0},"statements":{"total":10,"covered":0,"skipped":0,"pct":0},"branches":{"total":0,"covered":0,"skipped":0,"pct":100}}
,"/mnt/wsl/docker-desktop-bind-mounts/Ubuntu/975b30c0f2abfbfeafe422fd2d8e29b4f90230bb31601c9eb4b185b5b3d516d0/apps/web/src/components/admin/AdminMetricsGrid.tsx": {"lines":{"total":36,"covered":0,"skipped":0,"pct":0},"functions":{"total":9,"covered":0,"skipped":0,"pct":0},"statements":{"total":38,"covered":0,"skipped":0,"pct":0},"branches":{"total":23,"covered":0,"skipped":0,"pct":0}}
,"/mnt/wsl/docker-desktop-bind-mounts/Ubuntu/975b30c0f2abfbfeafe422fd2d8e29b4f90230bb31601c9eb4b185b5b3d516d0/apps/web/src/components/admin/AdminNavigation.tsx": {"lines":{"total":19,"covered":0,"skipped":0,"pct":0},"functions":{"total":5,"covered":0,"skipped":0,"pct":0},"statements":{"total":19,"covered":0,"skipped":0,"pct":0},"branches":{"total":21,"covered":0,"skipped":0,"pct":0}}
,"/mnt/wsl/docker-desktop-bind-mounts/Ubuntu/975b30c0f2abfbfeafe422fd2d8e29b4f90230bb31601c9eb4b185b5b3d516d0/apps/web/src/components/admin/AdminQuickActions.tsx": {"lines":{"total":10,"covered":0,"skipped":0,"pct":0},"functions":{"total":6,"covered":0,"skipped":0,"pct":0},"statements":{"total":10,"covered":0,"skipped":0,"pct":0},"branches":{"total":0,"covered":0,"skipped":0,"pct":100}}
,"/mnt/wsl/docker-desktop-bind-mounts/Ubuntu/975b30c0f2abfbfeafe422fd2d8e29b4f90230bb31601c9eb4b185b5b3d516d0/apps/web/src/components/admin/AdminSecurityProvider.tsx": {"lines":{"total":20,"covered":0,"skipped":0,"pct":0},"functions":{"total":7,"covered":0,"skipped":0,"pct":0},"statements":{"total":21,"covered":0,"skipped":0,"pct":0},"branches":{"total":3,"covered":0,"skipped":0,"pct":0}}
,"/mnt/wsl/docker-desktop-bind-mounts/Ubuntu/975b30c0f2abfbfeafe422fd2d8e29b4f90230bb31601c9eb4b185b5b3d516d0/apps/web/src/components/admin/AdminSecuritySummary.tsx": {"lines":{"total":34,"covered":0,"skipped":0,"pct":0},"functions":{"total":10,"covered":0,"skipped":0,"pct":0},"statements":{"total":37,"covered":0,"skipped":0,"pct":0},"branches":{"total":24,"covered":0,"skipped":0,"pct":0}}
,"/mnt/wsl/docker-desktop-bind-mounts/Ubuntu/975b30c0f2abfbfeafe422fd2d8e29b4f90230bb31601c9eb4b185b5b3d516d0/apps/web/src/components/admin/AdminSystemHealth.tsx": {"lines":{"total":30,"covered":0,"skipped":0,"pct":0},"functions":{"total":13,"covered":0,"skipped":0,"pct":0},"statements":{"total":36,"covered":0,"skipped":0,"pct":0},"branches":{"total":20,"covered":0,"skipped":0,"pct":0}}
,"/mnt/wsl/docker-desktop-bind-mounts/Ubuntu/975b30c0f2abfbfeafe422fd2d8e29b4f90230bb31601c9eb4b185b5b3d516d0/apps/web/src/components/admin/AdminWebSocketProvider.tsx": {"lines":{"total":28,"covered":0,"skipped":0,"pct":0},"functions":{"total":7,"covered":0,"skipped":0,"pct":0},"statements":{"total":28,"covered":0,"skipped":0,"pct":0},"branches":{"total":1,"covered":0,"skipped":0,"pct":0}}
,"/mnt/wsl/docker-desktop-bind-mounts/Ubuntu/975b30c0f2abfbfeafe422fd2d8e29b4f90230bb31601c9eb4b185b5b3d516d0/apps/web/src/components/admin/MLTrainingDashboard.tsx": {"lines":{"total":36,"covered":0,"skipped":0,"pct":0},"functions":{"total":12,"covered":0,"skipped":0,"pct":0},"statements":{"total":36,"covered":0,"skipped":0,"pct":0},"branches":{"total":18,"covered":0,"skipped":0,"pct":0}}
,"/mnt/wsl/docker-desktop-bind-mounts/Ubuntu/975b30c0f2abfbfeafe422fd2d8e29b4f90230bb31601c9eb4b185b5b3d516d0/apps/web/src/components/admin/dfs/DFSTrainingOverview.tsx": {"lines":{"total":1,"covered":0,"skipped":0,"pct":0},"functions":{"total":1,"covered":0,"skipped":0,"pct":0},"statements":{"total":1,"covered":0,"skipped":0,"pct":0},"branches":{"total":0,"covered":0,"skipped":0,"pct":100}}
,"/mnt/wsl/docker-desktop-bind-mounts/Ubuntu/975b30c0f2abfbfeafe422fd2d8e29b4f90230bb31601c9eb4b185b5b3d516d0/apps/web/src/components/admin/ml/MLGPUMonitoring.tsx": {"lines":{"total":41,"covered":0,"skipped":0,"pct":0},"functions":{"total":14,"covered":0,"skipped":0,"pct":0},"statements":{"total":48,"covered":0,"skipped":0,"pct":0},"branches":{"total":19,"covered":0,"skipped":0,"pct":0}}
,"/mnt/wsl/docker-desktop-bind-mounts/Ubuntu/975b30c0f2abfbfeafe422fd2d8e29b4f90230bb31601c9eb4b185b5b3d516d0/apps/web/src/components/admin/ml/MLModelRegistry.tsx": {"lines":{"total":46,"covered":0,"skipped":0,"pct":0},"functions":{"total":14,"covered":0,"skipped":0,"pct":0},"statements":{"total":46,"covered":0,"skipped":0,"pct":0},"branches":{"total":29,"covered":0,"skipped":0,"pct":0}}
,"/mnt/wsl/docker-desktop-bind-mounts/Ubuntu/975b30c0f2abfbfeafe422fd2d8e29b4f90230bb31601c9eb4b185b5b3d516d0/apps/web/src/components/admin/ml/MLPerformanceMetrics.tsx": {"lines":{"total":45,"covered":0,"skipped":0,"pct":0},"functions":{"total":18,"covered":0,"skipped":0,"pct":0},"statements":{"total":48,"covered":0,"skipped":0,"pct":0},"branches":{"total":31,"covered":0,"skipped":0,"pct":0}}
,"/mnt/wsl/docker-desktop-bind-mounts/Ubuntu/975b30c0f2abfbfeafe422fd2d8e29b4f90230bb31601c9eb4b185b5b3d516d0/apps/web/src/components/admin/ml/MLTrainingControls.tsx": {"lines":{"total":32,"covered":0,"skipped":0,"pct":0},"functions":{"total":14,"covered":0,"skipped":0,"pct":0},"statements":{"total":32,"covered":0,"skipped":0,"pct":0},"branches":{"total":34,"covered":0,"skipped":0,"pct":0}}
,"/mnt/wsl/docker-desktop-bind-mounts/Ubuntu/975b30c0f2abfbfeafe422fd2d8e29b4f90230bb31601c9eb4b185b5b3d516d0/apps/web/src/components/admin/ml/MLTrainingJobs.tsx": {"lines":{"total":44,"covered":0,"skipped":0,"pct":0},"functions":{"total":14,"covered":0,"skipped":0,"pct":0},"statements":{"total":47,"covered":0,"skipped":0,"pct":0},"branches":{"total":23,"covered":0,"skipped":0,"pct":0}}
,"/mnt/wsl/docker-desktop-bind-mounts/Ubuntu/975b30c0f2abfbfeafe422fd2d8e29b4f90230bb31601c9eb4b185b5b3d516d0/apps/web/src/components/admin/ml/MLTrainingOverview.tsx": {"lines":{"total":27,"covered":0,"skipped":0,"pct":0},"functions":{"total":11,"covered":0,"skipped":0,"pct":0},"statements":{"total":32,"covered":0,"skipped":0,"pct":0},"branches":{"total":10,"covered":0,"skipped":0,"pct":0}}
,"/mnt/wsl/docker-desktop-bind-mounts/Ubuntu/975b30c0f2abfbfeafe422fd2d8e29b4f90230bb31601c9eb4b185b5b3d516d0/apps/web/src/components/agents/MobileAgentInterface.tsx": {"lines":{"total":63,"covered":0,"skipped":0,"pct":0},"functions":{"total":21,"covered":0,"skipped":0,"pct":0},"statements":{"total":68,"covered":0,"skipped":0,"pct":0},"branches":{"total":31,"covered":0,"skipped":0,"pct":0}}
,"/mnt/wsl/docker-desktop-bind-mounts/Ubuntu/975b30c0f2abfbfeafe422fd2d8e29b4f90230bb31601c9eb4b185b5b3d516d0/apps/web/src/components/agents/MobileAgentSelector.tsx": {"lines":{"total":13,"covered":0,"skipped":0,"pct":0},"functions":{"total":6,"covered":0,"skipped":0,"pct":0},"statements":{"total":17,"covered":0,"skipped":0,"pct":0},"branches":{"total":14,"covered":0,"skipped":0,"pct":0}}
,"/mnt/wsl/docker-desktop-bind-mounts/Ubuntu/975b30c0f2abfbfeafe422fd2d8e29b4f90230bb31601c9eb4b185b5b3d516d0/apps/web/src/components/analytics/DynamicChart.tsx": {"lines":{"total":43,"covered":0,"skipped":0,"pct":0},"functions":{"total":12,"covered":0,"skipped":0,"pct":0},"statements":{"total":48,"covered":0,"skipped":0,"pct":0},"branches":{"total":32,"covered":0,"skipped":0,"pct":0}}
,"/mnt/wsl/docker-desktop-bind-mounts/Ubuntu/975b30c0f2abfbfeafe422fd2d8e29b4f90230bb31601c9eb4b185b5b3d516d0/apps/web/src/components/analytics/InsightPanel.tsx": {"lines":{"total":30,"covered":0,"skipped":0,"pct":0},"functions":{"total":10,"covered":0,"skipped":0,"pct":0},"statements":{"total":30,"covered":0,"skipped":0,"pct":0},"branches":{"total":12,"covered":0,"skipped":0,"pct":0}}
,"/mnt/wsl/docker-desktop-bind-mounts/Ubuntu/975b30c0f2abfbfeafe422fd2d8e29b4f90230bb31601c9eb4b185b5b3d516d0/apps/web/src/components/analytics/MetricCards.tsx": {"lines":{"total":23,"covered":0,"skipped":0,"pct":0},"functions":{"total":6,"covered":0,"skipped":0,"pct":0},"statements":{"total":28,"covered":0,"skipped":0,"pct":0},"branches":{"total":18,"covered":0,"skipped":0,"pct":0}}
,"/mnt/wsl/docker-desktop-bind-mounts/Ubuntu/975b30c0f2abfbfeafe422fd2d8e29b4f90230bb31601c9eb4b185b5b3d516d0/apps/web/src/components/analytics/MobileMetricScroll.tsx": {"lines":{"total":27,"covered":0,"skipped":0,"pct":0},"functions":{"total":9,"covered":0,"skipped":0,"pct":0},"statements":{"total":30,"covered":0,"skipped":0,"pct":0},"branches":{"total":18,"covered":0,"skipped":0,"pct":0}}
,"/mnt/wsl/docker-desktop-bind-mounts/Ubuntu/975b30c0f2abfbfeafe422fd2d8e29b4f90230bb31601c9eb4b185b5b3d516d0/apps/web/src/components/analytics/MobileSummaryView.tsx": {"lines":{"total":19,"covered":0,"skipped":0,"pct":0},"functions":{"total":11,"covered":0,"skipped":0,"pct":0},"statements":{"total":22,"covered":0,"skipped":0,"pct":0},"branches":{"total":16,"covered":0,"skipped":0,"pct":0}}
,"/mnt/wsl/docker-desktop-bind-mounts/Ubuntu/975b30c0f2abfbfeafe422fd2d8e29b4f90230bb31601c9eb4b185b5b3d516d0/apps/web/src/components/analytics/VoiceAnalyticsDashboard.tsx": {"lines":{"total":83,"covered":0,"skipped":0,"pct":0},"functions":{"total":20,"covered":0,"skipped":0,"pct":0},"statements":{"total":86,"covered":0,"skipped":0,"pct":0},"branches":{"total":102,"covered":0,"skipped":0,"pct":0}}
,"/mnt/wsl/docker-desktop-bind-mounts/Ubuntu/975b30c0f2abfbfeafe422fd2d8e29b4f90230bb31601c9eb4b185b5b3d516d0/apps/web/src/components/avatars/Avatar2D.tsx": {"lines":{"total":28,"covered":0,"skipped":0,"pct":0},"functions":{"total":9,"covered":0,"skipped":0,"pct":0},"statements":{"total":31,"covered":0,"skipped":0,"pct":0},"branches":{"total":55,"covered":0,"skipped":0,"pct":0}}
,"/mnt/wsl/docker-desktop-bind-mounts/Ubuntu/975b30c0f2abfbfeafe422fd2d8e29b4f90230bb31601c9eb4b185b5b3d516d0/apps/web/src/components/avatars/Avatar3D.tsx": {"lines":{"total":45,"covered":0,"skipped":0,"pct":0},"functions":{"total":15,"covered":0,"skipped":0,"pct":0},"statements":{"total":52,"covered":0,"skipped":0,"pct":0},"branches":{"total":53,"covered":0,"skipped":0,"pct":0}}
,"/mnt/wsl/docker-desktop-bind-mounts/Ubuntu/975b30c0f2abfbfeafe422fd2d8e29b4f90230bb31601c9eb4b185b5b3d516d0/apps/web/src/components/avatars/AvatarGallery.tsx": {"lines":{"total":37,"covered":0,"skipped":0,"pct":0},"functions":{"total":13,"covered":0,"skipped":0,"pct":0},"statements":{"total":44,"covered":0,"skipped":0,"pct":0},"branches":{"total":33,"covered":0,"skipped":0,"pct":0}}
,"/mnt/wsl/docker-desktop-bind-mounts/Ubuntu/975b30c0f2abfbfeafe422fd2d8e29b4f90230bb31601c9eb4b185b5b3d516d0/apps/web/src/components/avatars/PlayerAvatar.tsx": {"lines":{"total":11,"covered":0,"skipped":0,"pct":0},"functions":{"total":6,"covered":0,"skipped":0,"pct":0},"statements":{"total":16,"covered":0,"skipped":0,"pct":0},"branches":{"total":15,"covered":0,"skipped":0,"pct":0}}
,"/mnt/wsl/docker-desktop-bind-mounts/Ubuntu/975b30c0f2abfbfeafe422fd2d8e29b4f90230bb31601c9eb4b185b5b3d516d0/apps/web/src/components/dashboard/TopPlayersWidget.tsx": {"lines":{"total":17,"covered":0,"skipped":0,"pct":0},"functions":{"total":5,"covered":0,"skipped":0,"pct":0},"statements":{"total":17,"covered":0,"skipped":0,"pct":0},"branches":{"total":8,"covered":0,"skipped":0,"pct":0}}
,"/mnt/wsl/docker-desktop-bind-mounts/Ubuntu/975b30c0f2abfbfeafe422fd2d8e29b4f90230bb31601c9eb4b185b5b3d516d0/apps/web/src/components/dashboard/VoiceAssistantWrapper.tsx": {"lines":{"total":4,"covered":0,"skipped":0,"pct":0},"functions":{"total":2,"covered":0,"skipped":0,"pct":0},"statements":{"total":4,"covered":0,"skipped":0,"pct":0},"branches":{"total":0,"covered":0,"skipped":0,"pct":100}}
,"/mnt/wsl/docker-desktop-bind-mounts/Ubuntu/975b30c0f2abfbfeafe422fd2d8e29b4f90230bb31601c9eb4b185b5b3d516d0/apps/web/src/components/dfs/ContestBrowser.tsx": {"lines":{"total":83,"covered":0,"skipped":0,"pct":0},"functions":{"total":28,"covered":0,"skipped":0,"pct":0},"statements":{"total":95,"covered":0,"skipped":0,"pct":0},"branches":{"total":68,"covered":0,"skipped":0,"pct":0}}
,"/mnt/wsl/docker-desktop-bind-mounts/Ubuntu/975b30c0f2abfbfeafe422fd2d8e29b4f90230bb31601c9eb4b185b5b3d516d0/apps/web/src/components/dfs/DFSDashboard.tsx": {"lines":{"total":15,"covered":0,"skipped":0,"pct":0},"functions":{"total":2,"covered":0,"skipped":0,"pct":0},"statements":{"total":17,"covered":0,"skipped":0,"pct":0},"branches":{"total":0,"covered":0,"skipped":0,"pct":100}}
,"/mnt/wsl/docker-desktop-bind-mounts/Ubuntu/975b30c0f2abfbfeafe422fd2d8e29b4f90230bb31601c9eb4b185b5b3d516d0/apps/web/src/components/dfs/Portfolio3DVisualizer.tsx": {"lines":{"total":51,"covered":0,"skipped":0,"pct":0},"functions":{"total":21,"covered":0,"skipped":0,"pct":0},"statements":{"total":57,"covered":0,"skipped":0,"pct":0},"branches":{"total":41,"covered":0,"skipped":0,"pct":0}}
,"/mnt/wsl/docker-desktop-bind-mounts/Ubuntu/975b30c0f2abfbfeafe422fd2d8e29b4f90230bb31601c9eb4b185b5b3d516d0/apps/web/src/components/dfs/PortfolioVisualizer.tsx": {"lines":{"total":70,"covered":0,"skipped":0,"pct":0},"functions":{"total":30,"covered":0,"skipped":0,"pct":0},"statements":{"total":76,"covered":0,"skipped":0,"pct":0},"branches":{"total":34,"covered":0,"skipped":0,"pct":0}}
,"/mnt/wsl/docker-desktop-bind-mounts/Ubuntu/975b30c0f2abfbfeafe422fd2d8e29b4f90230bb31601c9eb4b185b5b3d516d0/apps/web/src/components/dfs/TradingDashboard.tsx": {"lines":{"total":60,"covered":0,"skipped":0,"pct":0},"functions":{"total":11,"covered":0,"skipped":0,"pct":0},"statements":{"total":64,"covered":0,"skipped":0,"pct":0},"branches":{"total":24,"covered":0,"skipped":0,"pct":0}}
,"/mnt/wsl/docker-desktop-bind-mounts/Ubuntu/975b30c0f2abfbfeafe422fd2d8e29b4f90230bb31601c9eb4b185b5b3d516d0/apps/web/src/components/dfs/TradingDashboardOptimized.tsx": {"lines":{"total":70,"covered":0,"skipped":0,"pct":0},"functions":{"total":14,"covered":0,"skipped":0,"pct":0},"statements":{"total":75,"covered":0,"skipped":0,"pct":0},"branches":{"total":32,"covered":0,"skipped":0,"pct":0}}
,"/mnt/wsl/docker-desktop-bind-mounts/Ubuntu/975b30c0f2abfbfeafe422fd2d8e29b4f90230bb31601c9eb4b185b5b3d516d0/apps/web/src/components/dfs/advanced-trading-terminal.tsx": {"lines":{"total":93,"covered":0,"skipped":0,"pct":0},"functions":{"total":41,"covered":0,"skipped":0,"pct":0},"statements":{"total":106,"covered":0,"skipped":0,"pct":0},"branches":{"total":80,"covered":0,"skipped":0,"pct":0}}
,"/mnt/wsl/docker-desktop-bind-mounts/Ubuntu/975b30c0f2abfbfeafe422fd2d8e29b4f90230bb31601c9eb4b185b5b3d516d0/apps/web/src/components/dfs/lazy-3d-visualizer.tsx": {"lines":{"total":9,"covered":0,"skipped":0,"pct":0},"functions":{"total":6,"covered":0,"skipped":0,"pct":0},"statements":{"total":9,"covered":0,"skipped":0,"pct":0},"branches":{"total":1,"covered":0,"skipped":0,"pct":0}}
,"/mnt/wsl/docker-desktop-bind-mounts/Ubuntu/975b30c0f2abfbfeafe422fd2d8e29b4f90230bb31601c9eb4b185b5b3d516d0/apps/web/src/components/dfs/trading-dashboard.tsx": {"lines":{"total":49,"covered":0,"skipped":0,"pct":0},"functions":{"total":23,"covered":0,"skipped":0,"pct":0},"statements":{"total":58,"covered":0,"skipped":0,"pct":0},"branches":{"total":29,"covered":0,"skipped":0,"pct":0}}
,"/mnt/wsl/docker-desktop-bind-mounts/Ubuntu/975b30c0f2abfbfeafe422fd2d8e29b4f90230bb31601c9eb4b185b5b3d516d0/apps/web/src/components/dfs/ultimate-lineup-builder.tsx": {"lines":{"total":153,"covered":0,"skipped":0,"pct":0},"functions":{"total":58,"covered":0,"skipped":0,"pct":0},"statements":{"total":168,"covered":0,"skipped":0,"pct":0},"branches":{"total":68,"covered":0,"skipped":0,"pct":0}}
,"/mnt/wsl/docker-desktop-bind-mounts/Ubuntu/975b30c0f2abfbfeafe422fd2d8e29b4f90230bb31601c9eb4b185b5b3d516d0/apps/web/src/components/draft/DraftBoard.tsx": {"lines":{"total":66,"covered":0,"skipped":0,"pct":0},"functions":{"total":23,"covered":0,"skipped":0,"pct":0},"statements":{"total":71,"covered":0,"skipped":0,"pct":0},"branches":{"total":24,"covered":0,"skipped":0,"pct":0}}
,"/mnt/wsl/docker-desktop-bind-mounts/Ubuntu/975b30c0f2abfbfeafe422fd2d8e29b4f90230bb31601c9eb4b185b5b3d516d0/apps/web/src/components/draft/DraftChat.tsx": {"lines":{"total":50,"covered":0,"skipped":0,"pct":0},"functions":{"total":19,"covered":0,"skipped":0,"pct":0},"statements":{"total":51,"covered":0,"skipped":0,"pct":0},"branches":{"total":21,"covered":0,"skipped":0,"pct":0}}
,"/mnt/wsl/docker-desktop-bind-mounts/Ubuntu/975b30c0f2abfbfeafe422fd2d8e29b4f90230bb31601c9eb4b185b5b3d516d0/apps/web/src/components/draft/DraftHistory.tsx": {"lines":{"total":38,"covered":0,"skipped":0,"pct":0},"functions":{"total":10,"covered":0,"skipped":0,"pct":0},"statements":{"total":41,"covered":0,"skipped":0,"pct":0},"branches":{"total":32,"covered":0,"skipped":0,"pct":0}}
,"/mnt/wsl/docker-desktop-bind-mounts/Ubuntu/975b30c0f2abfbfeafe422fd2d8e29b4f90230bb31601c9eb4b185b5b3d516d0/apps/web/src/components/draft/DraftLobby.tsx": {"lines":{"total":21,"covered":0,"skipped":0,"pct":0},"functions":{"total":9,"covered":0,"skipped":0,"pct":0},"statements":{"total":29,"covered":0,"skipped":0,"pct":0},"branches":{"total":45,"covered":0,"skipped":0,"pct":0}}
,"/mnt/wsl/docker-desktop-bind-mounts/Ubuntu/975b30c0f2abfbfeafe422fd2d8e29b4f90230bb31601c9eb4b185b5b3d516d0/apps/web/src/components/draft/DraftTimer.tsx": {"lines":{"total":81,"covered":0,"skipped":0,"pct":0},"functions":{"total":12,"covered":0,"skipped":0,"pct":0},"statements":{"total":84,"covered":0,"skipped":0,"pct":0},"branches":{"total":49,"covered":0,"skipped":0,"pct":0}}
,"/mnt/wsl/docker-desktop-bind-mounts/Ubuntu/975b30c0f2abfbfeafe422fd2d8e29b4f90230bb31601c9eb4b185b5b3d516d0/apps/web/src/components/draft/PlayerCard.tsx": {"lines":{"total":15,"covered":0,"skipped":0,"pct":0},"functions":{"total":3,"covered":0,"skipped":0,"pct":0},"statements":{"total":15,"covered":0,"skipped":0,"pct":0},"branches":{"total":32,"covered":0,"skipped":0,"pct":0}}
,"/mnt/wsl/docker-desktop-bind-mounts/Ubuntu/975b30c0f2abfbfeafe422fd2d8e29b4f90230bb31601c9eb4b185b5b3d516d0/apps/web/src/components/draft/RecommendationPanel.tsx": {"lines":{"total":22,"covered":0,"skipped":0,"pct":0},"functions":{"total":9,"covered":0,"skipped":0,"pct":0},"statements":{"total":22,"covered":0,"skipped":0,"pct":0},"branches":{"total":21,"covered":0,"skipped":0,"pct":0}}
,"/mnt/wsl/docker-desktop-bind-mounts/Ubuntu/975b30c0f2abfbfeafe422fd2d8e29b4f90230bb31601c9eb4b185b5b3d516d0/apps/web/src/components/draft/ScarcityIndicator.tsx": {"lines":{"total":17,"covered":0,"skipped":0,"pct":0},"functions":{"total":6,"covered":0,"skipped":0,"pct":0},"statements":{"total":23,"covered":0,"skipped":0,"pct":0},"branches":{"total":15,"covered":0,"skipped":0,"pct":0}}
,"/mnt/wsl/docker-desktop-bind-mounts/Ubuntu/975b30c0f2abfbfeafe422fd2d8e29b4f90230bb31601c9eb4b185b5b3d516d0/apps/web/src/components/draft/TeamRoster.tsx": {"lines":{"total":20,"covered":0,"skipped":0,"pct":0},"functions":{"total":7,"covered":0,"skipped":0,"pct":0},"statements":{"total":26,"covered":0,"skipped":0,"pct":0},"branches":{"total":19,"covered":0,"skipped":0,"pct":0}}
,"/mnt/wsl/docker-desktop-bind-mounts/Ubuntu/975b30c0f2abfbfeafe422fd2d8e29b4f90230bb31601c9eb4b185b5b3d516d0/apps/web/src/components/dynasty/ChampionshipWindowVisualizer.tsx": {"lines":{"total":42,"covered":0,"skipped":0,"pct":0},"functions":{"total":11,"covered":0,"skipped":0,"pct":0},"statements":{"total":48,"covered":0,"skipped":0,"pct":0},"branches":{"total":15,"covered":0,"skipped":0,"pct":0}}
,"/mnt/wsl/docker-desktop-bind-mounts/Ubuntu/975b30c0f2abfbfeafe422fd2d8e29b4f90230bb31601c9eb4b185b5b3d516d0/apps/web/src/components/dynasty/ContractManagementPanel.tsx": {"lines":{"total":62,"covered":0,"skipped":0,"pct":0},"functions":{"total":20,"covered":0,"skipped":0,"pct":0},"statements":{"total":70,"covered":0,"skipped":0,"pct":0},"branches":{"total":43,"covered":0,"skipped":0,"pct":0}}
,"/mnt/wsl/docker-desktop-bind-mounts/Ubuntu/975b30c0f2abfbfeafe422fd2d8e29b4f90230bb31601c9eb4b185b5b3d516d0/apps/web/src/components/dynasty/DynastyAssetManager.tsx": {"lines":{"total":62,"covered":0,"skipped":0,"pct":0},"functions":{"total":22,"covered":0,"skipped":0,"pct":0},"statements":{"total":70,"covered":0,"skipped":0,"pct":0},"branches":{"total":37,"covered":0,"skipped":0,"pct":0}}
,"/mnt/wsl/docker-desktop-bind-mounts/Ubuntu/975b30c0f2abfbfeafe422fd2d8e29b4f90230bb31601c9eb4b185b5b3d516d0/apps/web/src/components/dynasty/DynastyRosterOverview.tsx": {"lines":{"total":47,"covered":0,"skipped":0,"pct":0},"functions":{"total":16,"covered":0,"skipped":0,"pct":0},"statements":{"total":50,"covered":0,"skipped":0,"pct":0},"branches":{"total":37,"covered":0,"skipped":0,"pct":0}}
,"/mnt/wsl/docker-desktop-bind-mounts/Ubuntu/975b30c0f2abfbfeafe422fd2d8e29b4f90230bb31601c9eb4b185b5b3d516d0/apps/web/src/components/dynasty/FantasyRosterManager.tsx": {"lines":{"total":150,"covered":0,"skipped":0,"pct":0},"functions":{"total":42,"covered":0,"skipped":0,"pct":0},"statements":{"total":161,"covered":0,"skipped":0,"pct":0},"branches":{"total":100,"covered":0,"skipped":0,"pct":0}}
,"/mnt/wsl/docker-desktop-bind-mounts/Ubuntu/975b30c0f2abfbfeafe422fd2d8e29b4f90230bb31601c9eb4b185b5b3d516d0/apps/web/src/components/dynasty/KeeperDecisionCard.tsx": {"lines":{"total":30,"covered":0,"skipped":0,"pct":0},"functions":{"total":11,"covered":0,"skipped":0,"pct":0},"statements":{"total":33,"covered":0,"skipped":0,"pct":0},"branches":{"total":25,"covered":0,"skipped":0,"pct":0}}
,"/mnt/wsl/docker-desktop-bind-mounts/Ubuntu/975b30c0f2abfbfeafe422fd2d8e29b4f90230bb31601c9eb4b185b5b3d516d0/apps/web/src/components/dynasty/PlayerValueProjectionChart.tsx": {"lines":{"total":55,"covered":0,"skipped":0,"pct":0},"functions":{"total":17,"covered":0,"skipped":0,"pct":0},"statements":{"total":60,"covered":0,"skipped":0,"pct":0},"branches":{"total":45,"covered":0,"skipped":0,"pct":0}}
,"/mnt/wsl/docker-desktop-bind-mounts/Ubuntu/975b30c0f2abfbfeafe422fd2d8e29b4f90230bb31601c9eb4b185b5b3d516d0/apps/web/src/components/dynasty/RookieDraftBoard.tsx": {"lines":{"total":54,"covered":0,"skipped":0,"pct":0},"functions":{"total":22,"covered":0,"skipped":0,"pct":0},"statements":{"total":63,"covered":0,"skipped":0,"pct":0},"branches":{"total":26,"covered":0,"skipped":0,"pct":0}}
,"/mnt/wsl/docker-desktop-bind-mounts/Ubuntu/975b30c0f2abfbfeafe422fd2d8e29b4f90230bb31601c9eb4b185b5b3d516d0/apps/web/src/components/dynasty/TeamStrategyAdvisor.tsx": {"lines":{"total":53,"covered":0,"skipped":0,"pct":0},"functions":{"total":13,"covered":0,"skipped":0,"pct":0},"statements":{"total":54,"covered":0,"skipped":0,"pct":0},"branches":{"total":41,"covered":0,"skipped":0,"pct":0}}
,"/mnt/wsl/docker-desktop-bind-mounts/Ubuntu/975b30c0f2abfbfeafe422fd2d8e29b4f90230bb31601c9eb4b185b5b3d516d0/apps/web/src/components/dynasty/TradeCalculator.tsx": {"lines":{"total":75,"covered":0,"skipped":0,"pct":0},"functions":{"total":39,"covered":0,"skipped":0,"pct":0},"statements":{"total":92,"covered":0,"skipped":0,"pct":0},"branches":{"total":59,"covered":0,"skipped":0,"pct":0}}
,"/mnt/wsl/docker-desktop-bind-mounts/Ubuntu/975b30c0f2abfbfeafe422fd2d8e29b4f90230bb31601c9eb4b185b5b3d516d0/apps/web/src/components/keeper-dynasty/ChampionshipWindowVisualizer.tsx": {"lines":{"total":17,"covered":0,"skipped":0,"pct":0},"functions":{"total":4,"covered":0,"skipped":0,"pct":0},"statements":{"total":18,"covered":0,"skipped":0,"pct":0},"branches":{"total":4,"covered":0,"skipped":0,"pct":0}}
,"/mnt/wsl/docker-desktop-bind-mounts/Ubuntu/975b30c0f2abfbfeafe422fd2d8e29b4f90230bb31601c9eb4b185b5b3d516d0/apps/web/src/components/keeper-dynasty/ContractManagementPanel.tsx": {"lines":{"total":75,"covered":0,"skipped":0,"pct":0},"functions":{"total":20,"covered":0,"skipped":0,"pct":0},"statements":{"total":80,"covered":0,"skipped":0,"pct":0},"branches":{"total":67,"covered":0,"skipped":0,"pct":0}}
,"/mnt/wsl/docker-desktop-bind-mounts/Ubuntu/975b30c0f2abfbfeafe422fd2d8e29b4f90230bb31601c9eb4b185b5b3d516d0/apps/web/src/components/keeper-dynasty/DynastyAssetManager.tsx": {"lines":{"total":78,"covered":0,"skipped":0,"pct":0},"functions":{"total":30,"covered":0,"skipped":0,"pct":0},"statements":{"total":84,"covered":0,"skipped":0,"pct":0},"branches":{"total":67,"covered":0,"skipped":0,"pct":0}}
,"/mnt/wsl/docker-desktop-bind-mounts/Ubuntu/975b30c0f2abfbfeafe422fd2d8e29b4f90230bb31601c9eb4b185b5b3d516d0/apps/web/src/components/keeper-dynasty/KeeperDecisionCard.tsx": {"lines":{"total":26,"covered":0,"skipped":0,"pct":0},"functions":{"total":12,"covered":0,"skipped":0,"pct":0},"statements":{"total":29,"covered":0,"skipped":0,"pct":0},"branches":{"total":22,"covered":0,"skipped":0,"pct":0}}
,"/mnt/wsl/docker-desktop-bind-mounts/Ubuntu/975b30c0f2abfbfeafe422fd2d8e29b4f90230bb31601c9eb4b185b5b3d516d0/apps/web/src/components/keeper-dynasty/PlayerValueProjectionChart.tsx": {"lines":{"total":32,"covered":0,"skipped":0,"pct":0},"functions":{"total":8,"covered":0,"skipped":0,"pct":0},"statements":{"total":33,"covered":0,"skipped":0,"pct":0},"branches":{"total":22,"covered":0,"skipped":0,"pct":0}}
,"/mnt/wsl/docker-desktop-bind-mounts/Ubuntu/975b30c0f2abfbfeafe422fd2d8e29b4f90230bb31601c9eb4b185b5b3d516d0/apps/web/src/components/keeper-dynasty/RookieDraftBoard.tsx": {"lines":{"total":70,"covered":0,"skipped":0,"pct":0},"functions":{"total":39,"covered":0,"skipped":0,"pct":0},"statements":{"total":90,"covered":0,"skipped":0,"pct":0},"branches":{"total":41,"covered":0,"skipped":0,"pct":0}}
,"/mnt/wsl/docker-desktop-bind-mounts/Ubuntu/975b30c0f2abfbfeafe422fd2d8e29b4f90230bb31601c9eb4b185b5b3d516d0/apps/web/src/components/keeper-dynasty/TeamStrategyAdvisor.tsx": {"lines":{"total":36,"covered":0,"skipped":0,"pct":0},"functions":{"total":14,"covered":0,"skipped":0,"pct":0},"statements":{"total":42,"covered":0,"skipped":0,"pct":0},"branches":{"total":16,"covered":0,"skipped":0,"pct":0}}
,"/mnt/wsl/docker-desktop-bind-mounts/Ubuntu/975b30c0f2abfbfeafe422fd2d8e29b4f90230bb31601c9eb4b185b5b3d516d0/apps/web/src/components/layout/MobileNav.tsx": {"lines":{"total":28,"covered":0,"skipped":0,"pct":0},"functions":{"total":6,"covered":0,"skipped":0,"pct":0},"statements":{"total":28,"covered":0,"skipped":0,"pct":0},"branches":{"total":12,"covered":0,"skipped":0,"pct":0}}
,"/mnt/wsl/docker-desktop-bind-mounts/Ubuntu/975b30c0f2abfbfeafe422fd2d8e29b4f90230bb31601c9eb4b185b5b3d516d0/apps/web/src/components/league-memory/BehaviorPredictionPanel.tsx": {"lines":{"total":22,"covered":0,"skipped":0,"pct":0},"functions":{"total":8,"covered":0,"skipped":0,"pct":0},"statements":{"total":24,"covered":0,"skipped":0,"pct":0},"branches":{"total":11,"covered":0,"skipped":0,"pct":0}}
,"/mnt/wsl/docker-desktop-bind-mounts/Ubuntu/975b30c0f2abfbfeafe422fd2d8e29b4f90230bb31601c9eb4b185b5b3d516d0/apps/web/src/components/league-memory/InsightsFeed.tsx": {"lines":{"total":40,"covered":0,"skipped":0,"pct":0},"functions":{"total":17,"covered":0,"skipped":0,"pct":0},"statements":{"total":40,"covered":0,"skipped":0,"pct":0},"branches":{"total":18,"covered":0,"skipped":0,"pct":0}}
[...]
,"/mnt/wsl/docker-desktop-bind-mounts/Ubuntu/975b30c0f2abfbfeafe422fd2d8e29b4f90230bb31601c9eb4b185b5b3d516d0/apps/web/src/lib/services/traditional-fantasy/draft-analysis/scarcity-model.ts": {"lines":{"total":123,"covered":0,"skipped":0,"pct":0},"functions":{"total":28,"covered":0,"skipped":0,"pct":0},"statements":{"total":128,"covered":0,"skipped":0,"pct":0},"branches":{"total":42,"covered":0,"skipped":0,"pct":0}}
,"/mnt/wsl/docker-desktop-bind-mounts/Ubuntu/975b30c0f2abfbfeafe422fd2d8e29b4f90230bb31601c9eb4b185b5b3d516d0/apps/web/src/lib/services/traditional-fantasy/draft-analysis/trade-calculator.ts": {"lines":{"total":212,"covered":0,"skipped":0,"pct":0},"functions":{"total":34,"covered":0,"skipped":0,"pct":0},"statements":{"total":234,"covered":0,"skipped":0,"pct":0},"branches":{"total":94,"covered":0,"skipped":0,"pct":0}}
,"/mnt/wsl/docker-desktop-bind-mounts/Ubuntu/975b30c0f2abfbfeafe422fd2d8e29b4f90230bb31601c9eb4b185b5b3d516d0/apps/web/src/lib/services/traditional-fantasy/draft-analysis/types.ts": {"lines":{"total":2,"covered":0,"skipped":0,"pct":0},"functions":{"total":0,"covered":0,"skipped":0,"pct":100},"statements":{"total":4,"covered":0,"skipped":0,"pct":0},"branches":{"total":0,"covered":0,"skipped":0,"pct":100}}
,"/mnt/wsl/docker-desktop-bind-mounts/Ubuntu/975b30c0f2abfbfeafe422fd2d8e29b4f90230bb31601c9eb4b185b5b3d516d0/apps/web/src/lib/services/traditional-fantasy/keeper-management/contract-manager.ts": {"lines":{"total":215,"covered":0,"skipped":0,"pct":0},"functions":{"total":29,"covered":0,"skipped":0,"pct":0},"statements":{"total":233,"covered":0,"skipped":0,"pct":0},"branches":{"total":105,"covered":0,"skipped":0,"pct":0}}
,"/mnt/wsl/docker-desktop-bind-mounts/Ubuntu/975b30c0f2abfbfeafe422fd2d8e29b4f90230bb31601c9eb4b185b5b3d516d0/apps/web/src/lib/services/traditional-fantasy/keeper-management/dynasty-analyzer.ts": {"lines":{"total":295,"covered":0,"skipped":0,"pct":0},"functions":{"total":45,"covered":0,"skipped":0,"pct":0},"statements":{"total":346,"covered":0,"skipped":0,"pct":0},"branches":{"total":164,"covered":0,"skipped":0,"pct":0}}
,"/mnt/wsl/docker-desktop-bind-mounts/Ubuntu/975b30c0f2abfbfeafe422fd2d8e29b4f90230bb31601c9eb4b185b5b3d516d0/apps/web/src/lib/services/traditional-fantasy/keeper-management/dynasty-strategy-service.ts": {"lines":{"total":95,"covered":0,"skipped":0,"pct":0},"functions":{"total":26,"covered":0,"skipped":0,"pct":0},"statements":{"total":119,"covered":0,"skipped":0,"pct":0},"branches":{"total":45,"covered":0,"skipped":0,"pct":0}}
,"/mnt/wsl/docker-desktop-bind-mounts/Ubuntu/975b30c0f2abfbfeafe422fd2d8e29b4f90230bb31601c9eb4b185b5b3d516d0/apps/web/src/lib/services/traditional-fantasy/keeper-management/historical-analyzer.ts": {"lines":{"total":149,"covered":0,"skipped":0,"pct":0},"functions":{"total":49,"covered":0,"skipped":0,"pct":0},"statements":{"total":171,"covered":0,"skipped":0,"pct":0},"branches":{"total":36,"covered":0,"skipped":0,"pct":0}}
,"/mnt/wsl/docker-desktop-bind-mounts/Ubuntu/975b30c0f2abfbfeafe422fd2d8e29b4f90230bb31601c9eb4b185b5b3d516d0/apps/web/src/lib/services/traditional-fantasy/keeper-management/keeper-optimizer.ts": {"lines":{"total":262,"covered":0,"skipped":0,"pct":0},"functions":{"total":60,"covered":0,"skipped":0,"pct":0},"statements":{"total":277,"covered":0,"skipped":0,"pct":0},"branches":{"total":111,"covered":0,"skipped":0,"pct":0}}
,"/mnt/wsl/docker-desktop-bind-mounts/Ubuntu/975b30c0f2abfbfeafe422fd2d8e29b4f90230bb31601c9eb4b185b5b3d516d0/apps/web/src/lib/services/traditional-fantasy/keeper-management/trade-evaluator.ts": {"lines":{"total":274,"covered":0,"skipped":0,"pct":0},"functions":{"total":48,"covered":0,"skipped":0,"pct":0},"statements":{"total":319,"covered":0,"skipped":0,"pct":0},"branches":{"total":135,"covered":0,"skipped":0,"pct":0}}
,"/mnt/wsl/docker-desktop-bind-mounts/Ubuntu/975b30c0f2abfbfeafe422fd2d8e29b4f90230bb31601c9eb4b185b5b3d516d0/apps/web/src/lib/services/traditional-fantasy/keeper-management/value-projector.ts": {"lines":{"total":181,"covered":0,"skipped":0,"pct":0},"functions":{"total":41,"covered":0,"skipped":0,"pct":0},"statements":{"total":205,"covered":0,"skipped":0,"pct":0},"branches":{"total":40,"covered":0,"skipped":0,"pct":0}}
,"/mnt/wsl/docker-desktop-bind-mounts/Ubuntu/975b30c0f2abfbfeafe422fd2d8e29b4f90230bb31601c9eb4b185b5b3d516d0/apps/web/src/lib/services/traditional-fantasy/league-memory/data-persistence.ts": {"lines":{"total":166,"covered":0,"skipped":0,"pct":0},"functions":{"total":41,"covered":0,"skipped":0,"pct":0},"statements":{"total":187,"covered":0,"skipped":0,"pct":0},"branches":{"total":60,"covered":0,"skipped":0,"pct":0}}
,"/mnt/wsl/docker-desktop-bind-mounts/Ubuntu/975b30c0f2abfbfeafe422fd2d8e29b4f90230bb31601c9eb4b185b5b3d516d0/apps/web/src/lib/services/traditional-fantasy/league-memory/insight-generator.ts": {"lines":{"total":151,"covered":0,"skipped":0,"pct":0},"functions":{"total":49,"covered":0,"skipped":0,"pct":0},"statements":{"total":170,"covered":0,"skipped":0,"pct":0},"branches":{"total":52,"covered":0,"skipped":0,"pct":0}}
,"/mnt/wsl/docker-desktop-bind-mounts/Ubuntu/975b30c0f2abfbfeafe422fd2d8e29b4f90230bb31601c9eb4b185b5b3d516d0/apps/web/src/lib/services/traditional-fantasy/league-memory/league-memory.ts": {"lines":{"total":141,"covered":0,"skipped":0,"pct":0},"functions":{"total":37,"covered":0,"skipped":0,"pct":0},"statements":{"total":159,"covered":0,"skipped":0,"pct":0},"branches":{"total":45,"covered":0,"skipped":0,"pct":0}}
,"/mnt/wsl/docker-desktop-bind-mounts/Ubuntu/975b30c0f2abfbfeafe422fd2d8e29b4f90230bb31601c9eb4b185b5b3d516d0/apps/web/src/lib/services/traditional-fantasy/league-memory/manager-profiler.ts": {"lines":{"total":353,"covered":0,"skipped":0,"pct":0},"functions":{"total":79,"covered":0,"skipped":0,"pct":0},"statements":{"total":390,"covered":0,"skipped":0,"pct":0},"branches":{"total":150,"covered":0,"skipped":0,"pct":0}}
,"/mnt/wsl/docker-desktop-bind-mounts/Ubuntu/975b30c0f2abfbfeafe422fd2d8e29b4f90230bb31601c9eb4b185b5b3d516d0/apps/web/src/lib/services/traditional-fantasy/league-memory/pattern-analyzer.ts": {"lines":{"total":241,"covered":0,"skipped":0,"pct":0},"functions":{"total":69,"covered":0,"skipped":0,"pct":0},"statements":{"total":266,"covered":0,"skipped":0,"pct":0},"branches":{"total":51,"covered":0,"skipped":0,"pct":0}}
,"/mnt/wsl/docker-desktop-bind-mounts/Ubuntu/975b30c0f2abfbfeafe422fd2d8e29b4f90230bb31601c9eb4b185b5b3d516d0/apps/web/src/lib/services/traditional-fantasy/league-memory/performance-tracker.ts": {"lines":{"total":255,"covered":0,"skipped":0,"pct":0},"functions":{"total":50,"covered":0,"skipped":0,"pct":0},"statements":{"total":286,"covered":0,"skipped":0,"pct":0},"branches":{"total":87,"covered":0,"skipped":0,"pct":0}}
,"/mnt/wsl/docker-desktop-bind-mounts/Ubuntu/975b30c0f2abfbfeafe422fd2d8e29b4f90230bb31601c9eb4b185b5b3d516d0/apps/web/src/lib/services/traditional-fantasy/league-memory/prediction-engine.ts": {"lines":{"total":221,"covered":0,"skipped":0,"pct":0},"functions":{"total":70,"covered":0,"skipped":0,"pct":0},"statements":{"total":242,"covered":0,"skipped":0,"pct":0},"branches":{"total":58,"covered":0,"skipped":0,"pct":0}}
,"/mnt/wsl/docker-desktop-bind-mounts/Ubuntu/975b30c0f2abfbfeafe422fd2d8e29b4f90230bb31601c9eb4b185b5b3d516d0/apps/web/src/lib/services/waiver/faab-optimizer.ts": {"lines":{"total":140,"covered":0,"skipped":0,"pct":0},"functions":{"total":30,"covered":0,"skipped":0,"pct":0},"statements":{"total":173,"covered":0,"skipped":0,"pct":0},"branches":{"total":73,"covered":0,"skipped":0,"pct":0}}
,"/mnt/wsl/docker-desktop-bind-mounts/Ubuntu/975b30c0f2abfbfeafe422fd2d8e29b4f90230bb31601c9eb4b185b5b3d516d0/apps/web/src/lib/services/waiver/player-trend-analyzer.ts": {"lines":{"total":180,"covered":0,"skipped":0,"pct":0},"functions":{"total":45,"covered":0,"skipped":0,"pct":0},"statements":{"total":201,"covered":0,"skipped":0,"pct":0},"branches":{"total":134,"covered":0,"skipped":0,"pct":0}}
,"/mnt/wsl/docker-desktop-bind-mounts/Ubuntu/975b30c0f2abfbfeafe422fd2d8e29b4f90230bb31601c9eb4b185b5b3d516d0/apps/web/src/lib/services/waiver/waiver-recommendation-engine.ts": {"lines":{"total":126,"covered":0,"skipped":0,"pct":0},"functions":{"total":31,"covered":0,"skipped":0,"pct":0},"statements":{"total":150,"covered":0,"skipped":0,"pct":0},"branches":{"total":141,"covered":0,"skipped":0,"pct":0}}
,"/mnt/wsl/docker-desktop-bind-mounts/Ubuntu/975b30c0f2abfbfeafe422fd2d8e29b4f90230bb31601c9eb4b185b5b3d516d0/apps/web/src/lib/services/websocket/oracle-websocket.ts": {"lines":{"total":104,"covered":0,"skipped":0,"pct":0},"functions":{"total":23,"covered":0,"skipped":0,"pct":0},"statements":{"total":113,"covered":0,"skipped":0,"pct":0},"branches":{"total":25,"covered":0,"skipped":0,"pct":0}}
,"/mnt/wsl/docker-desktop-bind-mounts/Ubuntu/975b30c0f2abfbfeafe422fd2d8e29b4f90230bb31601c9eb4b185b5b3d516d0/apps/web/src/lib/utils/client-logger.ts": {"lines":{"total":15,"covered":0,"skipped":0,"pct":0},"functions":{"total":6,"covered":0,"skipped":0,"pct":0},"statements":{"total":15,"covered":0,"skipped":0,"pct":0},"branches":{"total":6,"covered":0,"skipped":0,"pct":0}}
,"/mnt/wsl/docker-desktop-bind-mounts/Ubuntu/975b30c0f2abfbfeafe422fd2d8e29b4f90230bb31601c9eb4b185b5b3d516d0/apps/web/src/lib/utils/dynamic-import.tsx": {"lines":{"total":12,"covered":0,"skipped":0,"pct":0},"functions":{"total":5,"covered":0,"skipped":0,"pct":0},"statements":{"total":12,"covered":0,"skipped":0,"pct":0},"branches":{"total":10,"covered":0,"skipped":0,"pct":0}}
,"/mnt/wsl/docker-desktop-bind-mounts/Ubuntu/975b30c0f2abfbfeafe422fd2d8e29b4f90230bb31601c9eb4b185b5b3d516d0/apps/web/src/lib/utils/password.ts": {"lines":{"total":112,"covered":0,"skipped":0,"pct":0},"functions":{"total":10,"covered":0,"skipped":0,"pct":0},"statements":{"total":118,"covered":0,"skipped":0,"pct":0},"branches":{"total":46,"covered":0,"skipped":0,"pct":0}}
,"/mnt/wsl/docker-desktop-bind-mounts/Ubuntu/975b30c0f2abfbfeafe422fd2d8e29b4f90230bb31601c9eb4b185b5b3d516d0/apps/web/src/lib/utils/performance.ts": {"lines":{"total":112,"covered":0,"skipped":0,"pct":0},"functions":{"total":29,"covered":0,"skipped":0,"pct":0},"statements":{"total":121,"covered":0,"skipped":0,"pct":0},"branches":{"total":33,"covered":0,"skipped":0,"pct":0}}
,"/mnt/wsl/docker-desktop-bind-mounts/Ubuntu/975b30c0f2abfbfeafe422fd2d8e29b4f90230bb31601c9eb4b185b5b3d516d0/apps/web/src/lib/utils/route-prefetch.ts": {"lines":{"total":41,"covered":0,"skipped":0,"pct":0},"functions":{"total":27,"covered":0,"skipped":0,"pct":0},"statements":{"total":46,"covered":0,"skipped":0,"pct":0},"branches":{"total":14,"covered":0,"skipped":0,"pct":0}}
,"/mnt/wsl/docker-desktop-bind-mounts/Ubuntu/975b30c0f2abfbfeafe422fd2d8e29b4f90230bb31601c9eb4b185b5b3d516d0/apps/web/src/lib/utils/split-component.tsx": {"lines":{"total":19,"covered":0,"skipped":0,"pct":0},"functions":{"total":9,"covered":0,"skipped":0,"pct":0},"statements":{"total":22,"covered":0,"skipped":0,"pct":0},"branches":{"total":17,"covered":0,"skipped":0,"pct":0}}
,"/mnt/wsl/docker-desktop-bind-mounts/Ubuntu/975b30c0f2abfbfeafe422fd2d8e29b4f90230bb31601c9eb4b185b5b3d516d0/apps/web/src/lib/utils/trade-helpers.ts": {"lines":{"total":48,"covered":0,"skipped":0,"pct":0},"functions":{"total":10,"covered":0,"skipped":0,"pct":0},"statements":{"total":55,"covered":0,"skipped":0,"pct":0},"branches":{"total":36,"covered":0,"skipped":0,"pct":0}}
,"/mnt/wsl/docker-desktop-bind-mounts/Ubuntu/975b30c0f2abfbfeafe422fd2d8e29b4f90230bb31601c9eb4b185b5b3d516d0/apps/web/src/lib/utils/type-guards.ts": {"lines":{"total":58,"covered":0,"skipped":0,"pct":0},"functions":{"total":22,"covered":0,"skipped":0,"pct":0},"statements":{"total":63,"covered":0,"skipped":0,"pct":0},"branches":{"total":19,"covered":0,"skipped":0,"pct":0}}
,"/mnt/wsl/docker-desktop-bind-mounts/Ubuntu/975b30c0f2abfbfeafe422fd2d8e29b4f90230bb31601c9eb4b185b5b3d516d0/apps/web/src/lib/utils/validation.ts": {"lines":{"total":41,"covered":0,"skipped":0,"pct":0},"functions":{"total":10,"covered":0,"skipped":0,"pct":0},"statements":{"total":44,"covered":0,"skipped":0,"pct":0},"branches":{"total":9,"covered":0,"skipped":0,"pct":0}}
,"/mnt/wsl/docker-desktop-bind-mounts/Ubuntu/975b30c0f2abfbfeafe422fd2d8e29b4f90230bb31601c9eb4b185b5b3d516d0/apps/web/src/lib/validation/middleware.ts": {"lines":{"total":104,"covered":0,"skipped":0,"pct":0},"functions":{"total":22,"covered":0,"skipped":0,"pct":0},"statements":{"total":112,"covered":0,"skipped":0,"pct":0},"branches":{"total":29,"covered":0,"skipped":0,"pct":0}}
,"/mnt/wsl/docker-desktop-bind-mounts/Ubuntu/975b30c0f2abfbfeafe422fd2d8e29b4f90230bb31601c9eb4b185b5b3d516d0/apps/web/src/lib/validation/security.ts": {"lines":{"total":88,"covered":0,"skipped":0,"pct":0},"functions":{"total":15,"covered":0,"skipped":0,"pct":0},"statements":{"total":96,"covered":0,"skipped":0,"pct":0},"branches":{"total":36,"covered":0,"skipped":0,"pct":0}}
,"/mnt/wsl/docker-desktop-bind-mounts/Ubuntu/975b30c0f2abfbfeafe422fd2d8e29b4f90230bb31601c9eb4b185b5b3d516d0/apps/web/src/lib/validation/schemas/admin.ts": {"lines":{"total":12,"covered":0,"skipped":0,"pct":0},"functions":{"total":0,"covered":0,"skipped":0,"pct":100},"statements":{"total":22,"covered":0,"skipped":0,"pct":0},"branches":{"total":0,"covered":0,"skipped":0,"pct":100}}
,"/mnt/wsl/docker-desktop-bind-mounts/Ubuntu/975b30c0f2abfbfeafe422fd2d8e29b4f90230bb31601c9eb4b185b5b3d516d0/apps/web/src/lib/validation/schemas/auth.ts": {"lines":{"total":20,"covered":0,"skipped":0,"pct":0},"functions":{"total":8,"covered":0,"skipped":0,"pct":0},"statements":{"total":28,"covered":0,"skipped":0,"pct":0},"branches":{"total":2,"covered":0,"skipped":0,"pct":0}}
,"/mnt/wsl/docker-desktop-bind-mounts/Ubuntu/975b30c0f2abfbfeafe422fd2d8e29b4f90230bb31601c9eb4b185b5b3d516d0/apps/web/src/lib/validation/schemas/common.ts": {"lines":{"total":26,"covered":0,"skipped":0,"pct":0},"functions":{"total":9,"covered":0,"skipped":0,"pct":0},"statements":{"total":46,"covered":0,"skipped":0,"pct":0},"branches":{"total":9,"covered":0,"skipped":0,"pct":0}}
,"/mnt/wsl/docker-desktop-bind-mounts/Ubuntu/975b30c0f2abfbfeafe422fd2d8e29b4f90230bb31601c9eb4b185b5b3d516d0/apps/web/src/lib/validation/schemas/contests.ts": {"lines":{"total":13,"covered":0,"skipped":0,"pct":0},"functions":{"total":1,"covered":0,"skipped":0,"pct":0},"statements":{"total":23,"covered":0,"skipped":0,"pct":0},"branches":{"total":0,"covered":0,"skipped":0,"pct":100}}
,"/mnt/wsl/docker-desktop-bind-mounts/Ubuntu/975b30c0f2abfbfeafe422fd2d8e29b4f90230bb31601c9eb4b185b5b3d516d0/apps/web/src/lib/validation/schemas/financial.ts": {"lines":{"total":17,"covered":0,"skipped":0,"pct":0},"functions":{"total":3,"covered":0,"skipped":0,"pct":0},"statements":{"total":27,"covered":0,"skipped":0,"pct":0},"branches":{"total":5,"covered":0,"skipped":0,"pct":0}}
,"/mnt/wsl/docker-desktop-bind-mounts/Ubuntu/975b30c0f2abfbfeafe422fd2d8e29b4f90230bb31601c9eb4b185b5b3d516d0/apps/web/src/lib/validation/schemas/leagues.ts": {"lines":{"total":17,"covered":0,"skipped":0,"pct":0},"functions":{"total":3,"covered":0,"skipped":0,"pct":0},"statements":{"total":29,"covered":0,"skipped":0,"pct":0},"branches":{"total":7,"covered":0,"skipped":0,"pct":0}}
,"/mnt/wsl/docker-desktop-bind-mounts/Ubuntu/975b30c0f2abfbfeafe422fd2d8e29b4f90230bb31601c9eb4b185b5b3d516d0/apps/web/src/lib/websocket/admin-websocket.ts": {"lines":{"total":227,"covered":0,"skipped":0,"pct":0},"functions":{"total":41,"covered":0,"skipped":0,"pct":0},"statements":{"total":240,"covered":0,"skipped":0,"pct":0},"branches":{"total":82,"covered":0,"skipped":0,"pct":0}}
,"/mnt/wsl/docker-desktop-bind-mounts/Ubuntu/975b30c0f2abfbfeafe422fd2d8e29b4f90230bb31601c9eb4b185b5b3d516d0/apps/web/src/lib/workers/data-collection.worker.ts": {"lines":{"total":134,"covered":0,"skipped":0,"pct":0},"functions":{"total":22,"covered":0,"skipped":0,"pct":0},"statements":{"total":137,"covered":0,"skipped":0,"pct":0},"branches":{"total":29,"covered":0,"skipped":0,"pct":0}}
,"/mnt/wsl/docker-desktop-bind-mounts/Ubuntu/975b30c0f2abfbfeafe422fd2d8e29b4f90230bb31601c9eb4b185b5b3d516d0/apps/web/src/lib/workers/init.ts": {"lines":{"total":38,"covered":0,"skipped":0,"pct":0},"functions":{"total":7,"covered":0,"skipped":0,"pct":0},"statements":{"total":45,"covered":0,"skipped":0,"pct":0},"branches":{"total":0,"covered":0,"skipped":0,"pct":100}}
,"/mnt/wsl/docker-desktop-bind-mounts/Ubuntu/975b30c0f2abfbfeafe422fd2d8e29b4f90230bb31601c9eb4b185b5b3d516d0/apps/web/src/lib/workers/maintenance.worker.ts": {"lines":{"total":144,"covered":0,"skipped":0,"pct":0},"functions":{"total":20,"covered":0,"skipped":0,"pct":0},"statements":{"total":146,"covered":0,"skipped":0,"pct":0},"branches":{"total":46,"covered":0,"skipped":0,"pct":0}}
,"/mnt/wsl/docker-desktop-bind-mounts/Ubuntu/975b30c0f2abfbfeafe422fd2d8e29b4f90230bb31601c9eb4b185b5b3d516d0/apps/web/src/lib/workers/ml.worker.ts": {"lines":{"total":151,"covered":0,"skipped":0,"pct":0},"functions":{"total":37,"covered":0,"skipped":0,"pct":0},"statements":{"total":162,"covered":0,"skipped":0,"pct":0},"branches":{"total":36,"covered":0,"skipped":0,"pct":0}}
,"/mnt/wsl/docker-desktop-bind-mounts/Ubuntu/975b30c0f2abfbfeafe422fd2d8e29b4f90230bb31601c9eb4b185b5b3d516d0/apps/web/src/lib/workers/trading.worker.ts": {"lines":{"total":124,"covered":0,"skipped":0,"pct":0},"functions":{"total":27,"covered":0,"skipped":0,"pct":0},"statements":{"total":133,"covered":0,"skipped":0,"pct":0},"branches":{"total":48,"covered":0,"skipped":0,"pct":0}}
,"/mnt/wsl/docker-desktop-bind-mounts/Ubuntu/975b30c0f2abfbfeafe422fd2d8e29b4f90230bb31601c9eb4b185b5b3d516d0/apps/web/src/pages/simple-test.tsx": {"lines":{"total":1,"covered":0,"skipped":0,"pct":0},"functions":{"total":1,"covered":0,"skipped":0,"pct":0},"statements":{"total":1,"covered":0,"skipped":0,"pct":0},"branches":{"total":0,"covered":0,"skipped":0,"pct":100}}
,"/mnt/wsl/docker-desktop-bind-mounts/Ubuntu/975b30c0f2abfbfeafe422fd2d8e29b4f90230bb31601c9eb4b185b5b3d516d0/apps/web/src/services/api-config.ts": {"lines":{"total":3,"covered":0,"skipped":0,"pct":0},"functions":{"total":0,"covered":0,"skipped":0,"pct":100},"statements":{"total":6,"covered":0,"skipped":0,"pct":0},"branches":{"total":10,"covered":0,"skipped":0,"pct":0}}
,"/mnt/wsl/docker-desktop-bind-mounts/Ubuntu/975b30c0f2abfbfeafe422fd2d8e29b4f90230bb31601c9eb4b185b5b3d516d0/apps/web/src/services/fantasy-api.ts": {"lines":{"total":80,"covered":0,"skipped":0,"pct":0},"functions":{"total":11,"covered":0,"skipped":0,"pct":0},"statements":{"total":81,"covered":0,"skipped":0,"pct":0},"branches":{"total":20,"covered":0,"skipped":0,"pct":0}}
,"/mnt/wsl/docker-desktop-bind-mounts/Ubuntu/975b30c0f2abfbfeafe422fd2d8e29b4f90230bb31601c9eb4b185b5b3d516d0/apps/web/src/services/fantasy-ml-api.ts": {"lines":{"total":17,"covered":0,"skipped":0,"pct":0},"functions":{"total":9,"covered":0,"skipped":0,"pct":0},"statements":{"total":20,"covered":0,"skipped":0,"pct":0},"branches":{"total":8,"covered":0,"skipped":0,"pct":0}}
,"/mnt/wsl/docker-desktop-bind-mounts/Ubuntu/975b30c0f2abfbfeafe422fd2d8e29b4f90230bb31601c9eb4b185b5b3d516d0/apps/web/src/services/websocket-client.ts": {"lines":{"total":88,"covered":0,"skipped":0,"pct":0},"functions":{"total":33,"covered":0,"skipped":0,"pct":0},"statements":{"total":97,"covered":0,"skipped":0,"pct":0},"branches":{"total":18,"covered":0,"skipped":0,"pct":0}}
,"/mnt/wsl/docker-desktop-bind-mounts/Ubuntu/975b30c0f2abfbfeafe422fd2d8e29b4f90230bb31601c9eb4b185b5b3d516d0/apps/web/src/services/websocket-service.ts": {"lines":{"total":85,"covered":0,"skipped":0,"pct":0},"functions":{"total":20,"covered":0,"skipped":0,"pct":0},"statements":{"total":86,"covered":0,"skipped":0,"pct":0},"branches":{"total":20,"covered":0,"skipped":0,"pct":0}}
}
