TN:
SF:src/app/error.tsx
FN:14,Error
FN:15,(anonymous_2)
FN:79,(anonymous_3)
FNF:3
FNH:0
FNDA:0,Error
FNDA:0,(anonymous_2)
FNDA:0,(anonymous_3)
DA:3,0
DA:4,0
DA:5,0
DA:6,0
DA:7,0
DA:14,0
DA:15,0
DA:17,0
DA:79,0
LF:9
LH:0
BRDA:43,0,0,0
BRDA:50,1,0,0
BRDA:59,2,0,0
BRF:3
BRH:0
end_of_record
TN:
SF:src/app/layout-original.tsx
FN:16,RootLayout
FNF:1
FNH:0
FNDA:0,RootLayout
DA:1,0
DA:2,0
DA:3,0
DA:4,0
DA:5,0
DA:6,0
DA:7,0
DA:9,0
DA:16,0
LF:9
LH:0
BRF:0
BRH:0
end_of_record
TN:
SF:src/app/layout.tsx
FN:5,RootLayout
FNF:1
FNH:0
FNDA:0,RootLayout
DA:3,0
DA:5,0
LF:2
LH:0
BRF:0
BRH:0
end_of_record
TN:
SF:src/app/not-found.tsx
FN:8,NotFound
FN:40,(anonymous_3)
FNF:2
FNH:0
FNDA:0,NotFound
FNDA:0,(anonymous_3)
DA:3,0
DA:4,0
DA:5,0
DA:6,0
DA:8,0
DA:40,0
LF:6
LH:0
BRF:0
BRH:0
end_of_record
TN:
SF:src/app/page-original.tsx
FN:6,HomePage
FN:15,(anonymous_3)
FN:18,(anonymous_4)
FN:19,(anonymous_5)
FNF:4
FNH:0
FNDA:0,HomePage
FNDA:0,(anonymous_3)
FNDA:0,(anonymous_4)
FNDA:0,(anonymous_5)
DA:3,0
DA:4,0
DA:6,0
DA:7,0
DA:15,0
DA:17,0
DA:18,0
DA:20,0
DA:21,0
LF:9
LH:0
BRDA:20,0,0,0
BRF:1
BRH:0
end_of_record
TN:
SF:src/app/page.tsx
FN:6,HomePage
FN:15,(anonymous_3)
FN:18,(anonymous_4)
FN:19,(anonymous_5)
FNF:4
FNH:0
FNDA:0,HomePage
FNDA:0,(anonymous_3)
FNDA:0,(anonymous_4)
FNDA:0,(anonymous_5)
DA:3,0
DA:4,0
DA:6,0
DA:7,0
DA:15,0
DA:17,0
DA:18,0
DA:20,0
DA:21,0
LF:9
LH:0
BRDA:20,0,0,0
BRF:1
BRH:0
end_of_record
TN:
SF:src/app/accessibility-test/page.tsx
FN:16,AccessibilityTestPage
FN:20,(anonymous_2)
FN:103,(anonymous_3)
FN:103,(anonymous_4)
FN:116,(anonymous_5)
FN:116,(anonymous_6)
FN:128,(anonymous_7)
FN:128,(anonymous_8)
FNF:8
FNH:0
FNDA:0,AccessibilityTestPage
FNDA:0,(anonymous_2)
FNDA:0,(anonymous_3)
FNDA:0,(anonymous_4)
FNDA:0,(anonymous_5)
FNDA:0,(anonymous_6)
FNDA:0,(anonymous_7)
FNDA:0,(anonymous_8)
DA:7,0
DA:8,0
DA:9,0
DA:10,0
DA:11,0
DA:12,0
DA:13,0
DA:14,0
DA:16,0
DA:17,0
DA:18,0
DA:20,0
DA:21,0
DA:22,0
DA:24,0
DA:25,0
DA:26,0
DA:28,0
DA:30,0
DA:31,0
DA:103,0
DA:116,0
DA:128,0
LF:23
LH:0
BRDA:24,0,0,0
BRDA:25,1,0,0
BRDA:26,2,0,0
BRDA:30,3,0,0
BRDA:131,4,0,0
BRDA:131,4,1,0
BRDA:135,5,0,0
BRF:7
BRH:0
end_of_record
TN:
SF:src/app/admin/layout.tsx
FN:20,AdminLayout
FN:36,(anonymous_2)
FN:38,(anonymous_3)
FN:45,(anonymous_4)
FNF:4
FNH:0
FNDA:0,AdminLayout
FNDA:0,(anonymous_2)
FNDA:0,(anonymous_3)
FNDA:0,(anonymous_4)
DA:10,0
DA:11,0
DA:12,0
DA:13,0
DA:14,0
DA:20,0
DA:22,0
DA:23,0
DA:27,0
DA:36,0
DA:37,0
DA:38,0
DA:39,0
DA:42,0
DA:43,0
DA:45,0
LF:16
LH:0
BRDA:67,0,0,0
BRDA:67,0,1,0
BRF:2
BRH:0
end_of_record
TN:
SF:src/app/admin/page.tsx
FN:13,AdminDashboard
FN:19,(anonymous_2)
FN:23,(anonymous_3)
FN:36,(anonymous_4)
FN:40,(anonymous_5)
FN:73,(anonymous_6)
FN:141,(anonymous_7)
FN:150,(anonymous_8)
FN:159,(anonymous_9)
FN:168,(anonymous_10)
FN:185,(anonymous_11)
FN:221,StatCard
FN:242,ServiceItem
FNF:13
FNH:0
FNDA:0,AdminDashboard
FNDA:0,(anonymous_2)
FNDA:0,(anonymous_3)
FNDA:0,(anonymous_4)
FNDA:0,(anonymous_5)
FNDA:0,(anonymous_6)
FNDA:0,(anonymous_7)
FNDA:0,(anonymous_8)
FNDA:0,(anonymous_9)
FNDA:0,(anonymous_10)
FNDA:0,(anonymous_11)
FNDA:0,StatCard
FNDA:0,ServiceItem
DA:10,0
DA:11,0
DA:13,0
DA:14,0
DA:15,0
DA:16,0
DA:17,0
DA:19,0
DA:20,0
DA:23,0
DA:24,0
DA:25,0
DA:26,0
DA:27,0
DA:28,0
DA:30,0
DA:32,0
DA:36,0
DA:37,0
DA:40,0
DA:41,0
DA:73,0
DA:141,0
DA:150,0
DA:159,0
DA:168,0
DA:186,0
DA:222,0
LF:28
LH:0
BRDA:28,0,0,0
BRDA:28,0,1,0
BRDA:53,1,0,0
BRDA:53,1,1,0
BRDA:54,2,0,0
BRDA:54,2,1,0
BRDA:59,3,0,0
BRDA:83,4,0,0
BRDA:92,5,0,0
BRDA:92,5,1,0
BRDA:98,6,0,0
BRDA:98,6,1,0
BRDA:104,7,0,0
BRDA:104,7,1,0
BRDA:110,8,0,0
BRDA:110,8,1,0
BRDA:179,9,0,0
BRDA:179,9,1,0
BRDA:236,10,0,0
BRDA:236,10,1,0
BRDA:246,11,0,0
BRDA:246,11,1,0
BRDA:247,12,0,0
BRDA:247,12,1,0
BRF:24
BRH:0
end_of_record
TN:
SF:src/app/admin/dfs-training/page.tsx
FN:34,DFSTrainingDashboard
FN:66,(anonymous_2)
FN:70,(anonymous_3)
FN:103,(anonymous_4)
FN:143,(anonymous_5)
FN:147,(anonymous_6)
FN:165,(anonymous_7)
FN:183,(anonymous_8)
FN:197,(anonymous_9)
FN:280,(anonymous_10)
FN:300,(anonymous_11)
FNF:11
FNH:0
FNDA:0,DFSTrainingDashboard
FNDA:0,(anonymous_2)
FNDA:0,(anonymous_3)
FNDA:0,(anonymous_4)
FNDA:0,(anonymous_5)
FNDA:0,(anonymous_6)
FNDA:0,(anonymous_7)
FNDA:0,(anonymous_8)
FNDA:0,(anonymous_9)
FNDA:0,(anonymous_10)
FNDA:0,(anonymous_11)
DA:10,0
DA:11,0
DA:12,0
DA:34,0
DA:35,0
DA:36,0
DA:37,0
DA:38,0
DA:39,0
DA:40,0
DA:43,0
DA:66,0
DA:67,0
DA:70,0
DA:72,0
DA:100,0
DA:103,0
DA:104,0
DA:105,0
DA:107,0
DA:108,0
DA:111,0
DA:128,0
DA:130,0
DA:131,0
DA:133,0
DA:136,0
DA:137,0
DA:139,0
DA:143,0
DA:144,0
DA:147,0
DA:148,0
DA:165,0
DA:183,0
DA:197,0
DA:281,0
DA:301,0
LF:38
LH:0
BRDA:100,0,0,0
BRDA:100,0,1,0
BRDA:130,1,0,0
BRDA:130,1,1,0
BRDA:133,2,0,0
BRDA:133,2,1,0
BRDA:235,3,0,0
BRDA:235,3,1,0
BRDA:258,4,0,0
BRDA:258,4,1,0
BRDA:273,5,0,0
BRDA:291,6,0,0
BRF:12
BRH:0
end_of_record
TN:
SF:src/app/admin/gpu-monitor/page.tsx
FN:1,GPUMonitorPage
FNF:1
FNH:0
FNDA:0,GPUMonitorPage
DA:1,0
LF:1
LH:0
BRF:0
BRH:0
end_of_record
TN:
SF:src/app/admin/launch/page.tsx
FN:11,LaunchControl
FN:15,(anonymous_2)
FN:72,(anonymous_3)
FN:89,(anonymous_4)
FN:106,(anonymous_5)
FN:123,(anonymous_6)
FN:165,(anonymous_7)
FN:171,(anonymous_8)
FNF:8
FNH:0
FNDA:0,LaunchControl
FNDA:0,(anonymous_2)
FNDA:0,(anonymous_3)
FNDA:0,(anonymous_4)
FNDA:0,(anonymous_5)
FNDA:0,(anonymous_6)
FNDA:0,(anonymous_7)
FNDA:0,(anonymous_8)
DA:8,0
DA:9,0
DA:11,0
DA:12,0
DA:13,0
DA:15,0
DA:16,0
DA:18,0
DA:20,0
DA:21,0
DA:23,0
DA:24,0
DA:26,0
DA:27,0
DA:30,0
DA:35,0
DA:36,0
DA:37,0
DA:38,0
DA:40,0
DA:72,0
DA:89,0
DA:106,0
DA:123,0
DA:165,0
DA:171,0
LF:26
LH:0
BRDA:18,0,0,0
BRDA:18,0,1,0
BRDA:18,0,2,0
BRDA:18,0,3,0
BRDA:18,0,4,0
BRDA:82,1,0,0
BRDA:82,1,1,0
BRDA:99,2,0,0
BRDA:99,2,1,0
BRDA:116,3,0,0
BRDA:116,3,1,0
BRDA:133,4,0,0
BRDA:133,4,1,0
BRF:13
BRH:0
end_of_record
TN:
SF:src/app/admin/ml-training/page.tsx
FN:14,(anonymous_5)
FN:14,(anonymous_6)
FN:21,MLTrainingPage
FNF:3
FNH:0
FNDA:0,(anonymous_5)
FNDA:0,(anonymous_6)
FNDA:0,MLTrainingPage
DA:10,0
DA:11,0
DA:14,0
DA:21,0
DA:22,0
LF:5
LH:0
BRF:0
BRH:0
end_of_record
TN:
SF:src/app/admin/ownership/page.tsx
FN:57,OwnershipDashboard
FN:67,(anonymous_3)
FN:98,(anonymous_4)
FN:103,(anonymous_5)
FN:138,(anonymous_6)
FN:149,(anonymous_7)
FN:156,(anonymous_8)
FN:161,(anonymous_9)
FN:170,(anonymous_10)
FN:231,(anonymous_11)
FN:234,(anonymous_12)
FN:252,(anonymous_13)
FN:263,(anonymous_14)
FN:281,(anonymous_15)
FN:284,(anonymous_16)
FN:404,(anonymous_17)
FN:407,(anonymous_18)
FN:428,(anonymous_19)
FN:429,(anonymous_20)
FN:438,(anonymous_21)
FN:462,(anonymous_22)
FN:495,(anonymous_23)
FN:496,(anonymous_24)
FN:532,(anonymous_25)
FN:533,(anonymous_26)
FN:568,(anonymous_27)
FN:587,(anonymous_28)
FNF:27
FNH:0
FNDA:0,OwnershipDashboard
FNDA:0,(anonymous_3)
FNDA:0,(anonymous_4)
FNDA:0,(anonymous_5)
FNDA:0,(anonymous_6)
FNDA:0,(anonymous_7)
FNDA:0,(anonymous_8)
FNDA:0,(anonymous_9)
FNDA:0,(anonymous_10)
FNDA:0,(anonymous_11)
FNDA:0,(anonymous_12)
FNDA:0,(anonymous_13)
FNDA:0,(anonymous_14)
FNDA:0,(anonymous_15)
FNDA:0,(anonymous_16)
FNDA:0,(anonymous_17)
FNDA:0,(anonymous_18)
FNDA:0,(anonymous_19)
FNDA:0,(anonymous_20)
FNDA:0,(anonymous_21)
FNDA:0,(anonymous_22)
FNDA:0,(anonymous_23)
FNDA:0,(anonymous_24)
FNDA:0,(anonymous_25)
FNDA:0,(anonymous_26)
FNDA:0,(anonymous_27)
FNDA:0,(anonymous_28)
DA:3,0
DA:4,0
DA:21,0
DA:22,0
DA:23,0
DA:57,0
DA:58,0
DA:59,0
DA:60,0
DA:61,0
DA:62,0
DA:63,0
DA:64,0
DA:67,0
DA:68,0
DA:69,0
DA:70,0
DA:81,0
DA:83,0
DA:84,0
DA:85,0
DA:87,0
DA:90,0
DA:91,0
DA:93,0
DA:98,0
DA:99,0
DA:103,0
DA:104,0
DA:105,0
DA:106,0
DA:117,0
DA:119,0
DA:120,0
DA:122,0
DA:123,0
DA:130,0
DA:131,0
DA:133,0
DA:138,0
DA:139,0
DA:140,0
DA:141,0
DA:143,0
DA:145,0
DA:149,0
DA:150,0
DA:151,0
DA:152,0
DA:155,0
DA:156,0
DA:159,0
DA:161,0
DA:170,0
DA:172,0
DA:173,0
DA:174,0
DA:175,0
DA:176,0
DA:177,0
DA:178,0
DA:180,0
DA:183,0
DA:232,0
DA:234,0
DA:252,0
DA:263,0
DA:281,0
DA:285,0
DA:405,0
DA:407,0
DA:428,0
DA:430,0
DA:438,0
DA:463,0
DA:495,0
DA:497,0
DA:532,0
DA:534,0
DA:569,0
DA:588,0
LF:81
LH:0
BRDA:83,0,0,0
BRDA:83,0,1,0
BRDA:119,1,0,0
BRDA:122,2,0,0
BRDA:140,3,0,0
BRDA:140,3,1,0
BRDA:150,4,0,0
BRDA:155,5,0,0
BRDA:155,5,1,0
BRDA:202,6,0,0
BRDA:202,6,1,0
BRDA:236,7,0,0
BRDA:236,7,1,0
BRDA:254,8,0,0
BRDA:254,8,1,0
BRDA:265,9,0,0
BRDA:265,9,1,0
BRDA:292,10,0,0
BRDA:302,11,0,0
BRDA:302,11,1,0
BRDA:318,12,0,0
BRDA:318,12,1,0
BRDA:335,13,0,0
BRDA:335,13,1,0
BRDA:352,14,0,0
BRDA:352,14,1,0
BRDA:369,15,0,0
BRDA:369,15,1,0
BRDA:386,16,0,0
BRDA:386,16,1,0
BRDA:409,17,0,0
BRDA:409,17,1,0
BRDA:423,18,0,0
BRDA:428,19,0,0
BRDA:428,19,1,0
BRDA:436,20,0,0
BRDA:436,20,1,0
BRDA:460,21,0,0
BRDA:476,22,0,0
BRDA:476,22,1,0
BRDA:490,23,0,0
BRDA:495,24,0,0
BRDA:495,24,1,0
BRDA:527,25,0,0
BRDA:532,26,0,0
BRDA:532,26,1,0
BRDA:564,27,0,0
BRDA:619,28,0,0
BRF:48
BRH:0
end_of_record
TN:
SF:src/app/admin/rate-limits/page.tsx
FN:14,RateLimitsPage
FNF:1
FNH:0
FNDA:0,RateLimitsPage
DA:7,0
DA:9,0
DA:14,0
LF:3
LH:0
BRF:0
BRH:0
end_of_record
TN:
SF:src/app/admin/trading/page.tsx
FN:57,TradingDashboard
FN:68,(anonymous_3)
FN:71,(anonymous_4)
FN:75,(anonymous_5)
FN:101,(anonymous_6)
FN:114,(anonymous_7)
FN:148,(anonymous_8)
FN:154,(anonymous_9)
FN:182,(anonymous_10)
FN:195,(anonymous_11)
FN:209,(anonymous_12)
FN:215,(anonymous_13)
FN:224,(anonymous_14)
FN:318,(anonymous_15)
FN:321,(anonymous_16)
FN:349,(anonymous_17)
FN:374,(anonymous_18)
FN:377,(anonymous_19)
FN:487,(anonymous_20)
FN:515,(anonymous_21)
FN:540,(anonymous_22)
FN:553,(anonymous_23)
FNF:22
FNH:0
FNDA:0,TradingDashboard
FNDA:0,(anonymous_3)
FNDA:0,(anonymous_4)
FNDA:0,(anonymous_5)
FNDA:0,(anonymous_6)
FNDA:0,(anonymous_7)
FNDA:0,(anonymous_8)
FNDA:0,(anonymous_9)
FNDA:0,(anonymous_10)
FNDA:0,(anonymous_11)
FNDA:0,(anonymous_12)
FNDA:0,(anonymous_13)
FNDA:0,(anonymous_14)
FNDA:0,(anonymous_15)
FNDA:0,(anonymous_16)
FNDA:0,(anonymous_17)
FNDA:0,(anonymous_18)
FNDA:0,(anonymous_19)
FNDA:0,(anonymous_20)
FNDA:0,(anonymous_21)
FNDA:0,(anonymous_22)
FNDA:0,(anonymous_23)
DA:3,0
DA:4,0
DA:23,0
DA:24,0
DA:25,0
DA:57,0
DA:58,0
DA:59,0
DA:60,0
DA:61,0
DA:62,0
DA:63,0
DA:64,0
DA:65,0
DA:68,0
DA:69,0
DA:70,0
DA:71,0
DA:75,0
DA:76,0
DA:77,0
DA:78,0
DA:80,0
DA:92,0
DA:94,0
DA:95,0
DA:96,0
DA:97,0
DA:98,0
DA:101,0
DA:103,0
DA:106,0
DA:107,0
DA:108,0
DA:109,0
DA:114,0
DA:115,0
DA:116,0
DA:117,0
DA:119,0
DA:129,0
DA:131,0
DA:132,0
DA:133,0
DA:134,0
DA:135,0
DA:137,0
DA:140,0
DA:141,0
DA:142,0
DA:143,0
DA:148,0
DA:149,0
DA:150,0
DA:151,0
DA:154,0
DA:164,0
DA:173,0
DA:175,0
DA:176,0
DA:177,0
DA:178,0
DA:179,0
DA:182,0
DA:184,0
DA:187,0
DA:188,0
DA:189,0
DA:190,0
DA:195,0
DA:196,0
DA:197,0
DA:203,0
DA:205,0
DA:206,0
DA:209,0
DA:210,0
DA:214,0
DA:215,0
DA:219,0
DA:224,0
DA:225,0
DA:226,0
DA:232,0
DA:234,0
DA:235,0
DA:236,0
DA:237,0
DA:238,0
DA:240,0
DA:241,0
DA:244,0
DA:245,0
DA:249,0
DA:319,0
DA:321,0
DA:349,0
DA:375,0
DA:377,0
DA:488,0
DA:515,0
DA:540,0
DA:554,0
LF:103
LH:0
BRDA:68,0,0,0
BRDA:70,1,0,0
BRDA:70,1,1,0
BRDA:70,2,0,0
BRDA:70,2,1,0
BRDA:94,3,0,0
BRDA:94,3,1,0
BRDA:96,4,0,0
BRDA:96,4,1,0
BRDA:108,5,0,0
BRDA:108,5,1,0
BRDA:131,6,0,0
BRDA:131,6,1,0
BRDA:132,7,0,0
BRDA:132,7,1,0
BRDA:142,8,0,0
BRDA:142,8,1,0
BRDA:175,9,0,0
BRDA:175,9,1,0
BRDA:189,10,0,0
BRDA:189,10,1,0
BRDA:205,11,0,0
BRDA:210,12,0,0
BRDA:210,12,1,0
BRDA:214,13,0,0
BRDA:214,14,0,0
BRDA:214,14,1,0
BRDA:234,15,0,0
BRDA:237,16,0,0
BRDA:283,17,0,0
BRDA:312,18,0,0
BRDA:323,19,0,0
BRDA:323,19,1,0
BRDA:357,20,0,0
BRDA:357,20,1,0
BRDA:357,21,0,0
BRDA:357,21,1,0
BRDA:363,22,0,0
BRDA:363,22,1,0
BRDA:363,23,0,0
BRDA:363,23,1,0
BRDA:379,24,0,0
BRDA:379,24,1,0
BRDA:393,25,0,0
BRDA:393,25,1,0
BRDA:404,26,0,0
BRDA:404,26,1,0
BRDA:406,27,0,0
BRDA:406,27,1,0
BRDA:410,28,0,0
BRDA:427,29,0,0
BRDA:427,29,1,0
BRDA:444,30,0,0
BRDA:444,30,1,0
BRDA:461,31,0,0
BRDA:461,31,1,0
BRDA:477,32,0,0
BRDA:477,32,1,0
BRDA:478,33,0,0
BRDA:478,33,1,0
BRDA:487,34,0,0
BRDA:501,35,0,0
BRDA:509,36,0,0
BRDA:509,36,1,0
BRDA:513,37,0,0
BRDA:523,38,0,0
BRDA:530,39,0,0
BRDA:530,39,1,0
BRDA:538,40,0,0
BRDA:538,40,1,0
BRDA:553,41,0,0
BRDA:559,42,0,0
BRDA:559,42,1,0
BRDA:560,43,0,0
BRDA:560,43,1,0
BRDA:577,44,0,0
BRDA:585,45,0,0
BRDA:585,45,1,0
BRDA:586,46,0,0
BRDA:586,46,1,0
BRDA:587,47,0,0
BRDA:587,47,1,0
BRDA:591,48,0,0
BRDA:591,48,1,0
BRF:84
BRH:0
end_of_record
TN:
SF:src/app/agents/page.tsx
FN:122,AgentsPage
FN:128,(anonymous_6)
FN:130,(anonymous_7)
FN:140,(anonymous_8)
FN:147,(anonymous_9)
FN:206,(anonymous_10)
FN:218,(anonymous_11)
FN:245,(anonymous_12)
FN:280,(anonymous_13)
FN:299,(anonymous_14)
FNF:10
FNH:0
FNDA:0,AgentsPage
FNDA:0,(anonymous_6)
FNDA:0,(anonymous_7)
FNDA:0,(anonymous_8)
FNDA:0,(anonymous_9)
FNDA:0,(anonymous_10)
FNDA:0,(anonymous_11)
FNDA:0,(anonymous_12)
FNDA:0,(anonymous_13)
FNDA:0,(anonymous_14)
DA:10,0
DA:11,0
DA:12,0
DA:13,0
DA:14,0
DA:15,0
DA:16,0
DA:29,0
DA:122,0
DA:123,0
DA:124,0
DA:125,0
DA:128,0
DA:129,0
DA:130,0
DA:131,0
DA:132,0
DA:140,0
DA:147,0
DA:207,0
DA:218,0
DA:246,0
DA:280,0
DA:300,0
LF:24
LH:0
BRDA:129,0,0,0
BRDA:216,1,0,0
BRDA:216,1,1,0
BRDA:228,2,0,0
BRDA:272,3,0,0
BRDA:283,4,0,0
BRDA:283,4,1,0
BRDA:289,5,0,0
BRDA:298,6,0,0
BRDA:320,7,0,0
BRDA:320,7,1,0
BRDA:331,8,0,0
BRF:12
BRH:0
end_of_record
TN:
SF:src/app/analytics/page.tsx
FN:16,AnalyticsPage
FN:66,(anonymous_3)
FNF:2
FNH:0
FNDA:0,AnalyticsPage
FNDA:0,(anonymous_3)
DA:10,0
DA:11,0
DA:12,0
DA:13,0
DA:14,0
DA:16,0
DA:17,0
DA:68,0
DA:69,0
LF:9
LH:0
BRF:0
BRH:0
end_of_record
TN:
SF:src/app/api/admin/auth/login/route.ts
FN:54,(anonymous_4)
FN:215,GET
FN:236,updateLoginAttempts
FNF:3
FNH:0
FNDA:0,(anonymous_4)
FNDA:0,GET
FNDA:0,updateLoginAttempts
DA:8,0
DA:9,0
DA:10,0
DA:11,0
DA:12,0
DA:13,0
DA:14,0
DA:17,0
DA:21,0
DA:30,0
DA:31,0
DA:32,0
DA:36,0
DA:51,0
DA:55,0
DA:56,0
DA:57,0
DA:59,0
DA:61,0
DA:67,0
DA:72,0
DA:73,0
DA:75,0
DA:76,0
DA:83,0
DA:84,0
DA:85,0
DA:92,0
DA:94,0
DA:96,0
DA:97,0
DA:100,0
DA:101,0
DA:102,0
DA:106,0
DA:107,0
DA:108,0
DA:109,0
DA:110,0
DA:115,0
DA:118,0
DA:119,0
DA:120,0
DA:127,0
DA:128,0
DA:135,0
DA:136,0
DA:137,0
DA:144,0
DA:155,0
DA:162,0
DA:163,0
DA:169,0
DA:172,0
DA:175,0
DA:176,0
DA:177,0
DA:186,0
DA:188,0
DA:202,0
DA:203,0
DA:207,0
DA:215,0
DA:216,0
DA:220,0
DA:223,0
DA:226,0
DA:228,0
DA:237,0
DA:238,0
DA:240,0
DA:241,0
LF:72
LH:0
BRDA:22,0,0,0
BRDA:22,0,1,0
BRDA:23,1,0,0
BRDA:23,1,1,0
BRDA:24,2,0,0
BRDA:24,2,1,0
BRDA:30,3,0,0
BRDA:30,4,0,0
BRDA:30,4,1,0
BRDA:67,5,0,0
BRDA:67,5,1,0
BRDA:67,5,2,0
BRDA:72,6,0,0
BRDA:72,6,1,0
BRDA:75,7,0,0
BRDA:75,8,0,0
BRDA:75,8,1,0
BRDA:83,9,0,0
BRDA:94,10,0,0
BRDA:94,10,1,0
BRDA:100,11,0,0
BRDA:107,12,0,0
BRDA:115,13,0,0
BRDA:115,13,1,0
BRDA:118,14,0,0
BRDA:127,15,0,0
BRDA:135,16,0,0
BRDA:146,17,0,0
BRDA:146,17,1,0
BRDA:146,17,2,0
BRDA:147,18,0,0
BRDA:147,18,1,0
BRDA:148,19,0,0
BRDA:148,19,1,0
BRDA:150,20,0,0
BRDA:150,20,1,0
BRDA:162,21,0,0
BRDA:176,22,0,0
BRDA:176,22,1,0
BRDA:204,23,0,0
BRDA:204,23,1,0
BRDA:205,24,0,0
BRDA:205,24,1,0
BRDA:208,25,0,0
BRDA:208,25,1,0
BRDA:216,26,0,0
BRDA:216,26,1,0
BRDA:216,26,2,0
BRDA:220,27,0,0
BRDA:220,27,1,0
BRDA:223,28,0,0
BRDA:223,28,1,0
BRDA:237,29,0,0
BRDA:237,29,1,0
BRDA:240,30,0,0
BRDA:240,30,1,0
BRF:56
BRH:0
end_of_record
TN:
SF:src/app/api/admin/auth/logout/route.ts
FN:12,POST
FNF:1
FNH:0
FNDA:0,POST
DA:7,0
DA:8,0
DA:9,0
DA:10,0
DA:12,0
DA:13,0
DA:15,0
DA:16,0
DA:18,0
DA:20,0
DA:23,0
DA:25,0
DA:27,0
DA:35,0
DA:37,0
DA:42,0
DA:44,0
DA:49,0
DA:52,0
DA:53,0
DA:54,0
DA:56,0
DA:59,0
LF:23
LH:0
BRDA:18,0,0,0
BRDA:25,1,0,0
BRDA:25,1,1,0
BRDA:25,2,0,0
BRDA:25,2,1,0
BRDA:28,3,0,0
BRDA:28,3,1,0
BRDA:28,3,2,0
BRDA:31,4,0,0
BRDA:31,4,1,0
BRF:10
BRH:0
end_of_record
TN:
SF:src/app/api/admin/client-info/route.ts
FN:9,GET
FNF:1
FNH:0
FNDA:0,GET
DA:7,0
DA:9,0
DA:10,0
DA:15,0
DA:18,0
DA:21,0
DA:23,0
LF:7
LH:0
BRDA:10,0,0,0
BRDA:10,0,1,0
BRDA:10,0,2,0
BRDA:10,0,3,0
BRDA:15,1,0,0
BRDA:15,1,1,0
BRDA:18,2,0,0
BRDA:18,2,1,0
BRF:8
BRH:0
end_of_record
TN:
SF:src/app/api/admin/collect-data/route.ts
FN:14,POST
FNF:1
FNH:0
FNDA:0,POST
DA:6,0
DA:7,0
DA:8,0
DA:9,0
DA:10,0
DA:12,0
DA:14,0
DA:15,0
DA:17,0
DA:18,0
DA:21,0
DA:29,0
DA:30,0
DA:35,0
DA:39,0
DA:61,0
DA:62,0
LF:17
LH:0
BRDA:29,0,0,0
BRDA:29,1,0,0
BRDA:29,1,1,0
BRDA:64,2,0,0
BRDA:64,2,1,0
BRF:5
BRH:0
end_of_record
TN:
SF:src/app/api/admin/optimize/route.ts
FN:63,POST
FN:93,(anonymous_2)
FN:99,(anonymous_3)
FN:100,(anonymous_4)
FN:101,(anonymous_5)
FN:130,optimizeLineup
FN:142,(anonymous_7)
FN:166,(anonymous_8)
FN:174,(anonymous_9)
FN:183,(anonymous_10)
FN:221,(anonymous_11)
FN:232,(anonymous_12)
FN:234,(anonymous_13)
FN:242,(anonymous_14)
FN:243,(anonymous_15)
FN:246,(anonymous_16)
FN:247,(anonymous_17)
FN:263,(anonymous_18)
FN:264,(anonymous_19)
FN:267,(anonymous_20)
FNF:20
FNH:0
FNDA:0,POST
FNDA:0,(anonymous_2)
FNDA:0,(anonymous_3)
FNDA:0,(anonymous_4)
FNDA:0,(anonymous_5)
FNDA:0,optimizeLineup
FNDA:0,(anonymous_7)
FNDA:0,(anonymous_8)
FNDA:0,(anonymous_9)
FNDA:0,(anonymous_10)
FNDA:0,(anonymous_11)
FNDA:0,(anonymous_12)
FNDA:0,(anonymous_13)
FNDA:0,(anonymous_14)
FNDA:0,(anonymous_15)
FNDA:0,(anonymous_16)
FNDA:0,(anonymous_17)
FNDA:0,(anonymous_18)
FNDA:0,(anonymous_19)
FNDA:0,(anonymous_20)
DA:6,0
DA:7,0
DA:35,0
DA:51,0
DA:63,0
DA:64,0
DA:66,0
DA:67,0
DA:68,0
DA:70,0
DA:71,0
DA:76,0
DA:77,0
DA:80,0
DA:81,0
DA:90,0
DA:91,0
DA:93,0
DA:94,0
DA:99,0
DA:100,0
DA:101,0
DA:103,0
DA:122,0
DA:123,0
DA:138,0
DA:139,0
DA:142,0
DA:143,0
DA:146,0
DA:148,0
DA:149,0
DA:152,0
DA:153,0
DA:157,0
DA:158,0
DA:162,0
DA:166,0
DA:169,0
DA:170,0
DA:171,0
DA:174,0
DA:175,0
DA:179,0
DA:180,0
DA:182,0
DA:183,0
DA:185,0
DA:186,0
DA:189,0
DA:190,0
DA:193,0
DA:194,0
DA:197,0
DA:198,0
DA:202,0
DA:208,0
DA:210,0
DA:211,0
DA:213,0
DA:214,0
DA:215,0
DA:221,0
DA:222,0
DA:225,0
DA:226,0
DA:230,0
DA:232,0
DA:233,0
DA:234,0
DA:235,0
DA:241,0
DA:242,0
DA:243,0
DA:245,0
DA:246,0
DA:247,0
DA:249,0
DA:250,0
DA:251,0
DA:253,0
DA:254,0
DA:255,0
DA:262,0
DA:263,0
DA:264,0
DA:266,0
DA:269,0
DA:270,0
LF:89
LH:0
BRDA:70,0,0,0
BRDA:70,1,0,0
BRDA:70,1,1,0
BRDA:70,1,2,0
BRDA:70,1,3,0
BRDA:90,2,0,0
BRDA:114,3,0,0
BRDA:114,3,1,0
BRDA:116,4,0,0
BRDA:116,4,1,0
BRDA:125,5,0,0
BRDA:125,5,1,0
BRDA:139,6,0,0
BRDA:146,7,0,0
BRDA:146,7,1,0
BRDA:148,8,0,0
BRDA:148,9,0,0
BRDA:148,9,1,0
BRDA:152,10,0,0
BRDA:157,11,0,0
BRDA:157,12,0,0
BRDA:157,12,1,0
BRDA:185,13,0,0
BRDA:185,13,1,0
BRDA:185,14,0,0
BRDA:185,14,1,0
BRDA:186,15,0,0
BRDA:186,15,1,0
BRDA:186,15,2,0
BRDA:189,16,0,0
BRDA:189,16,1,0
BRDA:189,17,0,0
BRDA:189,17,1,0
BRDA:190,18,0,0
BRDA:190,18,1,0
BRDA:190,18,2,0
BRDA:193,19,0,0
BRDA:193,19,1,0
BRDA:193,20,0,0
BRDA:193,20,1,0
BRDA:194,21,0,0
BRDA:194,21,1,0
BRDA:194,21,2,0
BRDA:197,22,0,0
BRDA:197,22,1,0
BRDA:197,23,0,0
BRDA:197,23,1,0
BRDA:198,24,0,0
BRDA:198,24,1,0
BRDA:198,24,2,0
BRDA:202,25,0,0
BRDA:202,25,1,0
BRDA:202,25,2,0
BRDA:208,26,0,0
BRDA:225,27,0,0
BRDA:225,28,0,0
BRDA:225,28,1,0
BRDA:230,29,0,0
BRDA:230,30,0,0
BRDA:230,30,1,0
BRDA:233,31,0,0
BRDA:233,32,0,0
BRDA:233,32,1,0
BRDA:235,33,0,0
BRDA:235,33,1,0
BRDA:235,33,2,0
BRDA:249,34,0,0
BRDA:249,35,0,0
BRDA:249,35,1,0
BRDA:253,36,0,0
BRDA:264,37,0,0
BRDA:264,37,1,0
BRF:72
BRH:0
end_of_record
TN:
SF:src/app/api/admin/predict/route.ts
FN:61,POST
FN:117,(anonymous_2)
FN:118,(anonymous_3)
FN:194,(anonymous_4)
FN:204,(anonymous_5)
FN:205,(anonymous_6)
FN:207,(anonymous_7)
FN:208,(anonymous_8)
FNF:8
FNH:0
FNDA:0,POST
FNDA:0,(anonymous_2)
FNDA:0,(anonymous_3)
FNDA:0,(anonymous_4)
FNDA:0,(anonymous_5)
FNDA:0,(anonymous_6)
FNDA:0,(anonymous_7)
FNDA:0,(anonymous_8)
DA:6,0
DA:7,0
DA:8,0
DA:9,0
DA:12,0
DA:15,0
DA:61,0
DA:62,0
DA:64,0
DA:65,0
DA:67,0
DA:68,0
DA:74,0
DA:75,0
DA:77,0
DA:78,0
DA:81,0
DA:82,0
DA:97,0
DA:98,0
DA:99,0
DA:100,0
DA:104,0
DA:107,0
DA:111,0
DA:113,0
DA:117,0
DA:118,0
DA:121,0
DA:122,0
DA:124,0
DA:126,0
DA:127,0
DA:128,0
DA:131,0
DA:132,0
DA:134,0
DA:135,0
DA:138,0
DA:145,0
DA:146,0
DA:147,0
DA:151,0
DA:152,0
DA:153,0
DA:156,0
DA:157,0
DA:158,0
DA:159,0
DA:161,0
DA:194,0
DA:196,0
DA:204,0
DA:205,0
DA:207,0
DA:208,0
DA:219,0
DA:220,0
LF:58
LH:0
BRDA:67,0,0,0
BRDA:67,1,0,0
BRDA:67,1,1,0
BRDA:67,1,2,0
BRDA:99,2,0,0
BRDA:124,3,0,0
BRDA:124,3,1,0
BRDA:126,4,0,0
BRDA:126,4,1,0
BRDA:127,5,0,0
BRDA:127,5,1,0
BRDA:128,6,0,0
BRDA:128,6,1,0
BRDA:145,7,0,0
BRDA:145,7,1,0
BRDA:151,8,0,0
BRDA:151,8,1,0
BRDA:157,9,0,0
BRDA:157,9,1,0
BRDA:177,10,0,0
BRDA:177,10,1,0
BRDA:178,11,0,0
BRDA:178,11,1,0
BRDA:179,12,0,0
BRDA:179,12,1,0
BRDA:180,13,0,0
BRDA:180,13,1,0
BRDA:182,14,0,0
BRDA:182,14,1,0
BRDA:184,15,0,0
BRDA:184,15,1,0
BRDA:185,16,0,0
BRDA:185,16,1,0
BRDA:188,17,0,0
BRDA:188,17,1,0
BRDA:206,18,0,0
BRDA:206,18,1,0
BRDA:209,19,0,0
BRDA:209,19,1,0
BRDA:222,20,0,0
BRDA:222,20,1,0
BRF:41
BRH:0
end_of_record
TN:
SF:src/app/api/admin/rate-limits/stats/route.ts
FN:11,GET
FN:69,getBlockedIPs
FN:121,getEndpointStats
FN:131,getTopViolators
FN:141,scanKeys
FN:153,(anonymous_6)
FN:154,(anonymous_7)
FN:158,(anonymous_8)
FN:162,(anonymous_9)
FNF:9
FNH:0
FNDA:0,GET
FNDA:0,getBlockedIPs
FNDA:0,getEndpointStats
FNDA:0,getTopViolators
FNDA:0,scanKeys
FNDA:0,(anonymous_6)
FNDA:0,(anonymous_7)
FNDA:0,(anonymous_8)
FNDA:0,(anonymous_9)
DA:6,0
DA:7,0
DA:8,0
DA:9,0
DA:11,0
DA:12,0
DA:14,0
DA:17,0
DA:20,0
DA:23,0
DA:25,0
DA:61,0
DA:62,0
DA:75,0
DA:77,0
DA:78,0
DA:80,0
DA:81,0
DA:82,0
DA:83,0
DA:85,0
DA:86,0
DA:87,0
DA:97,0
DA:98,0
DA:114,0
DA:116,0
DA:117,0
DA:128,0
DA:138,0
DA:142,0
DA:144,0
DA:145,0
DA:148,0
DA:153,0
DA:154,0
DA:155,0
DA:158,0
DA:159,0
DA:162,0
DA:163,0
DA:164,0
DA:168,0
DA:169,0
LF:44
LH:0
BRDA:26,0,0,0
BRDA:26,0,1,0
BRDA:27,1,0,0
BRDA:27,1,1,0
BRDA:28,2,0,0
BRDA:28,2,1,0
BRDA:29,3,0,0
BRDA:29,3,1,0
BRDA:37,4,0,0
BRDA:37,4,1,0
BRDA:85,5,0,0
BRDA:86,6,0,0
BRDA:86,6,1,0
BRDA:90,7,0,0
BRDA:90,7,1,0
BRDA:97,8,0,0
BRDA:145,9,0,0
BRF:17
BRH:0
end_of_record
TN:
SF:src/app/api/admin/rate-limits/stream/route.ts
FN:16,setupSubscriptions
FN:21,(anonymous_2)
FN:33,(anonymous_3)
FN:40,(anonymous_4)
FN:53,broadcast
FN:55,(anonymous_6)
FN:66,startMetricsSimulation
FN:67,(anonymous_8)
FN:86,GET
FN:107,(anonymous_10)
FN:118,(anonymous_11)
FNF:11
FNH:0
FNDA:0,setupSubscriptions
FNDA:0,(anonymous_2)
FNDA:0,(anonymous_3)
FNDA:0,(anonymous_4)
FNDA:0,broadcast
FNDA:0,(anonymous_6)
FNDA:0,startMetricsSimulation
FNDA:0,(anonymous_8)
FNDA:0,GET
FNDA:0,(anonymous_10)
FNDA:0,(anonymous_11)
DA:7,0
DA:8,0
DA:11,0
DA:14,0
DA:17,0
DA:19,0
DA:21,0
DA:22,0
DA:33,0
DA:34,0
DA:40,0
DA:41,0
DA:47,0
DA:49,0
DA:54,0
DA:55,0
DA:56,0
DA:57,0
DA:60,0
DA:67,0
DA:68,0
DA:69,0
DA:71,0
DA:84,0
DA:86,0
DA:88,0
DA:91,0
DA:92,0
DA:93,0
DA:97,0
DA:98,0
DA:101,0
DA:104,0
DA:107,0
DA:108,0
DA:109,0
DA:112,0
DA:113,0
DA:118,0
DA:119,0
DA:120,0
DA:121,0
DA:124,0
LF:43
LH:0
BRDA:17,0,0,0
BRDA:26,1,0,0
BRDA:26,1,1,0
BRDA:27,2,0,0
BRDA:27,2,1,0
BRDA:28,3,0,0
BRDA:28,3,1,0
BRDA:91,4,0,0
BRF:8
BRH:0
end_of_record
TN:
SF:src/app/api/admin/rate-limits/unblock/route.ts
FN:10,POST
FNF:1
FNH:0
FNDA:0,POST
DA:6,0
DA:7,0
DA:8,0
DA:10,0
DA:11,0
DA:12,0
DA:14,0
DA:15,0
DA:22,0
DA:23,0
DA:24,0
DA:31,0
DA:33,0
DA:35,0
DA:37,0
DA:43,0
DA:50,0
DA:51,0
LF:18
LH:0
BRDA:14,0,0,0
BRDA:23,1,0,0
BRDA:33,2,0,0
BRDA:33,2,1,0
BRF:4
BRH:0
end_of_record
TN:
SF:src/app/api/admin/sessions/route.ts
FN:17,GET
FN:61,(anonymous_5)
FN:92,DELETE
FN:148,(anonymous_7)
FN:203,POST
FNF:5
FNH:0
FNDA:0,GET
FNDA:0,(anonymous_5)
FNDA:0,DELETE
FNDA:0,(anonymous_7)
FNDA:0,POST
DA:8,0
DA:9,0
DA:10,0
DA:11,0
DA:17,0
DA:18,0
DA:20,0
DA:21,0
DA:22,0
DA:28,0
DA:35,0
DA:36,0
DA:37,0
DA:44,0
DA:46,0
DA:53,0
DA:56,0
DA:61,0
DA:73,0
DA:80,0
DA:81,0
DA:92,0
DA:93,0
DA:95,0
DA:96,0
DA:97,0
DA:103,0
DA:110,0
DA:111,0
DA:112,0
DA:119,0
DA:121,0
DA:128,0
DA:129,0
DA:131,0
DA:132,0
DA:139,0
DA:140,0
DA:147,0
DA:148,0
DA:150,0
DA:151,0
DA:158,0
DA:160,0
DA:162,0
DA:169,0
DA:179,0
DA:184,0
DA:191,0
DA:192,0
DA:203,0
DA:204,0
DA:205,0
DA:208,0
DA:210,0
DA:211,0
DA:212,0
DA:218,0
DA:225,0
DA:226,0
DA:227,0
DA:234,0
DA:236,0
DA:243,0
DA:246,0
DA:247,0
DA:248,0
DA:249,0
DA:250,0
DA:251,0
DA:257,0
DA:263,0
DA:273,0
DA:281,0
DA:287,0
DA:288,0
LF:76
LH:0
BRDA:21,0,0,0
BRDA:29,1,0,0
BRDA:29,1,1,0
BRDA:29,1,2,0
BRDA:32,2,0,0
BRDA:32,2,1,0
BRDA:36,3,0,0
BRDA:44,4,0,0
BRDA:44,5,0,0
BRDA:44,5,1,0
BRDA:96,6,0,0
BRDA:104,7,0,0
BRDA:104,7,1,0
BRDA:104,7,2,0
BRDA:107,8,0,0
BRDA:107,8,1,0
BRDA:111,9,0,0
BRDA:119,10,0,0
BRDA:119,11,0,0
BRDA:119,11,1,0
BRDA:131,12,0,0
BRDA:139,13,0,0
BRDA:150,14,0,0
BRDA:160,15,0,0
BRDA:160,15,1,0
BRDA:208,16,0,0
BRDA:211,17,0,0
BRDA:219,18,0,0
BRDA:219,18,1,0
BRDA:219,18,2,0
BRDA:222,19,0,0
BRDA:222,19,1,0
BRDA:226,20,0,0
BRDA:234,21,0,0
BRDA:234,22,0,0
BRDA:234,22,1,0
BRDA:248,23,0,0
BRDA:250,24,0,0
BRF:38
BRH:0
end_of_record
TN:
SF:src/app/api/admin/sessions/[sessionId]/route.ts
FN:16,DELETE
FN:66,(anonymous_2)
FNF:2
FNH:0
FNDA:0,DELETE
FNDA:0,(anonymous_2)
DA:7,0
DA:8,0
DA:9,0
DA:10,0
DA:16,0
DA:20,0
DA:22,0
DA:23,0
DA:24,0
DA:30,0
DA:37,0
DA:38,0
DA:39,0
DA:46,0
DA:48,0
DA:54,0
DA:57,0
DA:58,0
DA:65,0
DA:66,0
DA:68,0
DA:69,0
DA:76,0
DA:78,0
DA:80,0
DA:87,0
DA:97,0
DA:102,0
DA:109,0
DA:110,0
LF:30
LH:0
BRDA:23,0,0,0
BRDA:31,1,0,0
BRDA:31,1,1,0
BRDA:31,1,2,0
BRDA:34,2,0,0
BRDA:34,2,1,0
BRDA:38,3,0,0
BRDA:46,4,0,0
BRDA:46,5,0,0
BRDA:46,5,1,0
BRDA:57,6,0,0
BRDA:68,7,0,0
BRDA:78,8,0,0
BRDA:78,8,1,0
BRF:14
BRH:0
end_of_record
TN:
SF:src/app/api/admin/sessions/revoke-all/route.ts
FN:16,POST
FNF:1
FNH:0
FNDA:0,POST
DA:7,0
DA:8,0
DA:9,0
DA:10,0
DA:16,0
DA:17,0
DA:19,0
DA:20,0
DA:21,0
DA:27,0
DA:34,0
DA:35,0
DA:36,0
DA:43,0
DA:45,0
DA:52,0
DA:55,0
DA:56,0
DA:58,0
DA:59,0
DA:60,0
DA:61,0
DA:62,0
DA:63,0
DA:73,0
DA:80,0
DA:90,0
DA:98,0
DA:99,0
LF:29
LH:0
BRDA:20,0,0,0
BRDA:28,1,0,0
BRDA:28,1,1,0
BRDA:28,1,2,0
BRDA:31,2,0,0
BRDA:31,2,1,0
BRDA:35,3,0,0
BRDA:43,4,0,0
BRDA:43,5,0,0
BRDA:43,5,1,0
BRDA:59,6,0,0
BRDA:61,7,0,0
BRF:12
BRH:0
end_of_record
TN:
SF:src/app/api/admin/stats/route.ts
FN:15,(anonymous_1)
FN:55,(anonymous_2)
FNF:2
FNH:0
FNDA:0,(anonymous_1)
FNDA:0,(anonymous_2)
DA:6,0
DA:7,0
DA:8,0
DA:9,0
DA:10,0
DA:13,0
DA:15,0
DA:16,0
DA:21,0
DA:23,0
DA:25,0
DA:27,0
DA:42,0
DA:53,0
DA:55,0
DA:56,0
DA:59,0
DA:60,0
DA:62,0
DA:63,0
DA:65,0
DA:66,0
DA:71,0
DA:72,0
DA:73,0
DA:79,0
DA:83,0
DA:84,0
DA:86,0
DA:94,0
DA:101,0
DA:105,0
DA:112,0
DA:113,0
DA:119,0
DA:146,0
LF:36
LH:0
BRDA:59,0,0,0
BRDA:62,1,0,0
BRDA:65,2,0,0
BRDA:108,3,0,0
BRDA:108,3,1,0
BRDA:112,4,0,0
BRDA:148,5,0,0
BRDA:148,5,1,0
BRF:8
BRH:0
end_of_record
TN:
SF:src/app/api/admin/trading/orchestrate/route.ts
FN:41,POST
FN:86,startTradingSession
FN:140,analyzeOpportunities
FN:184,(anonymous_4)
FN:194,(anonymous_5)
FN:196,(anonymous_6)
FN:209,executeTrades
FN:245,(anonymous_8)
FN:246,(anonymous_9)
FN:249,(anonymous_10)
FN:250,(anonymous_11)
FN:254,monitorPositions
FN:261,(anonymous_13)
FN:262,(anonymous_14)
FN:268,(anonymous_15)
FN:269,(anonymous_16)
FN:270,(anonymous_17)
FN:300,stopTradingSession
FN:317,findTradingOpportunities
FN:339,getAvailableContests
FN:367,calculateExpectedValue
FN:374,calculateOverlay
FN:380,getActivePositions
FNF:23
FNH:0
FNDA:0,POST
FNDA:0,startTradingSession
FNDA:0,analyzeOpportunities
FNDA:0,(anonymous_4)
FNDA:0,(anonymous_5)
FNDA:0,(anonymous_6)
FNDA:0,executeTrades
FNDA:0,(anonymous_8)
FNDA:0,(anonymous_9)
FNDA:0,(anonymous_10)
FNDA:0,(anonymous_11)
FNDA:0,monitorPositions
FNDA:0,(anonymous_13)
FNDA:0,(anonymous_14)
FNDA:0,(anonymous_15)
FNDA:0,(anonymous_16)
FNDA:0,(anonymous_17)
FNDA:0,stopTradingSession
FNDA:0,findTradingOpportunities
FNDA:0,getAvailableContests
FNDA:0,calculateExpectedValue
FNDA:0,calculateOverlay
FNDA:0,getActivePositions
DA:7,0
DA:8,0
DA:9,0
DA:10,0
DA:11,0
DA:14,0
DA:17,0
DA:41,0
DA:42,0
DA:44,0
DA:45,0
DA:52,0
DA:55,0
DA:57,0
DA:60,0
DA:63,0
DA:66,0
DA:69,0
DA:72,0
DA:78,0
DA:79,0
DA:92,0
DA:94,0
DA:95,0
DA:101,0
DA:102,0
DA:128,0
DA:130,0
DA:141,0
DA:143,0
DA:146,0
DA:148,0
DA:149,0
DA:178,0
DA:179,0
DA:184,0
DA:186,0
DA:194,0
DA:196,0
DA:201,0
DA:202,0
DA:210,0
DA:211,0
DA:216,0
DA:218,0
DA:219,0
DA:221,0
DA:233,0
DA:235,0
DA:243,0
DA:245,0
DA:246,0
DA:249,0
DA:250,0
DA:256,0
DA:259,0
DA:261,0
DA:262,0
DA:268,0
DA:269,0
DA:270,0
DA:280,0
DA:282,0
DA:302,0
DA:319,0
DA:341,0
DA:369,0
DA:370,0
DA:371,0
DA:375,0
DA:376,0
DA:377,0
DA:382,0
LF:73
LH:0
BRDA:48,0,0,0
BRDA:49,1,0,0
BRDA:50,2,0,0
BRDA:51,3,0,0
BRDA:55,4,0,0
BRDA:55,4,1,0
BRDA:55,4,2,0
BRDA:55,4,3,0
BRDA:55,4,4,0
BRDA:55,4,5,0
BRDA:81,5,0,0
BRDA:81,5,1,0
BRDA:94,6,0,0
BRDA:162,7,0,0
BRDA:162,7,1,0
BRDA:163,8,0,0
BRDA:163,8,1,0
BRDA:164,9,0,0
BRDA:164,9,1,0
BRDA:178,10,0,0
BRDA:195,11,0,0
BRDA:195,11,1,0
BRDA:210,12,0,0
BRDA:210,13,0,0
BRDA:210,13,1,0
BRDA:229,14,0,0
BRDA:229,14,1,0
BRDA:230,15,0,0
BRDA:230,15,1,0
BRDA:238,16,0,0
BRDA:238,16,1,0
BRF:31
BRH:0
end_of_record
TN:
SF:src/app/api/analytics/voice-query/route.ts
FN:27,POST
FN:120,generateChartData
FN:150,generateScoringTrendsData
FN:155,(anonymous_4)
FN:161,(anonymous_5)
FN:176,generatePlayerComparisonData
FN:178,(anonymous_7)
FN:180,(anonymous_8)
FN:193,generateOwnershipData
FN:200,(anonymous_10)
FN:211,generateCorrelationData
FN:212,(anonymous_12)
FN:231,generatePerformanceData
FN:238,(anonymous_14)
FN:249,generateDefaultData
FN:256,(anonymous_16)
FN:267,generateInsights
FN:325,generateMetrics
FN:366,generateChartTitle
FNF:19
FNH:0
FNDA:0,POST
FNDA:0,generateChartData
FNDA:0,generateScoringTrendsData
FNDA:0,(anonymous_4)
FNDA:0,(anonymous_5)
FNDA:0,generatePlayerComparisonData
FNDA:0,(anonymous_7)
FNDA:0,(anonymous_8)
FNDA:0,generateOwnershipData
FNDA:0,(anonymous_10)
FNDA:0,generateCorrelationData
FNDA:0,(anonymous_12)
FNDA:0,generatePerformanceData
FNDA:0,(anonymous_14)
FNDA:0,generateDefaultData
FNDA:0,(anonymous_16)
FNDA:0,generateInsights
FNDA:0,generateMetrics
FNDA:0,generateChartTitle
DA:8,0
DA:9,0
DA:10,0
DA:11,0
DA:12,0
DA:14,0
DA:17,0
DA:27,0
DA:28,0
DA:30,0
DA:31,0
DA:32,0
DA:38,0
DA:40,0
DA:41,0
DA:44,0
DA:47,0
DA:53,0
DA:56,0
DA:59,0
DA:62,0
DA:72,0
DA:73,0
DA:74,0
DA:75,0
DA:77,0
DA:83,0
DA:85,0
DA:89,0
DA:90,0
DA:92,0
DA:106,0
DA:107,0
DA:121,0
DA:126,0
DA:128,0
DA:131,0
DA:134,0
DA:137,0
DA:140,0
DA:143,0
DA:151,0
DA:152,0
DA:155,0
DA:161,0
DA:167,0
DA:177,0
DA:178,0
DA:180,0
DA:184,0
DA:194,0
DA:195,0
DA:197,0
DA:200,0
DA:212,0
DA:217,0
DA:232,0
DA:234,0
DA:238,0
DA:250,0
DA:252,0
DA:256,0
DA:268,0
DA:271,0
DA:273,0
DA:282,0
DA:285,0
DA:294,0
DA:297,0
DA:306,0
DA:310,0
DA:319,0
DA:326,0
DA:367,0
DA:376,0
LF:75
LH:0
BRDA:31,0,0,0
BRDA:65,1,0,0
BRDA:65,1,1,0
BRDA:72,2,0,0
BRDA:72,3,0,0
BRDA:72,3,1,0
BRDA:110,4,0,0
BRDA:110,4,1,0
BRDA:126,5,0,0
BRDA:126,5,1,0
BRDA:126,5,2,0
BRDA:126,5,3,0
BRDA:126,5,4,0
BRDA:126,5,5,0
BRDA:178,6,0,0
BRDA:178,6,1,0
BRDA:181,7,0,0
BRDA:181,7,1,0
BRDA:271,8,0,0
BRDA:271,8,1,0
BRDA:271,8,2,0
BRDA:376,9,0,0
BRDA:376,9,1,0
BRF:23
BRH:0
end_of_record
TN:
SF:src/app/api/auth/callback/google/route.ts
FN:4,GET
FNF:1
FNH:0
FNDA:0,GET
DA:1,0
DA:2,0
DA:4,0
DA:5,0
DA:6,0
DA:7,0
DA:8,0
DA:9,0
DA:12,0
DA:13,0
DA:14,0
DA:17,0
DA:18,0
DA:22,0
DA:23,0
DA:24,0
DA:28,0
DA:33,0
DA:35,0
DA:37,0
DA:38,0
LF:21
LH:0
BRDA:12,0,0,0
BRDA:17,1,0,0
BRDA:17,2,0,0
BRDA:17,2,1,0
BRDA:23,3,0,0
BRF:5
BRH:0
end_of_record
TN:
SF:src/app/api/auth/callback/yahoo/route.ts
FN:5,GET
FNF:1
FNH:0
FNDA:0,GET
DA:1,0
DA:2,0
DA:3,0
DA:5,0
DA:6,0
DA:7,0
DA:8,0
DA:9,0
DA:11,0
DA:12,0
DA:15,0
DA:16,0
DA:19,0
DA:21,0
DA:22,0
DA:25,0
DA:26,0
DA:29,0
DA:30,0
DA:32,0
DA:33,0
DA:37,0
DA:38,0
DA:39,0
DA:41,0
DA:42,0
DA:45,0
DA:58,0
DA:59,0
DA:62,0
DA:65,0
DA:76,0
DA:79,0
DA:80,0
LF:34
LH:0
BRDA:11,0,0,0
BRDA:12,1,0,0
BRDA:12,1,1,0
BRDA:15,2,0,0
BRDA:15,3,0,0
BRDA:15,3,1,0
BRDA:16,4,0,0
BRDA:16,4,1,0
BRDA:25,5,0,0
BRDA:32,6,0,0
BRDA:32,7,0,0
BRDA:32,7,1,0
BRDA:39,8,0,0
BRDA:39,8,1,0
BRDA:39,9,0,0
BRDA:39,9,1,0
BRDA:41,10,0,0
BRDA:41,11,0,0
BRDA:41,11,1,0
BRDA:58,12,0,0
BRDA:76,13,0,0
BRDA:76,13,1,0
BRDA:80,14,0,0
BRDA:80,14,1,0
BRF:24
BRH:0
end_of_record
TN:
SF:src/app/api/auth/check/route.ts
FN:6,POST
FNF:1
FNH:0
FNDA:0,POST
DA:1,0
DA:2,0
DA:3,0
DA:4,0
DA:6,0
DA:7,0
DA:8,0
DA:10,0
DA:11,0
DA:17,0
DA:20,0
DA:27,0
DA:28,0
DA:32,0
DA:33,0
DA:34,0
DA:36,0
DA:38,0
DA:43,0
DA:44,0
DA:47,0
DA:51,0
DA:54,0
DA:55,0
LF:24
LH:0
BRDA:10,0,0,0
BRDA:10,1,0,0
BRDA:10,1,1,0
BRDA:27,2,0,0
BRDA:27,3,0,0
BRDA:27,3,1,0
BRDA:32,4,0,0
BRDA:32,5,0,0
BRDA:32,5,1,0
BRDA:36,6,0,0
BRDA:43,7,0,0
BRDA:44,8,0,0
BRDA:44,8,1,0
BRDA:44,8,2,0
BRF:14
BRH:0
end_of_record
TN:
SF:src/app/api/auth/google/connect/route.ts
FN:10,GET
FN:39,POST
FNF:2
FNH:0
FNDA:0,GET
FNDA:0,POST
DA:1,0
DA:2,0
DA:4,0
DA:5,0
DA:6,0
DA:10,0
DA:11,0
DA:13,0
DA:16,0
DA:25,0
DA:32,0
DA:34,0
DA:35,0
DA:39,0
DA:40,0
DA:41,0
DA:43,0
DA:44,0
DA:51,0
DA:65,0
DA:66,0
DA:67,0
DA:68,0
DA:74,0
DA:77,0
DA:83,0
DA:84,0
DA:90,0
DA:92,0
DA:102,0
DA:103,0
LF:31
LH:0
BRDA:4,0,0,0
BRDA:4,0,1,0
BRDA:5,1,0,0
BRDA:5,1,1,0
BRDA:6,2,0,0
BRDA:6,2,1,0
BRDA:43,3,0,0
BRDA:65,4,0,0
BRDA:83,5,0,0
BRDA:96,6,0,0
BRDA:96,6,1,0
BRF:11
BRH:0
end_of_record
TN:
SF:src/app/api/auth/yahoo/connect/route.ts
FN:10,GET
FN:39,POST
FNF:2
FNH:0
FNDA:0,GET
FNDA:0,POST
DA:1,0
DA:2,0
DA:4,0
DA:5,0
DA:6,0
DA:10,0
DA:11,0
DA:13,0
DA:16,0
DA:25,0
DA:32,0
DA:34,0
DA:35,0
DA:39,0
DA:40,0
DA:41,0
DA:43,0
DA:44,0
DA:51,0
DA:64,0
DA:65,0
DA:66,0
DA:67,0
DA:73,0
DA:76,0
DA:82,0
DA:83,0
DA:89,0
DA:91,0
DA:99,0
DA:100,0
LF:31
LH:0
BRDA:4,0,0,0
BRDA:4,0,1,0
BRDA:5,1,0,0
BRDA:5,1,1,0
BRDA:6,2,0,0
BRDA:6,2,1,0
BRDA:43,3,0,0
BRDA:64,4,0,0
BRDA:82,5,0,0
BRDA:95,6,0,0
BRDA:95,6,1,0
BRF:11
BRH:0
end_of_record
TN:
SF:src/app/api/avatars/route.ts
FN:27,GET
FN:77,POST
FN:172,PUT
FN:219,(anonymous_7)
FNF:4
FNH:0
FNDA:0,GET
FNDA:0,POST
FNDA:0,PUT
FNDA:0,(anonymous_7)
DA:1,0
DA:2,0
DA:3,0
DA:4,0
DA:7,0
DA:20,0
DA:27,0
DA:28,0
DA:29,0
DA:30,0
DA:32,0
DA:33,0
DA:34,0
DA:35,0
DA:38,0
DA:42,0
DA:43,0
DA:46,0
DA:47,0
DA:50,0
DA:52,0
DA:55,0
DA:57,0
DA:59,0
DA:60,0
DA:63,0
DA:69,0
DA:70,0
DA:77,0
DA:78,0
DA:79,0
DA:80,0
DA:83,0
DA:86,0
DA:87,0
DA:88,0
DA:92,0
DA:93,0
DA:95,0
DA:97,0
DA:98,0
DA:101,0
DA:102,0
DA:104,0
DA:111,0
DA:112,0
DA:116,0
DA:120,0
DA:124,0
DA:128,0
DA:138,0
DA:139,0
DA:143,0
DA:157,0
DA:163,0
DA:164,0
DA:172,0
DA:173,0
DA:174,0
DA:175,0
DA:178,0
DA:181,0
DA:182,0
DA:183,0
DA:187,0
DA:192,0
DA:193,0
DA:194,0
DA:195,0
DA:196,0
DA:198,0
DA:203,0
DA:204,0
DA:207,0
DA:210,0
DA:212,0
DA:213,0
DA:219,0
DA:220,0
DA:223,0
DA:236,0
DA:250,0
DA:251,0
LF:83
LH:0
BRDA:35,0,0,0
BRDA:35,0,1,0
BRDA:42,1,0,0
BRDA:46,2,0,0
BRDA:50,3,0,0
BRDA:59,4,0,0
BRDA:65,5,0,0
BRDA:65,5,1,0
BRDA:87,6,0,0
BRDA:93,7,0,0
BRDA:95,8,0,0
BRDA:95,8,1,0
BRDA:96,9,0,0
BRDA:96,9,1,0
BRDA:111,10,0,0
BRDA:124,11,0,0
BRDA:124,11,1,0
BRDA:125,12,0,0
BRDA:125,12,1,0
BRDA:132,13,0,0
BRDA:132,13,1,0
BRDA:138,14,0,0
BRDA:147,15,0,0
BRDA:147,15,1,0
BRDA:148,16,0,0
BRDA:148,16,1,0
BRDA:150,17,0,0
BRDA:150,17,1,0
BRDA:151,18,0,0
BRDA:151,18,1,0
BRDA:152,19,0,0
BRDA:152,19,1,0
BRDA:165,20,0,0
BRDA:165,20,1,0
BRDA:182,21,0,0
BRDA:192,22,0,0
BRDA:193,23,0,0
BRDA:193,23,1,0
BRDA:195,24,0,0
BRDA:195,24,1,0
BRDA:203,25,0,0
BRDA:204,26,0,0
BRDA:204,26,1,0
BRDA:205,27,0,0
BRDA:205,27,1,0
BRDA:212,28,0,0
BRDA:212,29,0,0
BRDA:212,29,1,0
BRDA:220,30,0,0
BRDA:220,30,1,0
BRDA:221,31,0,0
BRDA:221,31,1,0
BRDA:226,32,0,0
BRDA:226,32,1,0
BRDA:229,33,0,0
BRDA:229,33,1,0
BRDA:229,33,2,0
BRDA:230,34,0,0
BRDA:230,34,1,0
BRDA:230,34,2,0
BRDA:231,35,0,0
BRDA:231,35,1,0
BRDA:252,36,0,0
BRDA:252,36,1,0
BRF:64
BRH:0
end_of_record
TN:
SF:src/app/api/bankroll/history/route.ts
FN:15,GET
FN:62,POST
FN:105,getBankrollHistory
FN:134,(anonymous_6)
FN:176,getPerformanceMetrics
FN:343,getContestBreakdown
FN:369,(anonymous_9)
FN:389,generateProjections
FN:399,(anonymous_11)
FN:400,(anonymous_12)
FN:403,(anonymous_13)
FN:404,(anonymous_14)
FN:405,(anonymous_15)
FN:406,(anonymous_16)
FN:444,(anonymous_17)
FN:465,addBankrollEntry
FN:549,updateBankrollEntry
FN:573,deleteBankrollEntry
FNF:18
FNH:0
FNDA:0,GET
FNDA:0,POST
FNDA:0,getBankrollHistory
FNDA:0,(anonymous_6)
FNDA:0,getPerformanceMetrics
FNDA:0,getContestBreakdown
FNDA:0,(anonymous_9)
FNDA:0,generateProjections
FNDA:0,(anonymous_11)
FNDA:0,(anonymous_12)
FNDA:0,(anonymous_13)
FNDA:0,(anonymous_14)
FNDA:0,(anonymous_15)
FNDA:0,(anonymous_16)
FNDA:0,(anonymous_17)
FNDA:0,addBankrollEntry
FNDA:0,updateBankrollEntry
FNDA:0,deleteBankrollEntry
DA:6,0
DA:7,0
DA:8,0
DA:9,0
DA:10,0
DA:13,0
DA:15,0
DA:16,0
DA:18,0
DA:19,0
DA:20,0
DA:21,0
DA:22,0
DA:24,0
DA:25,0
DA:26,0
DA:28,0
DA:29,0
DA:30,0
DA:33,0
DA:54,0
DA:55,0
DA:62,0
DA:63,0
DA:65,0
DA:66,0
DA:78,0
DA:80,0
DA:82,0
DA:85,0
DA:88,0
DA:91,0
DA:97,0
DA:98,0
DA:106,0
DA:107,0
DA:108,0
DA:110,0
DA:111,0
DA:112,0
DA:113,0
DA:116,0
DA:134,0
DA:148,0
DA:151,0
DA:152,0
DA:153,0
DA:154,0
DA:155,0
DA:156,0
DA:158,0
DA:172,0
DA:177,0
DA:178,0
DA:247,0
DA:250,0
DA:251,0
DA:252,0
DA:254,0
DA:255,0
DA:256,0
DA:258,0
DA:259,0
DA:260,0
DA:261,0
DA:264,0
DA:265,0
DA:268,0
DA:269,0
DA:270,0
DA:272,0
DA:273,0
DA:274,0
DA:275,0
DA:277,0
DA:279,0
DA:313,0
DA:316,0
DA:344,0
DA:345,0
DA:369,0
DA:384,0
DA:385,0
DA:390,0
DA:391,0
DA:397,0
DA:399,0
DA:400,0
DA:402,0
DA:403,0
DA:404,0
DA:405,0
DA:406,0
DA:408,0
DA:409,0
DA:412,0
DA:413,0
DA:414,0
DA:416,0
DA:417,0
DA:418,0
DA:421,0
DA:424,0
DA:425,0
DA:427,0
DA:437,0
DA:438,0
DA:439,0
DA:441,0
DA:444,0
DA:457,0
DA:458,0
DA:475,0
DA:477,0
DA:479,0
DA:485,0
DA:486,0
DA:487,0
DA:488,0
DA:491,0
DA:507,0
DA:508,0
DA:531,0
DA:541,0
DA:542,0
DA:550,0
DA:552,0
DA:553,0
DA:559,0
DA:565,0
DA:566,0
DA:574,0
DA:576,0
DA:577,0
DA:582,0
DA:588,0
DA:589,0
LF:137
LH:0
BRDA:20,0,0,0
BRDA:20,0,1,0
BRDA:21,1,0,0
BRDA:21,1,1,0
BRDA:29,2,0,0
BRDA:44,3,0,0
BRDA:44,3,1,0
BRDA:45,4,0,0
BRDA:45,4,1,0
BRDA:47,5,0,0
BRDA:47,5,1,0
BRDA:57,6,0,0
BRDA:57,6,1,0
BRDA:68,7,0,0
BRDA:72,8,0,0
BRDA:80,9,0,0
BRDA:80,9,1,0
BRDA:80,9,2,0
BRDA:80,9,3,0
BRDA:100,10,0,0
BRDA:100,10,1,0
BRDA:110,11,0,0
BRDA:110,11,1,0
BRDA:112,12,0,0
BRDA:143,13,0,0
BRDA:143,13,1,0
BRDA:144,14,0,0
BRDA:144,14,1,0
BRDA:247,15,0,0
BRDA:247,15,1,0
BRDA:250,16,0,0
BRDA:250,16,1,0
BRDA:251,17,0,0
BRDA:251,17,1,0
BRDA:252,18,0,0
BRDA:252,18,1,0
BRDA:254,19,0,0
BRDA:254,19,1,0
BRDA:255,20,0,0
BRDA:255,20,1,0
BRDA:256,21,0,0
BRDA:256,21,1,0
BRDA:258,22,0,0
BRDA:258,22,1,0
BRDA:259,23,0,0
BRDA:259,23,1,0
BRDA:265,24,0,0
BRDA:265,24,1,0
BRDA:268,25,0,0
BRDA:268,25,1,0
BRDA:269,26,0,0
BRDA:269,26,1,0
BRDA:270,27,0,0
BRDA:270,27,1,0
BRDA:272,28,0,0
BRDA:272,28,1,0
BRDA:273,29,0,0
BRDA:273,29,1,0
BRDA:275,30,0,0
BRDA:275,30,1,0
BRDA:277,31,0,0
BRDA:277,31,1,0
BRDA:293,32,0,0
BRDA:293,32,1,0
BRDA:296,33,0,0
BRDA:296,33,1,0
BRDA:297,34,0,0
BRDA:297,34,1,0
BRDA:306,35,0,0
BRDA:306,35,1,0
BRDA:307,36,0,0
BRDA:307,36,1,0
BRDA:309,37,0,0
BRDA:309,37,1,0
BRDA:372,38,0,0
BRDA:372,38,1,0
BRDA:373,39,0,0
BRDA:373,39,1,0
BRDA:374,40,0,0
BRDA:374,40,1,0
BRDA:375,41,0,0
BRDA:375,41,1,0
BRDA:376,42,0,0
BRDA:376,42,1,0
BRDA:377,43,0,0
BRDA:377,43,1,0
BRDA:378,44,0,0
BRDA:378,44,1,0
BRDA:379,45,0,0
BRDA:379,45,1,0
BRDA:380,46,0,0
BRDA:380,46,1,0
BRDA:390,47,0,0
BRDA:424,48,0,0
BRDA:424,48,1,0
BRDA:451,49,0,0
BRDA:451,49,1,0
BRDA:451,50,0,0
BRDA:451,50,1,0
BRDA:468,51,0,0
BRDA:469,52,0,0
BRDA:470,53,0,0
BRDA:471,54,0,0
BRDA:472,55,0,0
BRDA:474,56,0,0
BRDA:485,57,0,0
BRDA:485,57,1,0
BRDA:486,58,0,0
BRDA:486,58,1,0
BRDA:488,59,0,0
BRDA:488,59,1,0
BRDA:507,60,0,0
BRF:112
BRH:0
end_of_record
TN:
SF:src/app/api/bankroll/kelly/route.ts
FN:27,POST
FN:71,calculateKellyBets
FN:134,(anonymous_3)
FN:137,(anonymous_4)
FN:138,(anonymous_5)
FN:155,generatePortfolioAllocation
FN:195,(anonymous_7)
FN:251,getBankrollStatus
FN:334,getBankrollHistory
FN:350,(anonymous_10)
FN:362,(anonymous_11)
FN:364,(anonymous_12)
FN:377,updateBankrollResult
FN:436,calculateBasicKelly
FN:451,calculateAdjustedKelly
FN:460,estimateWinProbability
FN:471,estimateAverageWin
FN:483,estimateVolatility
FN:494,assessRiskLevel
FN:501,generateReasoning
FN:521,calculateConfidence
FN:537,calculateDiversification
FN:540,(anonymous_23)
FN:541,(anonymous_24)
FN:549,calculatePortfolioRisk
FN:550,(anonymous_26)
FN:558,getRiskProfile
FN:565,getSuggestedStrategy
FNF:28
FNH:0
FNDA:0,POST
FNDA:0,calculateKellyBets
FNDA:0,(anonymous_3)
FNDA:0,(anonymous_4)
FNDA:0,(anonymous_5)
FNDA:0,generatePortfolioAllocation
FNDA:0,(anonymous_7)
FNDA:0,getBankrollStatus
FNDA:0,getBankrollHistory
FNDA:0,(anonymous_10)
FNDA:0,(anonymous_11)
FNDA:0,(anonymous_12)
FNDA:0,updateBankrollResult
FNDA:0,calculateBasicKelly
FNDA:0,calculateAdjustedKelly
FNDA:0,estimateWinProbability
FNDA:0,estimateAverageWin
FNDA:0,estimateVolatility
FNDA:0,assessRiskLevel
FNDA:0,generateReasoning
FNDA:0,calculateConfidence
FNDA:0,calculateDiversification
FNDA:0,(anonymous_23)
FNDA:0,(anonymous_24)
FNDA:0,calculatePortfolioRisk
FNDA:0,(anonymous_26)
FNDA:0,getRiskProfile
FNDA:0,getSuggestedStrategy
DA:6,0
DA:7,0
DA:8,0
DA:10,0
DA:13,0
DA:16,0
DA:27,0
DA:28,0
DA:30,0
DA:31,0
DA:38,0
DA:40,0
DA:42,0
DA:45,0
DA:48,0
DA:51,0
DA:54,0
DA:57,0
DA:63,0
DA:64,0
DA:77,0
DA:79,0
DA:81,0
DA:92,0
DA:95,0
DA:96,0
DA:99,0
DA:100,0
DA:102,0
DA:105,0
DA:106,0
DA:107,0
DA:110,0
DA:113,0
DA:114,0
DA:116,0
DA:134,0
DA:137,0
DA:138,0
DA:140,0
DA:160,0
DA:161,0
DA:162,0
DA:163,0
DA:166,0
DA:167,0
DA:168,0
DA:178,0
DA:179,0
DA:184,0
DA:185,0
DA:195,0
DA:198,0
DA:199,0
DA:207,0
DA:208,0
DA:209,0
DA:211,0
DA:223,0
DA:224,0
DA:229,0
DA:230,0
DA:231,0
DA:233,0
DA:252,0
DA:254,0
DA:265,0
DA:266,0
DA:269,0
DA:274,0
DA:282,0
DA:283,0
DA:287,0
DA:314,0
DA:335,0
DA:336,0
DA:350,0
DA:356,0
DA:362,0
DA:364,0
DA:370,0
DA:378,0
DA:380,0
DA:381,0
DA:385,0
DA:386,0
DA:389,0
DA:405,0
DA:417,0
DA:428,0
DA:437,0
DA:439,0
DA:440,0
DA:442,0
DA:443,0
DA:446,0
DA:448,0
DA:452,0
DA:453,0
DA:454,0
DA:455,0
DA:457,0
DA:461,0
DA:468,0
DA:472,0
DA:479,0
DA:480,0
DA:484,0
DA:491,0
DA:495,0
DA:496,0
DA:497,0
DA:498,0
DA:502,0
DA:504,0
DA:505,0
DA:506,0
DA:508,0
DA:509,0
DA:510,0
DA:511,0
DA:512,0
DA:513,0
DA:514,0
DA:515,0
DA:518,0
DA:522,0
DA:525,0
DA:532,0
DA:534,0
DA:538,0
DA:540,0
DA:541,0
DA:542,0
DA:543,0
DA:546,0
DA:550,0
DA:551,0
DA:552,0
DA:555,0
DA:559,0
DA:560,0
DA:561,0
DA:562,0
DA:566,0
DA:567,0
DA:569,0
DA:570,0
DA:572,0
DA:573,0
DA:575,0
LF:151
LH:0
BRDA:33,0,0,0
BRDA:34,1,0,0
BRDA:35,2,0,0
BRDA:36,3,0,0
BRDA:37,4,0,0
BRDA:40,5,0,0
BRDA:40,5,1,0
BRDA:40,5,2,0
BRDA:40,5,3,0
BRDA:40,5,4,0
BRDA:40,5,5,0
BRDA:66,6,0,0
BRDA:66,6,1,0
BRDA:82,7,0,0
BRDA:82,7,1,0
BRDA:83,8,0,0
BRDA:83,8,1,0
BRDA:87,9,0,0
BRDA:87,9,1,0
BRDA:95,10,0,0
BRDA:95,10,1,0
BRDA:184,11,0,0
BRDA:189,12,0,0
BRDA:189,12,1,0
BRDA:199,13,0,0
BRDA:207,14,0,0
BRDA:265,15,0,0
BRDA:265,15,1,0
BRDA:266,16,0,0
BRDA:266,16,1,0
BRDA:269,17,0,0
BRDA:269,17,1,0
BRDA:282,18,0,0
BRDA:282,18,1,0
BRDA:283,19,0,0
BRDA:283,19,1,0
BRDA:295,20,0,0
BRDA:295,20,1,0
BRDA:296,21,0,0
BRDA:296,21,1,0
BRDA:298,22,0,0
BRDA:298,22,1,0
BRDA:299,23,0,0
BRDA:299,23,1,0
BRDA:363,24,0,0
BRDA:363,24,1,0
BRDA:381,25,0,0
BRDA:381,25,1,0
BRDA:399,26,0,0
BRDA:399,26,1,0
BRDA:401,27,0,0
BRDA:401,27,1,0
BRDA:411,28,0,0
BRDA:411,28,1,0
BRDA:412,29,0,0
BRDA:412,29,1,0
BRDA:413,30,0,0
BRDA:413,30,1,0
BRDA:424,31,0,0
BRDA:424,31,1,0
BRDA:439,32,0,0
BRDA:439,33,0,0
BRDA:439,33,1,0
BRDA:440,34,0,0
BRDA:440,35,0,0
BRDA:440,35,1,0
BRDA:453,36,0,0
BRDA:453,36,1,0
BRDA:454,37,0,0
BRDA:454,37,1,0
BRDA:455,38,0,0
BRDA:455,38,1,0
BRDA:468,39,0,0
BRDA:468,39,1,0
BRDA:468,39,2,0
BRDA:479,40,0,0
BRDA:479,40,1,0
BRDA:491,41,0,0
BRDA:491,41,1,0
BRDA:491,41,2,0
BRDA:495,42,0,0
BRDA:496,43,0,0
BRDA:497,44,0,0
BRDA:508,45,0,0
BRDA:508,45,1,0
BRDA:510,46,0,0
BRDA:510,46,1,0
BRDA:512,47,0,0
BRDA:512,47,1,0
BRDA:514,48,0,0
BRDA:522,49,0,0
BRDA:522,49,1,0
BRDA:532,50,0,0
BRDA:532,50,1,0
BRDA:538,51,0,0
BRDA:551,52,0,0
BRDA:551,52,1,0
BRDA:559,53,0,0
BRDA:560,54,0,0
BRDA:561,55,0,0
BRDA:566,56,0,0
BRDA:569,57,0,0
BRDA:569,58,0,0
BRDA:569,58,1,0
BRDA:572,59,0,0
BRF:105
BRH:0
end_of_record
TN:
SF:src/app/api/bankroll/user/route.ts
FN:53,(anonymous_1)
FN:88,getBankrollStatus
FN:214,updateBankroll
FN:279,getBankrollAlerts
FN:353,(anonymous_5)
FN:368,calculateBankrollHealth
FN:403,getHealthLabel
FN:411,getPersonalizedRecommendations
FNF:8
FNH:0
FNDA:0,(anonymous_1)
FNDA:0,getBankrollStatus
FNDA:0,updateBankroll
FNDA:0,getBankrollAlerts
FNDA:0,(anonymous_5)
FNDA:0,calculateBankrollHealth
FNDA:0,getHealthLabel
FNDA:0,getPersonalizedRecommendations
DA:6,0
DA:7,0
DA:8,0
DA:9,0
DA:10,0
DA:13,0
DA:16,0
DA:41,0
DA:53,0
DA:54,0
DA:56,0
DA:61,0
DA:63,0
DA:65,0
DA:68,0
DA:71,0
DA:74,0
DA:80,0
DA:81,0
DA:89,0
DA:91,0
DA:93,0
DA:107,0
DA:108,0
DA:109,0
DA:110,0
DA:111,0
DA:113,0
DA:114,0
DA:117,0
DA:128,0
DA:129,0
DA:134,0
DA:135,0
DA:136,0
DA:137,0
DA:140,0
DA:142,0
DA:174,0
DA:177,0
DA:178,0
DA:180,0
DA:222,0
DA:224,0
DA:225,0
DA:226,0
DA:227,0
DA:230,0
DA:246,0
DA:247,0
DA:248,0
DA:249,0
DA:251,0
DA:261,0
DA:271,0
DA:272,0
DA:280,0
DA:282,0
DA:284,0
DA:285,0
DA:294,0
DA:303,0
DA:304,0
DA:305,0
DA:307,0
DA:308,0
DA:317,0
DA:318,0
DA:327,0
DA:335,0
DA:336,0
DA:337,0
DA:339,0
DA:340,0
DA:349,0
DA:353,0
DA:357,0
DA:358,0
DA:369,0
DA:372,0
DA:373,0
DA:374,0
DA:375,0
DA:376,0
DA:379,0
DA:380,0
DA:381,0
DA:382,0
DA:383,0
DA:384,0
DA:387,0
DA:388,0
DA:389,0
DA:390,0
DA:391,0
DA:394,0
DA:395,0
DA:396,0
DA:397,0
DA:398,0
DA:400,0
DA:404,0
DA:405,0
DA:406,0
DA:407,0
DA:408,0
DA:412,0
DA:414,0
DA:415,0
DA:416,0
DA:417,0
DA:418,0
DA:419,0
DA:420,0
DA:421,0
DA:422,0
DA:423,0
DA:424,0
DA:425,0
DA:426,0
DA:427,0
DA:428,0
DA:429,0
DA:431,0
DA:432,0
DA:433,0
DA:437,0
DA:438,0
DA:441,0
DA:442,0
DA:445,0
DA:446,0
DA:449,0
LF:133
LH:0
BRDA:63,0,0,0
BRDA:63,0,1,0
BRDA:63,0,2,0
BRDA:63,0,3,0
BRDA:83,1,0,0
BRDA:83,1,1,0
BRDA:89,2,0,0
BRDA:89,2,1,0
BRDA:107,3,0,0
BRDA:107,3,1,0
BRDA:108,4,0,0
BRDA:108,4,1,0
BRDA:109,5,0,0
BRDA:109,5,1,0
BRDA:110,6,0,0
BRDA:110,6,1,0
BRDA:111,7,0,0
BRDA:111,7,1,0
BRDA:113,8,0,0
BRDA:113,8,1,0
BRDA:114,9,0,0
BRDA:114,9,1,0
BRDA:128,10,0,0
BRDA:128,10,1,0
BRDA:129,11,0,0
BRDA:129,11,1,0
BRDA:160,12,0,0
BRDA:160,12,1,0
BRDA:161,13,0,0
BRDA:161,13,1,0
BRDA:162,14,0,0
BRDA:162,14,1,0
BRDA:219,15,0,0
BRDA:220,16,0,0
BRDA:221,17,0,0
BRDA:225,18,0,0
BRDA:225,18,1,0
BRDA:227,19,0,0
BRDA:227,19,1,0
BRDA:246,20,0,0
BRDA:246,21,0,0
BRDA:246,21,1,0
BRDA:248,22,0,0
BRDA:248,22,1,0
BRDA:267,23,0,0
BRDA:267,23,1,0
BRDA:284,24,0,0
BRDA:303,25,0,0
BRDA:303,25,1,0
BRDA:304,26,0,0
BRDA:304,26,1,0
BRDA:305,27,0,0
BRDA:305,27,1,0
BRDA:307,28,0,0
BRDA:307,29,0,0
BRDA:307,29,1,0
BRDA:317,30,0,0
BRDA:317,31,0,0
BRDA:317,31,1,0
BRDA:335,32,0,0
BRDA:335,32,1,0
BRDA:336,33,0,0
BRDA:336,34,0,0
BRDA:336,34,1,0
BRDA:339,35,0,0
BRDA:372,36,0,0
BRDA:372,36,1,0
BRDA:373,37,0,0
BRDA:373,37,1,0
BRDA:374,38,0,0
BRDA:374,38,1,0
BRDA:375,39,0,0
BRDA:375,39,1,0
BRDA:376,40,0,0
BRDA:379,41,0,0
BRDA:379,41,1,0
BRDA:380,42,0,0
BRDA:380,42,1,0
BRDA:381,43,0,0
BRDA:381,43,1,0
BRDA:382,44,0,0
BRDA:382,44,1,0
BRDA:383,45,0,0
BRDA:383,45,1,0
BRDA:387,46,0,0
BRDA:387,46,1,0
BRDA:388,47,0,0
BRDA:388,47,1,0
BRDA:389,48,0,0
BRDA:389,48,1,0
BRDA:390,49,0,0
BRDA:390,49,1,0
BRDA:394,50,0,0
BRDA:394,50,1,0
BRDA:395,51,0,0
BRDA:395,51,1,0
BRDA:396,52,0,0
BRDA:396,52,1,0
BRDA:397,53,0,0
BRDA:397,53,1,0
BRDA:404,54,0,0
BRDA:405,55,0,0
BRDA:406,56,0,0
BRDA:407,57,0,0
BRDA:414,58,0,0
BRDA:414,58,1,0
BRDA:418,59,0,0
BRDA:418,59,1,0
BRDA:422,60,0,0
BRDA:422,60,1,0
BRDA:426,61,0,0
BRDA:426,61,1,0
BRDA:437,62,0,0
BRDA:441,63,0,0
BRDA:445,64,0,0
BRF:115
BRH:0
end_of_record
TN:
SF:src/app/api/cache/route.ts
FN:11,GET
FN:107,DELETE
FNF:2
FNH:0
FNDA:0,GET
FNDA:0,DELETE
DA:6,0
DA:7,0
DA:8,0
DA:11,0
DA:12,0
DA:13,0
DA:14,0
DA:17,0
DA:18,0
DA:20,0
DA:23,0
DA:25,0
DA:40,0
DA:42,0
DA:51,0
DA:52,0
DA:54,0
DA:55,0
DA:62,0
DA:67,0
DA:76,0
DA:78,0
DA:98,0
DA:99,0
DA:107,0
DA:108,0
DA:109,0
DA:110,0
DA:113,0
DA:114,0
DA:116,0
DA:117,0
DA:124,0
DA:125,0
DA:126,0
DA:133,0
DA:135,0
DA:143,0
DA:144,0
LF:39
LH:0
BRDA:20,0,0,0
BRDA:20,0,1,0
BRDA:20,0,2,0
BRDA:20,0,3,0
BRDA:45,1,0,0
BRDA:45,1,1,0
BRDA:46,2,0,0
BRDA:46,2,1,0
BRDA:54,3,0,0
BRDA:54,4,0,0
BRDA:54,4,1,0
BRDA:116,5,0,0
BRDA:125,6,0,0
BRF:13
BRH:0
end_of_record
TN:
SF:src/app/api/contests/route.ts
FN:6,GET
FN:47,POST
FNF:2
FNH:0
FNDA:0,GET
FNDA:0,POST
DA:1,0
DA:2,0
DA:3,0
DA:6,0
DA:7,0
DA:8,0
DA:11,0
DA:24,0
DA:26,0
DA:34,0
DA:35,0
DA:47,0
DA:48,0
DA:49,0
DA:50,0
DA:52,0
DA:53,0
DA:60,0
DA:62,0
DA:63,0
DA:69,0
DA:83,0
DA:84,0
LF:23
LH:0
BRDA:12,0,0,0
BRDA:12,0,1,0
BRDA:13,1,0,0
BRDA:13,1,1,0
BRDA:14,2,0,0
BRDA:14,2,1,0
BRDA:15,3,0,0
BRDA:15,3,1,0
BRDA:16,4,0,0
BRDA:16,4,1,0
BRDA:18,5,0,0
BRDA:18,5,1,0
BRDA:19,6,0,0
BRDA:19,6,1,0
BRDA:20,7,0,0
BRDA:20,7,1,0
BRDA:39,8,0,0
BRDA:39,8,1,0
BRDA:50,9,0,0
BRDA:52,10,0,0
BRDA:52,11,0,0
BRDA:52,11,1,0
BRDA:62,12,0,0
BRDA:64,13,0,0
BRDA:64,13,1,0
BRDA:88,14,0,0
BRDA:88,14,1,0
BRF:27
BRH:0
end_of_record
TN:
SF:src/app/api/contests/optimal/route.ts
FN:9,(anonymous_1)
FN:16,(anonymous_2)
FN:22,(anonymous_3)
FNF:3
FNH:0
FNDA:0,(anonymous_1)
FNDA:0,(anonymous_2)
FNDA:0,(anonymous_3)
DA:1,0
DA:2,0
DA:3,0
DA:4,0
DA:7,0
DA:9,0
DA:16,0
DA:22,0
DA:23,0
DA:25,0
DA:28,0
DA:34,0
DA:47,0
DA:48,0
LF:14
LH:0
BRDA:52,0,0,0
BRDA:52,0,1,0
BRF:2
BRH:0
end_of_record
TN:
SF:src/app/api/draft/analysis/route.ts
FN:8,POST
FN:46,(anonymous_2)
FN:49,(anonymous_3)
FN:50,(anonymous_4)
FNF:4
FNH:0
FNDA:0,POST
FNDA:0,(anonymous_2)
FNDA:0,(anonymous_3)
FNDA:0,(anonymous_4)
DA:1,0
DA:3,0
DA:6,0
DA:8,0
DA:9,0
DA:10,0
DA:11,0
DA:13,0
DA:14,0
DA:21,0
DA:23,0
DA:24,0
DA:31,0
DA:33,0
DA:34,0
DA:41,0
DA:42,0
DA:45,0
DA:46,0
DA:47,0
DA:49,0
DA:50,0
DA:52,0
DA:63,0
DA:64,0
LF:25
LH:0
BRDA:13,0,0,0
BRDA:13,1,0,0
BRDA:13,1,1,0
BRDA:23,2,0,0
BRDA:33,3,0,0
BRDA:47,4,0,0
BRDA:47,4,1,0
BRF:7
BRH:0
end_of_record
TN:
SF:src/app/api/draft/chat/route.ts
FN:19,GET
FN:47,POST
FN:112,DELETE
FN:130,(anonymous_11)
FN:164,sendSystemMessage
FN:193,sendPickNotification
FN:207,isCommissioner
FN:214,moderateMessage
FN:255,checkRateLimit
FNF:9
FNH:0
FNDA:0,GET
FNDA:0,POST
FNDA:0,DELETE
FNDA:0,(anonymous_11)
FNDA:0,sendSystemMessage
FNDA:0,sendPickNotification
FNDA:0,isCommissioner
FNDA:0,moderateMessage
FNDA:0,checkRateLimit
DA:1,0
DA:2,0
DA:3,0
DA:17,0
DA:19,0
DA:20,0
DA:21,0
DA:22,0
DA:23,0
DA:24,0
DA:26,0
DA:27,0
DA:30,0
DA:31,0
DA:35,0
DA:42,0
DA:43,0
DA:47,0
DA:48,0
DA:49,0
DA:50,0
DA:52,0
DA:53,0
DA:59,0
DA:60,0
DA:66,0
DA:78,0
DA:79,0
DA:82,0
DA:83,0
DA:86,0
DA:87,0
DA:91,0
DA:97,0
DA:102,0
DA:107,0
DA:108,0
DA:112,0
DA:113,0
DA:114,0
DA:115,0
DA:116,0
DA:117,0
DA:119,0
DA:120,0
DA:125,0
DA:126,0
DA:127,0
DA:130,0
DA:131,0
DA:132,0
DA:135,0
DA:138,0
DA:139,0
DA:145,0
DA:148,0
DA:153,0
DA:158,0
DA:159,0
DA:164,0
DA:169,0
DA:180,0
DA:181,0
DA:184,0
DA:187,0
DA:193,0
DA:201,0
DA:203,0
DA:210,0
DA:214,0
DA:220,0
DA:221,0
DA:223,0
DA:224,0
DA:225,0
DA:233,0
DA:234,0
DA:241,0
DA:242,0
DA:243,0
DA:249,0
DA:253,0
DA:255,0
DA:256,0
DA:257,0
DA:259,0
DA:261,0
DA:265,0
DA:268,0
DA:269,0
DA:272,0
DA:273,0
LF:92
LH:0
BRDA:23,0,0,0
BRDA:23,0,1,0
BRDA:24,1,0,0
BRDA:24,1,1,0
BRDA:26,2,0,0
BRDA:30,3,0,0
BRDA:30,3,1,0
BRDA:50,4,0,0
BRDA:52,5,0,0
BRDA:52,6,0,0
BRDA:52,6,1,0
BRDA:52,6,2,0
BRDA:59,7,0,0
BRDA:70,8,0,0
BRDA:70,8,1,0
BRDA:78,9,0,0
BRDA:86,10,0,0
BRDA:119,11,0,0
BRDA:119,12,0,0
BRDA:119,12,1,0
BRDA:119,12,2,0
BRDA:126,13,0,0
BRDA:131,14,0,0
BRDA:138,15,0,0
BRDA:138,16,0,0
BRDA:138,16,1,0
BRDA:167,17,0,0
BRDA:180,18,0,0
BRDA:224,19,0,0
BRDA:233,20,0,0
BRDA:241,21,0,0
BRDA:241,21,1,0
BRDA:242,22,0,0
BRDA:242,23,0,0
BRDA:242,23,1,0
BRDA:259,24,0,0
BRDA:259,25,0,0
BRDA:259,25,1,0
BRDA:268,26,0,0
BRF:39
BRH:0
end_of_record
TN:
SF:src/app/api/draft/pick/route.ts
FN:8,POST
FN:45,(anonymous_2)
FN:57,(anonymous_3)
FNF:3
FNH:0
FNDA:0,POST
FNDA:0,(anonymous_2)
FNDA:0,(anonymous_3)
DA:1,0
DA:3,0
DA:6,0
DA:8,0
DA:9,0
DA:10,0
DA:11,0
DA:13,0
DA:14,0
DA:21,0
DA:23,0
DA:24,0
DA:31,0
DA:33,0
DA:34,0
DA:41,0
DA:44,0
DA:45,0
DA:46,0
DA:52,0
DA:55,0
DA:57,0
DA:58,0
DA:59,0
DA:60,0
DA:65,0
DA:75,0
DA:76,0
LF:28
LH:0
BRDA:13,0,0,0
BRDA:13,1,0,0
BRDA:13,1,1,0
BRDA:23,2,0,0
BRDA:33,3,0,0
BRDA:48,4,0,0
BRDA:48,4,1,0
BRDA:55,5,0,0
BRDA:59,6,0,0
BRF:9
BRH:0
end_of_record
TN:
SF:src/app/api/draft/websocket/route.ts
FN:64,(anonymous_3)
FN:68,(anonymous_4)
FN:72,(anonymous_5)
FN:107,(anonymous_6)
FN:155,(anonymous_7)
FN:204,(anonymous_8)
FN:232,(anonymous_9)
FN:245,(anonymous_10)
FN:270,(anonymous_11)
FN:294,(anonymous_12)
FN:304,(anonymous_13)
FN:330,(anonymous_14)
FN:351,(anonymous_15)
FN:366,(anonymous_16)
FN:394,(anonymous_17)
FN:406,(anonymous_18)
FN:415,(anonymous_19)
FN:439,(anonymous_20)
FN:447,(anonymous_21)
FN:482,(anonymous_22)
FN:495,(anonymous_23)
FN:499,(anonymous_24)
FN:509,(anonymous_25)
FN:518,GET
FN:535,POST
FNF:25
FNH:0
FNDA:0,(anonymous_3)
FNDA:0,(anonymous_4)
FNDA:0,(anonymous_5)
FNDA:0,(anonymous_6)
FNDA:0,(anonymous_7)
FNDA:0,(anonymous_8)
FNDA:0,(anonymous_9)
FNDA:0,(anonymous_10)
FNDA:0,(anonymous_11)
FNDA:0,(anonymous_12)
FNDA:0,(anonymous_13)
FNDA:0,(anonymous_14)
FNDA:0,(anonymous_15)
FNDA:0,(anonymous_16)
FNDA:0,(anonymous_17)
FNDA:0,(anonymous_18)
FNDA:0,(anonymous_19)
FNDA:0,(anonymous_20)
FNDA:0,(anonymous_21)
FNDA:0,(anonymous_22)
FNDA:0,(anonymous_23)
FNDA:0,(anonymous_24)
FNDA:0,(anonymous_25)
FNDA:0,GET
FNDA:0,POST
DA:1,0
DA:3,0
DA:4,0
DA:60,0
DA:61,0
DA:65,0
DA:70,0
DA:72,0
DA:73,0
DA:75,0
DA:76,0
DA:78,0
DA:79,0
DA:81,0
DA:82,0
DA:84,0
DA:85,0
DA:87,0
DA:88,0
DA:90,0
DA:91,0
DA:93,0
DA:94,0
DA:96,0
DA:97,0
DA:100,0
DA:101,0
DA:108,0
DA:111,0
DA:112,0
DA:113,0
DA:114,0
DA:118,0
DA:128,0
DA:131,0
DA:141,0
DA:147,0
DA:150,0
DA:151,0
DA:156,0
DA:157,0
DA:159,0
DA:160,0
DA:164,0
DA:168,0
DA:180,0
DA:183,0
DA:186,0
DA:192,0
DA:198,0
DA:201,0
DA:205,0
DA:206,0
DA:208,0
DA:215,0
DA:216,0
DA:217,0
DA:220,0
DA:221,0
DA:226,0
DA:233,0
DA:234,0
DA:236,0
DA:238,0
DA:239,0
DA:240,0
DA:241,0
DA:246,0
DA:247,0
DA:249,0
DA:252,0
DA:253,0
DA:254,0
DA:258,0
DA:261,0
DA:262,0
DA:264,0
DA:271,0
DA:272,0
DA:274,0
DA:276,0
DA:277,0
DA:278,0
DA:282,0
DA:285,0
DA:286,0
DA:288,0
DA:295,0
DA:296,0
DA:298,0
DA:301,0
DA:305,0
DA:306,0
DA:308,0
DA:310,0
DA:311,0
DA:312,0
DA:316,0
DA:319,0
DA:322,0
DA:323,0
DA:325,0
DA:326,0
DA:327,0
DA:330,0
DA:331,0
DA:335,0
DA:341,0
DA:346,0
DA:347,0
DA:352,0
DA:367,0
DA:369,0
DA:372,0
DA:373,0
DA:376,0
DA:377,0
DA:379,0
DA:383,0
DA:384,0
DA:386,0
DA:390,0
DA:394,0
DA:395,0
DA:399,0
DA:400,0
DA:401,0
DA:402,0
DA:407,0
DA:408,0
DA:411,0
DA:413,0
DA:415,0
DA:416,0
DA:419,0
DA:430,0
DA:431,0
DA:432,0
DA:436,0
DA:440,0
DA:441,0
DA:442,0
DA:443,0
DA:449,0
DA:455,0
DA:458,0
DA:472,0
DA:483,0
DA:496,0
DA:500,0
DA:501,0
DA:503,0
DA:510,0
DA:515,0
DA:518,0
DA:519,0
DA:535,0
DA:536,0
DA:537,0
DA:539,0
DA:542,0
DA:543,0
DA:556,0
DA:558,0
DA:565,0
DA:566,0
DA:567,0
DA:570,0
DA:579,0
DA:582,0
DA:583,0
LF:171
LH:0
BRDA:73,0,0,0
BRDA:73,0,1,0
BRDA:73,0,2,0
BRDA:73,0,3,0
BRDA:73,0,4,0
BRDA:73,0,5,0
BRDA:73,0,6,0
BRDA:73,0,7,0
BRDA:73,0,8,0
BRDA:100,1,0,0
BRDA:112,2,0,0
BRDA:150,3,0,0
BRDA:159,4,0,0
BRDA:159,5,0,0
BRDA:159,5,1,0
BRDA:216,6,0,0
BRDA:220,7,0,0
BRDA:236,8,0,0
BRDA:239,9,0,0
BRDA:249,10,0,0
BRDA:253,11,0,0
BRDA:274,12,0,0
BRDA:277,13,0,0
BRDA:298,14,0,0
BRDA:298,15,0,0
BRDA:298,15,1,0
BRDA:308,16,0,0
BRDA:311,17,0,0
BRDA:319,18,0,0
BRDA:323,19,0,0
BRDA:372,20,0,0
BRDA:372,20,1,0
BRDA:376,21,0,0
BRDA:376,21,1,0
BRDA:386,22,0,0
BRDA:386,22,1,0
BRDA:400,23,0,0
BRDA:408,24,0,0
BRDA:408,25,0,0
BRDA:408,25,1,0
BRDA:408,25,2,0
BRDA:430,26,0,0
BRDA:441,27,0,0
BRDA:501,28,0,0
BRDA:539,29,0,0
BRDA:539,29,1,0
BRDA:539,29,2,0
BRDA:543,30,0,0
BRDA:543,30,1,0
BRDA:561,31,0,0
BRDA:561,31,1,0
BRDA:566,32,0,0
BRF:52
BRH:0
end_of_record
TN:
SF:src/app/api/dynasty/assets/route.ts
FN:7,GET
FN:43,(anonymous_2)
FN:110,(anonymous_3)
FN:111,(anonymous_4)
FN:116,(anonymous_5)
FN:117,(anonymous_6)
FN:118,(anonymous_7)
FN:119,(anonymous_8)
FN:120,(anonymous_9)
FNF:9
FNH:0
FNDA:0,GET
FNDA:0,(anonymous_2)
FNDA:0,(anonymous_3)
FNDA:0,(anonymous_4)
FNDA:0,(anonymous_5)
FNDA:0,(anonymous_6)
FNDA:0,(anonymous_7)
FNDA:0,(anonymous_8)
FNDA:0,(anonymous_9)
DA:1,0
DA:2,0
DA:3,0
DA:4,0
DA:5,0
DA:7,0
DA:8,0
DA:9,0
DA:10,0
DA:12,0
DA:13,0
DA:19,0
DA:20,0
DA:21,0
DA:23,0
DA:24,0
DA:30,0
DA:38,0
DA:39,0
DA:42,0
DA:45,0
DA:50,0
DA:55,0
DA:63,0
DA:82,0
DA:110,0
DA:111,0
DA:112,0
DA:115,0
DA:116,0
DA:117,0
DA:118,0
DA:119,0
DA:120,0
DA:124,0
DA:145,0
DA:146,0
LF:37
LH:0
BRDA:12,0,0,0
BRDA:23,1,0,0
BRDA:32,2,0,0
BRDA:32,2,1,0
BRDA:45,3,0,0
BRDA:45,3,1,0
BRDA:46,4,0,0
BRDA:46,4,1,0
BRDA:47,5,0,0
BRDA:47,5,1,0
BRDA:50,6,0,0
BRDA:50,6,1,0
BRDA:57,7,0,0
BRDA:57,7,1,0
BRDA:58,8,0,0
BRDA:58,8,1,0
BRDA:59,9,0,0
BRDA:59,9,1,0
BRDA:60,10,0,0
BRDA:60,10,1,0
BRDA:71,11,0,0
BRDA:71,11,1,0
BRDA:72,12,0,0
BRDA:72,12,1,0
BRDA:73,13,0,0
BRDA:73,13,1,0
BRDA:73,14,0,0
BRDA:73,14,1,0
BRDA:74,15,0,0
BRDA:74,15,1,0
BRDA:150,16,0,0
BRDA:150,16,1,0
BRF:32
BRH:0
end_of_record
TN:
SF:src/app/api/dynasty/championship-window/route.ts
FN:7,GET
FN:58,(anonymous_2)
FN:86,(anonymous_3)
FN:94,(anonymous_4)
FN:95,(anonymous_5)
FN:96,(anonymous_6)
FN:97,(anonymous_7)
FNF:7
FNH:0
FNDA:0,GET
FNDA:0,(anonymous_2)
FNDA:0,(anonymous_3)
FNDA:0,(anonymous_4)
FNDA:0,(anonymous_5)
FNDA:0,(anonymous_6)
FNDA:0,(anonymous_7)
DA:1,0
DA:2,0
DA:3,0
DA:4,0
DA:5,0
DA:7,0
DA:8,0
DA:9,0
DA:10,0
DA:12,0
DA:13,0
DA:20,0
DA:21,0
DA:22,0
DA:24,0
DA:25,0
DA:31,0
DA:40,0
DA:41,0
DA:44,0
DA:57,0
DA:58,0
DA:78,0
DA:85,0
DA:86,0
DA:93,0
DA:94,0
DA:95,0
DA:96,0
DA:97,0
DA:101,0
DA:121,0
DA:122,0
LF:33
LH:0
BRDA:12,0,0,0
BRDA:24,1,0,0
BRDA:33,2,0,0
BRDA:33,2,1,0
BRDA:89,3,0,0
BRDA:89,3,1,0
BRDA:94,4,0,0
BRDA:94,4,1,0
BRDA:97,5,0,0
BRDA:97,5,1,0
BRDA:126,6,0,0
BRDA:126,6,1,0
BRF:12
BRH:0
end_of_record
TN:
SF:src/app/api/dynasty/keeper-recommendations/route.ts
FN:6,GET
FN:51,(anonymous_4)
FN:103,POST
FNF:3
FNH:0
FNDA:0,GET
FNDA:0,(anonymous_4)
FNDA:0,POST
DA:1,0
DA:2,0
DA:3,0
DA:4,0
DA:6,0
DA:7,0
DA:8,0
DA:9,0
DA:11,0
DA:12,0
DA:19,0
DA:20,0
DA:22,0
DA:23,0
DA:30,0
DA:33,0
DA:43,0
DA:50,0
DA:51,0
DA:80,0
DA:91,0
DA:92,0
DA:103,0
DA:104,0
DA:105,0
DA:106,0
DA:108,0
DA:109,0
DA:116,0
DA:121,0
DA:131,0
DA:132,0
LF:32
LH:0
BRDA:11,0,0,0
BRDA:22,1,0,0
BRDA:35,2,0,0
BRDA:35,2,1,0
BRDA:96,3,0,0
BRDA:96,3,1,0
BRDA:108,4,0,0
BRDA:108,5,0,0
BRDA:108,5,1,0
BRDA:108,5,2,0
BRDA:136,6,0,0
BRDA:136,6,1,0
BRF:12
BRH:0
end_of_record
TN:
SF:src/app/api/dynasty/team-strategy/route.ts
FN:7,GET
FNF:1
FNH:0
FNDA:0,GET
DA:1,0
DA:2,0
DA:3,0
DA:4,0
DA:5,0
DA:7,0
DA:8,0
DA:9,0
DA:10,0
DA:12,0
DA:13,0
DA:19,0
DA:20,0
DA:21,0
DA:23,0
DA:24,0
DA:30,0
DA:38,0
DA:39,0
DA:42,0
DA:55,0
DA:62,0
DA:97,0
DA:106,0
DA:134,0
DA:135,0
LF:26
LH:0
BRDA:12,0,0,0
BRDA:23,1,0,0
BRDA:32,2,0,0
BRDA:32,2,1,0
BRDA:65,3,0,0
BRDA:65,3,1,0
BRDA:68,4,0,0
BRDA:68,4,1,0
BRDA:89,5,0,0
BRDA:89,5,1,0
BRDA:99,6,0,0
BRDA:99,6,1,0
BRDA:101,7,0,0
BRDA:101,7,1,0
BRDA:112,8,0,0
BRDA:112,8,1,0
BRDA:114,9,0,0
BRDA:114,9,1,0
BRDA:139,10,0,0
BRDA:139,10,1,0
BRF:20
BRH:0
end_of_record
TN:
SF:src/app/api/dynasty/trade-analysis/route.ts
FN:7,POST
FN:51,(anonymous_2)
FN:55,(anonymous_3)
FN:96,(anonymous_4)
FN:97,(anonymous_5)
FN:98,(anonymous_6)
FN:99,(anonymous_7)
FN:100,(anonymous_8)
FN:101,(anonymous_9)
FNF:9
FNH:0
FNDA:0,POST
FNDA:0,(anonymous_2)
FNDA:0,(anonymous_3)
FNDA:0,(anonymous_4)
FNDA:0,(anonymous_5)
FNDA:0,(anonymous_6)
FNDA:0,(anonymous_7)
FNDA:0,(anonymous_8)
FNDA:0,(anonymous_9)
DA:1,0
DA:2,0
DA:3,0
DA:4,0
DA:5,0
DA:7,0
DA:8,0
DA:9,0
DA:10,0
DA:12,0
DA:13,0
DA:19,0
DA:20,0
DA:22,0
DA:23,0
DA:29,0
DA:37,0
DA:38,0
DA:41,0
DA:50,0
DA:51,0
DA:55,0
DA:63,0
DA:64,0
DA:66,0
DA:67,0
DA:68,0
DA:69,0
DA:70,0
DA:71,0
DA:72,0
DA:73,0
DA:74,0
DA:75,0
DA:76,0
DA:77,0
DA:79,0
DA:83,0
DA:84,0
DA:85,0
DA:86,0
DA:94,0
DA:96,0
DA:97,0
DA:98,0
DA:99,0
DA:100,0
DA:101,0
DA:104,0
DA:129,0
DA:130,0
LF:51
LH:0
BRDA:12,0,0,0
BRDA:22,1,0,0
BRDA:31,2,0,0
BRDA:31,2,1,0
BRDA:66,3,0,0
BRDA:66,3,1,0
BRDA:68,4,0,0
BRDA:68,4,1,0
BRDA:70,5,0,0
BRDA:70,5,1,0
BRDA:72,6,0,0
BRDA:72,6,1,0
BRDA:74,7,0,0
BRDA:74,7,1,0
BRDA:76,8,0,0
BRDA:76,8,1,0
BRDA:89,9,0,0
BRDA:89,9,1,0
BRDA:115,10,0,0
BRDA:115,10,1,0
BRDA:115,11,0,0
BRDA:115,11,1,0
BRDA:117,12,0,0
BRDA:117,12,1,0
BRDA:117,13,0,0
BRDA:117,13,1,0
BRDA:134,14,0,0
BRDA:134,14,1,0
BRF:28
BRH:0
end_of_record
TN:
SF:src/app/api/health/route.ts
FN:25,getStats
FN:28,(anonymous_5)
FN:69,GET
FN:126,HEAD
FNF:4
FNH:0
FNDA:0,getStats
FNDA:0,(anonymous_5)
FNDA:0,GET
FNDA:0,HEAD
DA:1,0
DA:2,0
DA:3,0
DA:4,0
DA:6,0
DA:26,0
DA:28,0
DA:35,0
DA:42,0
DA:43,0
DA:44,0
DA:45,0
DA:47,0
DA:56,0
DA:58,0
DA:59,0
DA:69,0
DA:71,0
DA:74,0
DA:75,0
DA:77,0
DA:78,0
DA:79,0
DA:81,0
DA:84,0
DA:85,0
DA:86,0
DA:88,0
DA:92,0
DA:94,0
DA:95,0
DA:96,0
DA:97,0
DA:100,0
DA:118,0
DA:126,0
DA:127,0
LF:37
LH:0
BRDA:42,0,0,0
BRDA:42,0,1,0
BRDA:43,1,0,0
BRDA:43,1,1,0
BRDA:44,2,0,0
BRDA:44,2,1,0
BRDA:45,3,0,0
BRDA:45,3,1,0
BRDA:94,4,0,0
BRDA:94,4,1,0
BRDA:94,5,0,0
BRDA:94,5,1,0
BRDA:96,6,0,0
BRDA:96,7,0,0
BRDA:96,7,1,0
BRDA:107,8,0,0
BRDA:107,8,1,0
BRDA:108,9,0,0
BRDA:108,9,1,0
BRF:19
BRH:0
end_of_record
TN:
SF:src/app/api/injuries/route.ts
FN:11,GET
FN:94,POST
FN:152,SOCKET
FNF:3
FNH:0
FNDA:0,GET
FNDA:0,POST
FNDA:0,SOCKET
DA:6,0
DA:7,0
DA:8,0
DA:11,0
DA:12,0
DA:13,0
DA:14,0
DA:15,0
DA:16,0
DA:17,0
DA:20,0
DA:21,0
DA:23,0
DA:26,0
DA:27,0
DA:33,0
DA:34,0
DA:42,0
DA:43,0
DA:49,0
DA:50,0
DA:58,0
DA:59,0
DA:67,0
DA:68,0
DA:76,0
DA:77,0
DA:85,0
DA:86,0
DA:94,0
DA:95,0
DA:96,0
DA:97,0
DA:100,0
DA:101,0
DA:108,0
DA:109,0
DA:110,0
DA:117,0
DA:118,0
DA:121,0
DA:133,0
DA:135,0
DA:143,0
DA:144,0
DA:152,0
DA:155,0
LF:47
LH:0
BRDA:23,0,0,0
BRDA:23,0,1,0
BRDA:23,0,2,0
BRDA:23,0,3,0
BRDA:23,0,4,0
BRDA:26,1,0,0
BRDA:42,2,0,0
BRDA:69,3,0,0
BRDA:69,3,1,0
BRDA:100,4,0,0
BRDA:100,5,0,0
BRDA:100,5,1,0
BRDA:109,6,0,0
BRDA:127,7,0,0
BRDA:127,7,1,0
BRF:15
BRH:0
end_of_record
TN:
SF:src/app/api/league-memory/insights/route.ts
FN:50,GET
FN:63,(anonymous_2)
FNF:2
FNH:0
FNDA:0,GET
FNDA:0,(anonymous_2)
DA:1,0
DA:2,0
DA:3,0
DA:5,0
DA:50,0
DA:51,0
DA:52,0
DA:53,0
DA:54,0
DA:56,0
DA:57,0
DA:59,0
DA:62,0
DA:63,0
DA:72,0
DA:76,0
DA:78,0
DA:79,0
LF:18
LH:0
BRDA:62,0,0,0
BRDA:62,1,0,0
BRDA:62,1,1,0
BRDA:68,2,0,0
BRDA:68,2,1,0
BRDA:70,3,0,0
BRDA:70,3,1,0
BRF:7
BRH:0
end_of_record
TN:
SF:src/app/api/league-memory/patterns/route.ts
FN:50,GET
FN:66,(anonymous_2)
FNF:2
FNH:0
FNDA:0,GET
FNDA:0,(anonymous_2)
DA:1,0
DA:2,0
DA:3,0
DA:5,0
DA:50,0
DA:51,0
DA:52,0
DA:53,0
DA:54,0
DA:56,0
DA:57,0
DA:59,0
DA:62,0
DA:63,0
DA:66,0
DA:67,0
DA:76,0
DA:77,0
DA:82,0
DA:84,0
DA:85,0
LF:21
LH:0
BRDA:62,0,0,0
BRDA:70,1,0,0
BRDA:70,1,1,0
BRDA:71,2,0,0
BRDA:71,2,1,0
BRDA:72,3,0,0
BRDA:72,3,1,0
BRDA:76,4,0,0
BRF:8
BRH:0
end_of_record
TN:
SF:src/app/api/league-memory/predictions/route.ts
FN:44,GET
FN:57,(anonymous_2)
FNF:2
FNH:0
FNDA:0,GET
FNDA:0,(anonymous_2)
DA:1,0
DA:2,0
DA:3,0
DA:5,0
DA:44,0
DA:45,0
DA:46,0
DA:47,0
DA:48,0
DA:50,0
DA:51,0
DA:53,0
DA:56,0
DA:57,0
DA:65,0
DA:69,0
DA:71,0
DA:72,0
LF:18
LH:0
BRDA:56,0,0,0
BRDA:56,1,0,0
BRDA:56,1,1,0
BRDA:62,2,0,0
BRDA:62,2,1,0
BRDA:63,3,0,0
BRDA:63,3,1,0
BRF:7
BRH:0
end_of_record
TN:
SF:src/app/api/league-memory/profiles/route.ts
FN:64,GET
FNF:1
FNH:0
FNDA:0,GET
DA:1,0
DA:3,0
DA:5,0
DA:7,0
DA:64,0
DA:65,0
DA:67,0
DA:68,0
DA:69,0
DA:72,0
DA:73,0
DA:76,0
DA:77,0
DA:78,0
DA:82,0
DA:83,0
DA:84,0
DA:85,0
DA:87,0
DA:95,0
DA:97,0
DA:99,0
LF:22
LH:0
BRDA:85,0,0,0
BRDA:85,1,0,0
BRDA:85,1,1,0
BRDA:95,2,0,0
BRDA:95,2,1,0
BRF:5
BRH:0
end_of_record
TN:
SF:src/app/api/leagues/route.ts
FN:5,GET
FN:22,(anonymous_4)
FN:27,(anonymous_5)
FN:68,DELETE
FNF:4
FNH:0
FNDA:0,GET
FNDA:0,(anonymous_4)
FNDA:0,(anonymous_5)
FNDA:0,DELETE
DA:1,0
DA:2,0
DA:3,0
DA:5,0
DA:6,0
DA:8,0
DA:9,0
DA:10,0
DA:11,0
DA:14,0
DA:16,0
DA:18,0
DA:21,0
DA:22,0
DA:25,0
DA:27,0
DA:48,0
DA:50,0
DA:56,0
DA:57,0
DA:68,0
DA:69,0
DA:71,0
DA:72,0
DA:73,0
DA:75,0
DA:76,0
DA:82,0
DA:84,0
DA:89,0
DA:90,0
LF:31
LH:0
BRDA:16,0,0,0
BRDA:16,0,1,0
BRDA:21,1,0,0
BRDA:21,1,1,0
BRDA:61,2,0,0
BRDA:61,2,1,0
BRDA:75,3,0,0
BRDA:94,4,0,0
BRDA:94,4,1,0
BRF:9
BRH:0
end_of_record
TN:
SF:src/app/api/leagues/create/route.ts
FN:72,POST
FN:143,(anonymous_2)
FN:166,(anonymous_3)
FN:183,generateLeagueId
FN:192,generateInviteCode
FN:201,generateRandomDraftOrder
FN:202,(anonymous_7)
FN:213,calculateLockTime
FN:224,getScoringPeriods
FN:235,calculatePositionLimits
FNF:10
FNH:0
FNDA:0,POST
FNDA:0,(anonymous_2)
FNDA:0,(anonymous_3)
FNDA:0,generateLeagueId
FNDA:0,generateInviteCode
FNDA:0,generateRandomDraftOrder
FNDA:0,(anonymous_7)
FNDA:0,calculateLockTime
FNDA:0,getScoringPeriods
FNDA:0,calculatePositionLimits
DA:1,0
DA:2,0
DA:3,0
DA:6,0
DA:72,0
DA:73,0
DA:74,0
DA:77,0
DA:80,0
DA:81,0
DA:87,0
DA:88,0
DA:94,0
DA:95,0
DA:101,0
DA:102,0
DA:109,0
DA:112,0
DA:143,0
DA:146,0
DA:160,0
DA:162,0
DA:163,0
DA:166,0
DA:175,0
DA:184,0
DA:185,0
DA:186,0
DA:187,0
DA:189,0
DA:193,0
DA:194,0
DA:195,0
DA:196,0
DA:198,0
DA:202,0
DA:205,0
DA:206,0
DA:207,0
DA:210,0
DA:214,0
DA:221,0
DA:225,0
DA:232,0
DA:236,0
LF:45
LH:0
BRDA:80,0,0,0
BRDA:80,1,0,0
BRDA:80,1,1,0
BRDA:87,2,0,0
BRDA:94,3,0,0
BRDA:94,4,0,0
BRDA:94,4,1,0
BRDA:101,5,0,0
BRDA:101,6,0,0
BRDA:101,6,1,0
BRDA:123,7,0,0
BRDA:123,7,1,0
BRDA:162,8,0,0
BRDA:221,9,0,0
BRDA:221,9,1,0
BRDA:232,10,0,0
BRDA:232,10,1,0
BRDA:237,11,0,0
BRDA:237,11,1,0
BRDA:238,12,0,0
BRDA:238,12,1,0
BRDA:239,13,0,0
BRDA:239,13,1,0
BRDA:240,14,0,0
BRDA:240,14,1,0
BRF:25
BRH:0
end_of_record
TN:
SF:src/app/api/leagues/optimized/route.ts
FN:8,GET
FN:48,(anonymous_4)
FN:58,(anonymous_5)
FN:91,POST
FN:110,(anonymous_7)
FN:150,(anonymous_8)
FNF:6
FNH:0
FNDA:0,GET
FNDA:0,(anonymous_4)
FNDA:0,(anonymous_5)
FNDA:0,POST
FNDA:0,(anonymous_7)
FNDA:0,(anonymous_8)
DA:1,0
DA:2,0
DA:3,0
DA:4,0
DA:5,0
DA:8,0
DA:9,0
DA:10,0
DA:11,0
DA:12,0
DA:14,0
DA:15,0
DA:22,0
DA:23,0
DA:24,0
DA:25,0
DA:33,0
DA:35,0
DA:36,0
DA:43,0
DA:46,0
DA:47,0
DA:48,0
DA:49,0
DA:53,0
DA:56,0
DA:58,0
DA:70,0
DA:75,0
DA:82,0
DA:83,0
DA:91,0
DA:92,0
DA:93,0
DA:94,0
DA:96,0
DA:97,0
DA:104,0
DA:110,0
DA:125,0
DA:147,0
DA:150,0
DA:151,0
DA:153,0
DA:155,0
DA:162,0
DA:163,0
LF:47
LH:0
BRDA:14,0,0,0
BRDA:24,1,0,0
BRDA:35,2,0,0
BRDA:47,3,0,0
BRDA:60,4,0,0
BRDA:60,4,1,0
BRDA:96,5,0,0
BRDA:96,6,0,0
BRDA:96,6,1,0
BRF:9
BRH:0
end_of_record
TN:
SF:src/app/api/leagues/templates/route.ts
FN:353,GET
FN:363,(anonymous_4)
FN:368,(anonymous_5)
FN:372,(anonymous_6)
FN:376,(anonymous_7)
FN:398,POST
FN:402,(anonymous_9)
FNF:7
FNH:0
FNDA:0,GET
FNDA:0,(anonymous_4)
FNDA:0,(anonymous_5)
FNDA:0,(anonymous_6)
FNDA:0,(anonymous_7)
FNDA:0,POST
FNDA:0,(anonymous_9)
DA:1,0
DA:2,0
DA:5,0
DA:353,0
DA:354,0
DA:355,0
DA:356,0
DA:357,0
DA:359,0
DA:362,0
DA:363,0
DA:367,0
DA:368,0
DA:372,0
DA:374,0
DA:376,0
DA:390,0
DA:391,0
DA:398,0
DA:399,0
DA:400,0
DA:402,0
DA:404,0
DA:405,0
DA:411,0
DA:422,0
DA:423,0
LF:27
LH:0
BRDA:362,0,0,0
BRDA:367,1,0,0
BRDA:404,2,0,0
BRF:3
BRH:0
end_of_record
TN:
SF:src/app/api/leagues/validate/route.ts
FN:6,POST
FN:55,validateRosterSettings
FN:60,(anonymous_3)
FN:61,(anonymous_4)
FN:148,validateDraftSettings
FN:197,validatePlayoffSettings
FN:255,validateScoringSettings
FN:307,validateAdvancedSettings
FN:355,validateCompatibility
FNF:9
FNH:0
FNDA:0,POST
FNDA:0,validateRosterSettings
FNDA:0,(anonymous_3)
FNDA:0,(anonymous_4)
FNDA:0,validateDraftSettings
FNDA:0,validatePlayoffSettings
FNDA:0,validateScoringSettings
FNDA:0,validateAdvancedSettings
FNDA:0,validateCompatibility
DA:1,0
DA:3,0
DA:6,0
DA:7,0
DA:8,0
DA:10,0
DA:18,0
DA:20,0
DA:21,0
DA:23,0
DA:24,0
DA:26,0
DA:27,0
DA:29,0
DA:30,0
DA:32,0
DA:33,0
DA:35,0
DA:36,0
DA:38,0
DA:44,0
DA:47,0
DA:48,0
DA:56,0
DA:59,0
DA:60,0
DA:61,0
DA:64,0
DA:65,0
DA:70,0
DA:73,0
DA:74,0
DA:79,0
DA:83,0
DA:84,0
DA:85,0
DA:92,0
DA:93,0
DA:100,0
DA:101,0
DA:110,0
DA:111,0
DA:112,0
DA:119,0
DA:120,0
DA:129,0
DA:130,0
DA:138,0
DA:139,0
DA:140,0
DA:149,0
DA:151,0
DA:152,0
DA:153,0
DA:158,0
DA:161,0
DA:162,0
DA:171,0
DA:172,0
DA:179,0
DA:180,0
DA:188,0
DA:189,0
DA:198,0
DA:200,0
DA:201,0
DA:206,0
DA:209,0
DA:210,0
DA:217,0
DA:218,0
DA:226,0
DA:227,0
DA:228,0
DA:235,0
DA:236,0
DA:245,0
DA:246,0
DA:247,0
DA:256,0
DA:258,0
DA:259,0
DA:264,0
DA:267,0
DA:268,0
DA:273,0
DA:277,0
DA:278,0
DA:279,0
DA:288,0
DA:289,0
DA:290,0
DA:297,0
DA:298,0
DA:308,0
DA:310,0
DA:311,0
DA:312,0
DA:317,0
DA:320,0
DA:321,0
DA:328,0
DA:329,0
DA:336,0
DA:337,0
DA:345,0
DA:346,0
DA:356,0
DA:359,0
DA:360,0
DA:367,0
DA:368,0
DA:376,0
DA:377,0
DA:385,0
DA:386,0
DA:394,0
DA:395,0
LF:118
LH:0
BRDA:18,0,0,0
BRDA:18,0,1,0
BRDA:18,0,2,0
BRDA:18,0,3,0
BRDA:18,0,4,0
BRDA:18,0,5,0
BRDA:18,0,6,0
BRDA:61,1,0,0
BRDA:61,1,1,0
BRDA:64,2,0,0
BRDA:73,3,0,0
BRDA:83,4,0,0
BRDA:84,5,0,0
BRDA:92,6,0,0
BRDA:100,7,0,0
BRDA:100,8,0,0
BRDA:100,8,1,0
BRDA:110,9,0,0
BRDA:111,10,0,0
BRDA:119,11,0,0
BRDA:119,12,0,0
BRDA:119,12,1,0
BRDA:129,13,0,0
BRDA:129,14,0,0
BRDA:129,14,1,0
BRDA:138,15,0,0
BRDA:138,15,1,0
BRDA:139,16,0,0
BRDA:151,17,0,0
BRDA:152,18,0,0
BRDA:152,19,0,0
BRDA:152,19,1,0
BRDA:161,20,0,0
BRDA:161,21,0,0
BRDA:161,21,1,0
BRDA:171,22,0,0
BRDA:179,23,0,0
BRDA:188,24,0,0
BRDA:188,25,0,0
BRDA:188,25,1,0
BRDA:200,26,0,0
BRDA:209,27,0,0
BRDA:217,28,0,0
BRDA:226,29,0,0
BRDA:227,30,0,0
BRDA:235,31,0,0
BRDA:246,32,0,0
BRDA:258,33,0,0
BRDA:258,34,0,0
BRDA:258,34,1,0
BRDA:267,35,0,0
BRDA:267,36,0,0
BRDA:267,36,1,0
BRDA:277,37,0,0
BRDA:278,38,0,0
BRDA:288,39,0,0
BRDA:289,40,0,0
BRDA:297,41,0,0
BRDA:310,42,0,0
BRDA:310,42,1,0
BRDA:310,43,0,0
BRDA:310,43,1,0
BRDA:311,44,0,0
BRDA:311,45,0,0
BRDA:311,45,1,0
BRDA:311,45,2,0
BRDA:320,46,0,0
BRDA:320,47,0,0
BRDA:320,47,1,0
BRDA:320,47,2,0
BRDA:328,48,0,0
BRDA:328,49,0,0
BRDA:328,49,1,0
BRDA:328,49,2,0
BRDA:336,50,0,0
BRDA:336,51,0,0
BRDA:336,51,1,0
BRDA:345,52,0,0
BRDA:345,53,0,0
BRDA:345,53,1,0
BRDA:345,53,2,0
BRDA:345,53,3,0
BRDA:359,54,0,0
BRDA:359,55,0,0
BRDA:359,55,1,0
BRDA:367,56,0,0
BRDA:367,57,0,0
BRDA:367,57,1,0
BRDA:376,58,0,0
BRDA:376,59,0,0
BRDA:376,59,1,0
BRDA:385,60,0,0
BRDA:385,61,0,0
BRDA:385,61,1,0
BRDA:394,62,0,0
BRF:95
BRH:0
end_of_record
TN:
SF:src/app/api/lineup-builder/optimize/route.ts
FN:20,POST
FN:27,(anonymous_2)
FN:47,(anonymous_3)
FN:107,(anonymous_4)
FN:108,(anonymous_5)
FN:176,getLineupConstraints
FNF:6
FNH:0
FNDA:0,POST
FNDA:0,(anonymous_2)
FNDA:0,(anonymous_3)
FNDA:0,(anonymous_4)
FNDA:0,(anonymous_5)
FNDA:0,getLineupConstraints
DA:1,0
DA:2,0
DA:3,0
DA:20,0
DA:21,0
DA:22,0
DA:23,0
DA:26,0
DA:28,0
DA:30,0
DA:35,0
DA:36,0
DA:38,0
DA:39,0
DA:42,0
DA:47,0
DA:62,0
DA:67,0
DA:70,0
DA:71,0
DA:74,0
DA:79,0
DA:80,0
DA:81,0
DA:82,0
DA:83,0
DA:87,0
DA:90,0
DA:95,0
DA:102,0
DA:107,0
DA:108,0
DA:130,0
DA:139,0
DA:142,0
DA:143,0
DA:150,0
DA:155,0
DA:164,0
DA:165,0
DA:177,0
DA:179,0
DA:187,0
DA:189,0
DA:190,0
DA:191,0
DA:192,0
DA:193,0
DA:194,0
DA:195,0
DA:198,0
DA:199,0
DA:200,0
DA:201,0
DA:202,0
DA:203,0
DA:204,0
DA:205,0
DA:206,0
DA:210,0
DA:211,0
DA:212,0
DA:213,0
DA:214,0
DA:215,0
DA:216,0
DA:217,0
DA:220,0
DA:221,0
DA:222,0
DA:223,0
DA:224,0
DA:228,0
DA:229,0
DA:230,0
DA:231,0
DA:232,0
DA:233,0
DA:236,0
LF:79
LH:0
BRDA:38,0,0,0
BRDA:38,1,0,0
BRDA:38,1,1,0
BRDA:48,2,0,0
BRDA:48,2,1,0
BRDA:55,3,0,0
BRDA:55,3,1,0
BRDA:56,4,0,0
BRDA:56,4,1,0
BRDA:57,5,0,0
BRDA:57,5,1,0
BRDA:58,6,0,0
BRDA:58,6,1,0
BRDA:59,7,0,0
BRDA:59,7,1,0
BRDA:70,8,0,0
BRDA:80,9,0,0
BRDA:80,9,1,0
BRDA:80,10,0,0
BRDA:80,10,1,0
BRDA:82,11,0,0
BRDA:87,12,0,0
BRDA:87,12,1,0
BRDA:88,13,0,0
BRDA:88,13,1,0
BRDA:146,14,0,0
BRDA:146,14,1,0
BRDA:169,15,0,0
BRDA:169,15,1,0
BRDA:177,16,0,0
BRDA:177,16,1,0
BRDA:187,17,0,0
BRDA:187,17,1,0
BRDA:187,17,2,0
BRDA:187,17,3,0
BRDA:187,17,4,0
BRF:36
BRH:0
end_of_record
TN:
SF:src/app/api/lineup-builder/players/route.ts
FN:9,GET
FN:36,(anonymous_2)
FN:58,(anonymous_3)
FN:90,calculateLeverageScore
FN:98,generateStackPartners
FN:103,(anonymous_6)
FN:108,(anonymous_7)
FN:113,(anonymous_8)
FN:123,(anonymous_9)
FN:132,(anonymous_10)
FN:136,(anonymous_11)
FN:141,enhancePlayersForLineupBuilder
FN:142,(anonymous_13)
FN:193,getPositionCounts
FN:195,(anonymous_15)
FN:201,getSalaryRange
FN:202,(anonymous_17)
FN:206,(anonymous_18)
FN:210,getProjectionRange
FN:211,(anonymous_20)
FN:215,(anonymous_21)
FNF:21
FNH:0
FNDA:0,GET
FNDA:0,(anonymous_2)
FNDA:0,(anonymous_3)
FNDA:0,calculateLeverageScore
FNDA:0,generateStackPartners
FNDA:0,(anonymous_6)
FNDA:0,(anonymous_7)
FNDA:0,(anonymous_8)
FNDA:0,(anonymous_9)
FNDA:0,(anonymous_10)
FNDA:0,(anonymous_11)
FNDA:0,enhancePlayersForLineupBuilder
FNDA:0,(anonymous_13)
FNDA:0,getPositionCounts
FNDA:0,(anonymous_15)
FNDA:0,getSalaryRange
FNDA:0,(anonymous_17)
FNDA:0,(anonymous_18)
FNDA:0,getProjectionRange
FNDA:0,(anonymous_20)
FNDA:0,(anonymous_21)
DA:1,0
DA:2,0
DA:9,0
DA:10,0
DA:11,0
DA:12,0
DA:13,0
DA:16,0
DA:25,0
DA:26,0
DA:29,0
DA:31,0
DA:32,0
DA:36,0
DA:58,0
DA:61,0
DA:63,0
DA:78,0
DA:79,0
DA:93,0
DA:94,0
DA:95,0
DA:99,0
DA:102,0
DA:103,0
DA:104,0
DA:108,0
DA:112,0
DA:113,0
DA:114,0
DA:118,0
DA:122,0
DA:123,0
DA:124,0
DA:128,0
DA:133,0
DA:136,0
DA:138,0
DA:142,0
DA:144,0
DA:146,0
DA:150,0
DA:153,0
DA:154,0
DA:156,0
DA:160,0
DA:161,0
DA:162,0
DA:164,0
DA:168,0
DA:169,0
DA:170,0
DA:174,0
DA:175,0
DA:176,0
DA:178,0
DA:182,0
DA:183,0
DA:189,0
DA:194,0
DA:195,0
DA:196,0
DA:198,0
DA:202,0
DA:203,0
DA:206,0
DA:211,0
DA:212,0
DA:215,0
LF:69
LH:0
BRDA:12,0,0,0
BRDA:12,0,1,0
BRDA:13,1,0,0
BRDA:13,1,1,0
BRDA:17,2,0,0
BRDA:17,2,1,0
BRDA:25,3,0,0
BRDA:31,4,0,0
BRDA:36,5,0,0
BRDA:36,5,1,0
BRDA:37,6,0,0
BRDA:37,6,1,0
BRDA:44,7,0,0
BRDA:44,7,1,0
BRDA:45,8,0,0
BRDA:45,8,1,0
BRDA:46,9,0,0
BRDA:46,9,1,0
BRDA:47,10,0,0
BRDA:47,10,1,0
BRDA:54,11,0,0
BRDA:54,11,1,0
BRDA:83,12,0,0
BRDA:83,12,1,0
BRDA:102,13,0,0
BRDA:104,14,0,0
BRDA:104,14,1,0
BRDA:104,14,2,0
BRDA:104,14,3,0
BRDA:112,15,0,0
BRDA:112,16,0,0
BRDA:112,16,1,0
BRDA:114,17,0,0
BRDA:114,17,1,0
BRDA:114,17,2,0
BRDA:118,18,0,0
BRDA:122,19,0,0
BRDA:124,20,0,0
BRDA:124,20,1,0
BRDA:124,20,2,0
BRDA:128,21,0,0
BRDA:133,22,0,0
BRDA:133,22,1,0
BRDA:144,23,0,0
BRDA:150,24,0,0
BRDA:150,24,1,0
BRDA:150,24,2,0
BRDA:150,24,3,0
BRDA:153,25,0,0
BRDA:153,26,0,0
BRDA:153,26,1,0
BRDA:161,27,0,0
BRDA:175,28,0,0
BRDA:196,29,0,0
BRDA:196,29,1,0
BRF:55
BRH:0
end_of_record
TN:
SF:src/app/api/lineup-builder/stacks/route.ts
FN:28,POST
FN:80,generateStackRecommendations
FN:117,(anonymous_3)
FN:125,generateQBWRStacks
FN:127,(anonymous_5)
FN:128,(anonymous_6)
FN:130,(anonymous_7)
FN:132,(anonymous_8)
FN:134,(anonymous_9)
FN:173,generateRBDSTStacks
FN:175,(anonymous_11)
FN:176,(anonymous_12)
FN:178,(anonymous_13)
FN:180,(anonymous_14)
FN:219,generateGameStacks
FN:225,(anonymous_16)
FN:235,(anonymous_17)
FN:240,(anonymous_18)
FN:241,(anonymous_19)
FN:245,(anonymous_20)
FN:246,(anonymous_21)
FN:251,(anonymous_22)
FN:252,(anonymous_23)
FN:259,(anonymous_24)
FN:281,generateTeamStacks
FN:286,(anonymous_26)
FN:295,(anonymous_27)
FN:297,(anonymous_28)
FN:299,(anonymous_29)
FN:300,(anonymous_30)
FN:305,(anonymous_31)
FN:306,(anonymous_32)
FN:313,(anonymous_33)
FN:325,(anonymous_34)
FN:335,calculateQBWRCorrelation
FN:357,calculatePositiveGameScriptCorrelation
FN:374,calculateGameStackCorrelation
FN:376,(anonymous_38)
FN:389,calculateTeamStackCorrelation
FN:394,(anonymous_40)
FN:402,generateStackNarrative
FNF:41
FNH:0
FNDA:0,POST
FNDA:0,generateStackRecommendations
FNDA:0,(anonymous_3)
FNDA:0,generateQBWRStacks
FNDA:0,(anonymous_5)
FNDA:0,(anonymous_6)
FNDA:0,(anonymous_7)
FNDA:0,(anonymous_8)
FNDA:0,(anonymous_9)
FNDA:0,generateRBDSTStacks
FNDA:0,(anonymous_11)
FNDA:0,(anonymous_12)
FNDA:0,(anonymous_13)
FNDA:0,(anonymous_14)
FNDA:0,generateGameStacks
FNDA:0,(anonymous_16)
FNDA:0,(anonymous_17)
FNDA:0,(anonymous_18)
FNDA:0,(anonymous_19)
FNDA:0,(anonymous_20)
FNDA:0,(anonymous_21)
FNDA:0,(anonymous_22)
FNDA:0,(anonymous_23)
FNDA:0,(anonymous_24)
FNDA:0,generateTeamStacks
FNDA:0,(anonymous_26)
FNDA:0,(anonymous_27)
FNDA:0,(anonymous_28)
FNDA:0,(anonymous_29)
FNDA:0,(anonymous_30)
FNDA:0,(anonymous_31)
FNDA:0,(anonymous_32)
FNDA:0,(anonymous_33)
FNDA:0,(anonymous_34)
FNDA:0,calculateQBWRCorrelation
FNDA:0,calculatePositiveGameScriptCorrelation
FNDA:0,calculateGameStackCorrelation
FNDA:0,(anonymous_38)
FNDA:0,calculateTeamStackCorrelation
FNDA:0,(anonymous_40)
FNDA:0,generateStackNarrative
DA:1,0
DA:2,0
DA:28,0
DA:29,0
DA:30,0
DA:31,0
DA:34,0
DA:41,0
DA:42,0
DA:45,0
DA:46,0
DA:49,0
DA:56,0
DA:68,0
DA:69,0
DA:86,0
DA:87,0
DA:89,0
DA:91,0
DA:92,0
DA:95,0
DA:96,0
DA:99,0
DA:100,0
DA:104,0
DA:110,0
DA:113,0
DA:117,0
DA:118,0
DA:122,0
DA:126,0
DA:127,0
DA:128,0
DA:130,0
DA:132,0
DA:134,0
DA:135,0
DA:136,0
DA:138,0
DA:170,0
DA:174,0
DA:175,0
DA:176,0
DA:178,0
DA:180,0
DA:182,0
DA:183,0
DA:185,0
DA:216,0
DA:220,0
DA:223,0
DA:225,0
DA:226,0
DA:228,0
DA:229,0
DA:230,0
DA:232,0
DA:235,0
DA:236,0
DA:239,0
DA:240,0
DA:241,0
DA:244,0
DA:245,0
DA:246,0
DA:249,0
DA:250,0
DA:251,0
DA:252,0
DA:254,0
DA:255,0
DA:257,0
DA:259,0
DA:278,0
DA:282,0
DA:285,0
DA:286,0
DA:287,0
DA:289,0
DA:290,0
DA:292,0
DA:295,0
DA:297,0
DA:298,0
DA:299,0
DA:300,0
DA:303,0
DA:304,0
DA:305,0
DA:306,0
DA:308,0
DA:309,0
DA:311,0
DA:313,0
DA:325,0
DA:332,0
DA:337,0
DA:340,0
DA:341,0
DA:345,0
DA:346,0
DA:350,0
DA:351,0
DA:354,0
DA:359,0
DA:362,0
DA:363,0
DA:367,0
DA:368,0
DA:371,0
DA:376,0
DA:378,0
DA:380,0
DA:381,0
DA:382,0
DA:383,0
DA:386,0
DA:391,0
DA:394,0
DA:395,0
DA:396,0
DA:399,0
DA:403,0
DA:418,0
DA:419,0
LF:125
LH:0
BRDA:35,0,0,0
BRDA:35,0,1,0
BRDA:41,1,0,0
BRDA:46,2,0,0
BRDA:46,2,1,0
BRDA:73,3,0,0
BRDA:73,3,1,0
BRDA:89,4,0,0
BRDA:89,4,1,0
BRDA:89,4,2,0
BRDA:89,4,3,0
BRDA:89,4,4,0
BRDA:127,5,0,0
BRDA:127,5,1,0
BRDA:128,6,0,0
BRDA:128,6,1,0
BRDA:135,7,0,0
BRDA:164,8,0,0
BRDA:164,8,1,0
BRDA:164,9,0,0
BRDA:164,9,1,0
BRDA:175,10,0,0
BRDA:175,10,1,0
BRDA:176,11,0,0
BRDA:176,11,1,0
BRDA:182,12,0,0
BRDA:182,13,0,0
BRDA:182,13,1,0
BRDA:211,14,0,0
BRDA:211,14,1,0
BRDA:211,15,0,0
BRDA:211,15,1,0
BRDA:226,16,0,0
BRDA:229,17,0,0
BRDA:240,18,0,0
BRDA:240,18,1,0
BRDA:245,19,0,0
BRDA:245,19,1,0
BRDA:249,20,0,0
BRDA:249,21,0,0
BRDA:249,21,1,0
BRDA:254,22,0,0
BRDA:272,23,0,0
BRDA:272,23,1,0
BRDA:287,24,0,0
BRDA:289,25,0,0
BRDA:299,26,0,0
BRDA:299,26,1,0
BRDA:299,26,2,0
BRDA:303,27,0,0
BRDA:303,28,0,0
BRDA:303,28,1,0
BRDA:308,29,0,0
BRDA:326,30,0,0
BRDA:326,30,1,0
BRDA:340,31,0,0
BRDA:340,32,0,0
BRDA:340,32,1,0
BRDA:345,33,0,0
BRDA:345,34,0,0
BRDA:345,34,1,0
BRDA:350,35,0,0
BRDA:350,36,0,0
BRDA:350,36,1,0
BRDA:362,37,0,0
BRDA:362,38,0,0
BRDA:362,38,1,0
BRDA:367,39,0,0
BRDA:367,40,0,0
BRDA:367,40,1,0
BRDA:376,41,0,0
BRDA:376,41,1,0
BRDA:380,42,0,0
BRDA:380,42,1,0
BRDA:382,43,0,0
BRDA:394,44,0,0
BRDA:394,44,1,0
BRDA:395,45,0,0
BRDA:418,46,0,0
BRDA:418,46,1,0
BRF:80
BRH:0
end_of_record
TN:
SF:src/app/api/live-scores/alerts/route.ts
FN:207,(anonymous_3)
FN:284,(anonymous_4)
FN:290,GET
FN:307,(anonymous_6)
FN:313,(anonymous_7)
FN:319,(anonymous_8)
FN:325,(anonymous_9)
FN:331,(anonymous_10)
FN:337,(anonymous_11)
FN:342,(anonymous_12)
FN:349,(anonymous_13)
FN:354,(anonymous_14)
FN:355,(anonymous_15)
FN:371,(anonymous_16)
FN:379,(anonymous_17)
FN:381,(anonymous_18)
FN:382,(anonymous_19)
FN:383,(anonymous_20)
FN:385,(anonymous_21)
FN:415,POST
FN:452,getImpactLevel
FN:461,handleMarkRead
FN:462,(anonymous_25)
FN:479,handleMarkAllRead
FN:482,(anonymous_27)
FN:496,handleCreateAlert
FN:519,handleUpdateSubscription
FN:520,(anonymous_30)
FN:539,handleDeleteAlert
FN:540,(anonymous_32)
FNF:30
FNH:0
FNDA:0,(anonymous_3)
FNDA:0,(anonymous_4)
FNDA:0,GET
FNDA:0,(anonymous_6)
FNDA:0,(anonymous_7)
FNDA:0,(anonymous_8)
FNDA:0,(anonymous_9)
FNDA:0,(anonymous_10)
FNDA:0,(anonymous_11)
FNDA:0,(anonymous_12)
FNDA:0,(anonymous_13)
FNDA:0,(anonymous_14)
FNDA:0,(anonymous_15)
FNDA:0,(anonymous_16)
FNDA:0,(anonymous_17)
FNDA:0,(anonymous_18)
FNDA:0,(anonymous_19)
FNDA:0,(anonymous_20)
FNDA:0,(anonymous_21)
FNDA:0,POST
FNDA:0,getImpactLevel
FNDA:0,handleMarkRead
FNDA:0,(anonymous_25)
FNDA:0,handleMarkAllRead
FNDA:0,(anonymous_27)
FNDA:0,handleCreateAlert
FNDA:0,handleUpdateSubscription
FNDA:0,(anonymous_30)
FNDA:0,handleDeleteAlert
FNDA:0,(anonymous_32)
DA:1,0
DA:2,0
DA:47,0
DA:189,0
DA:207,0
DA:208,0
DA:209,0
DA:215,0
DA:216,0
DA:218,0
DA:219,0
DA:220,0
DA:222,0
DA:224,0
DA:225,0
DA:226,0
DA:227,0
DA:229,0
DA:230,0
DA:231,0
DA:232,0
DA:234,0
DA:235,0
DA:236,0
DA:237,0
DA:239,0
DA:240,0
DA:241,0
DA:242,0
DA:244,0
DA:245,0
DA:246,0
DA:247,0
DA:250,0
DA:273,0
DA:276,0
DA:277,0
DA:280,0
DA:284,0
DA:285,0
DA:286,0
DA:290,0
DA:291,0
DA:292,0
DA:293,0
DA:294,0
DA:295,0
DA:296,0
DA:297,0
DA:298,0
DA:299,0
DA:300,0
DA:301,0
DA:304,0
DA:306,0
DA:307,0
DA:308,0
DA:312,0
DA:313,0
DA:314,0
DA:318,0
DA:319,0
DA:320,0
DA:324,0
DA:325,0
DA:326,0
DA:330,0
DA:331,0
DA:332,0
DA:336,0
DA:337,0
DA:340,0
DA:341,0
DA:342,0
DA:343,0
DA:348,0
DA:349,0
DA:350,0
DA:353,0
DA:354,0
DA:355,0
DA:357,0
DA:358,0
DA:359,0
DA:360,0
DA:361,0
DA:362,0
DA:364,0
DA:371,0
DA:374,0
DA:377,0
DA:379,0
DA:381,0
DA:382,0
DA:383,0
DA:386,0
DA:387,0
DA:391,0
DA:403,0
DA:404,0
DA:415,0
DA:416,0
DA:417,0
DA:418,0
DA:420,0
DA:422,0
DA:424,0
DA:426,0
DA:428,0
DA:430,0
DA:432,0
DA:439,0
DA:440,0
DA:453,0
DA:454,0
DA:455,0
DA:456,0
DA:457,0
DA:462,0
DA:463,0
DA:464,0
DA:470,0
DA:472,0
DA:480,0
DA:482,0
DA:483,0
DA:484,0
DA:485,0
DA:489,0
DA:497,0
DA:504,0
DA:512,0
DA:520,0
DA:521,0
DA:526,0
DA:527,0
DA:529,0
DA:532,0
DA:540,0
DA:541,0
DA:542,0
DA:548,0
DA:550,0
LF:143
LH:0
BRDA:222,0,0,0
BRDA:222,0,1,0
BRDA:222,0,2,0
BRDA:222,0,3,0
BRDA:222,0,4,0
BRDA:224,1,0,0
BRDA:224,1,1,0
BRDA:226,2,0,0
BRDA:226,2,1,0
BRDA:234,3,0,0
[...]
FN:392,storeInjuryData
FN:420,storeWeatherData
FN:451,storeVegasData
FNF:22
FNH:0
FNDA:0,dataCollectionWorker
FNDA:0,collectOwnershipData
FNDA:0,(anonymous_3)
FNDA:0,(anonymous_4)
FNDA:0,collectInjuryData
FNDA:0,(anonymous_6)
FNDA:0,(anonymous_7)
FNDA:0,collectWeatherData
FNDA:0,(anonymous_9)
FNDA:0,(anonymous_10)
FNDA:0,collectVegasData
FNDA:0,(anonymous_12)
FNDA:0,(anonymous_13)
FNDA:0,generateMockOwnership
FNDA:0,generateMockOwnershipSummary
FNDA:0,generateMockInjuries
FNDA:0,getOutdoorGames
FNDA:0,generateMockVegasData
FNDA:0,storeOwnershipData
FNDA:0,storeInjuryData
FNDA:0,storeWeatherData
FNDA:0,storeVegasData
DA:7,0
DA:8,0
DA:11,0
DA:12,0
DA:15,0
DA:18,0
DA:37,0
DA:38,0
DA:40,0
DA:42,0
DA:45,0
DA:47,0
DA:48,0
DA:50,0
DA:51,0
DA:53,0
DA:54,0
DA:56,0
DA:57,0
DA:59,0
DA:62,0
DA:63,0
DA:64,0
DA:67,0
DA:68,0
DA:73,0
DA:75,0
DA:79,0
DA:81,0
DA:82,0
DA:84,0
DA:85,0
DA:86,0
DA:90,0
DA:93,0
DA:96,0
DA:98,0
DA:102,0
DA:109,0
DA:113,0
DA:114,0
DA:119,0
DA:121,0
DA:126,0
DA:128,0
DA:129,0
DA:131,0
DA:132,0
DA:141,0
DA:144,0
DA:147,0
DA:149,0
DA:152,0
DA:153,0
DA:159,0
DA:160,0
DA:165,0
DA:166,0
DA:169,0
DA:170,0
DA:171,0
DA:173,0
DA:175,0
DA:176,0
DA:178,0
DA:179,0
DA:180,0
DA:189,0
DA:198,0
DA:201,0
DA:205,0
DA:207,0
DA:210,0
DA:211,0
DA:217,0
DA:218,0
DA:223,0
DA:225,0
DA:232,0
DA:233,0
DA:234,0
DA:238,0
DA:239,0
DA:241,0
DA:242,0
DA:251,0
DA:254,0
DA:257,0
DA:259,0
DA:262,0
DA:263,0
DA:269,0
DA:270,0
DA:276,0
DA:277,0
DA:279,0
DA:280,0
DA:281,0
DA:283,0
DA:295,0
DA:299,0
DA:310,0
DA:311,0
DA:312,0
DA:314,0
DA:315,0
DA:325,0
DA:330,0
DA:338,0
DA:340,0
DA:341,0
DA:354,0
DA:355,0
DA:358,0
DA:363,0
DA:364,0
DA:375,0
DA:376,0
DA:388,0
DA:393,0
DA:394,0
DA:405,0
DA:406,0
DA:416,0
DA:421,0
DA:422,0
DA:435,0
DA:436,0
DA:447,0
DA:452,0
DA:453,0
DA:468,0
DA:469,0
DA:483,0
LF:134
LH:0
BRDA:20,0,0,0
BRDA:20,0,1,0
BRDA:21,1,0,0
BRDA:21,1,1,0
BRDA:24,2,0,0
BRDA:24,2,1,0
BRDA:28,3,0,0
BRDA:28,3,1,0
BRDA:32,4,0,0
BRDA:32,4,1,0
BRDA:45,5,0,0
BRDA:45,5,1,0
BRDA:45,5,2,0
BRDA:45,5,3,0
BRDA:45,5,4,0
BRDA:47,6,0,0
BRDA:47,6,1,0
BRDA:84,7,0,0
BRDA:131,8,0,0
BRDA:165,9,0,0
BRDA:178,10,0,0
BRDA:194,11,0,0
BRDA:194,11,1,0
BRDA:233,12,0,0
BRDA:241,13,0,0
BRDA:289,14,0,0
BRDA:289,14,1,0
BRDA:346,15,0,0
BRDA:346,15,1,0
BRF:29
BRH:0
end_of_record
TN:
SF:src/lib/workers/init.ts
FN:35,(anonymous_9)
FN:99,(anonymous_10)
FN:99,(anonymous_11)
FN:116,(anonymous_12)
FN:163,(anonymous_13)
FN:167,(anonymous_14)
FN:170,(anonymous_15)
FNF:7
FNH:0
FNDA:0,(anonymous_9)
FNDA:0,(anonymous_10)
FNDA:0,(anonymous_11)
FNDA:0,(anonymous_12)
FNDA:0,(anonymous_13)
FNDA:0,(anonymous_14)
FNDA:0,(anonymous_15)
DA:1,0
DA:2,0
DA:3,0
DA:4,0
DA:5,0
DA:8,0
DA:17,0
DA:26,0
DA:35,0
DA:36,0
DA:39,0
DA:51,0
DA:63,0
DA:75,0
DA:87,0
DA:99,0
DA:100,0
DA:103,0
DA:104,0
DA:105,0
DA:106,0
DA:107,0
DA:109,0
DA:111,0
DA:112,0
DA:116,0
DA:118,0
DA:125,0
DA:132,0
DA:159,0
DA:163,0
DA:164,0
DA:167,0
DA:170,0
DA:173,0
DA:175,0
DA:179,0
DA:180,0
LF:38
LH:0
BRF:0
BRH:0
end_of_record
TN:
SF:src/lib/workers/maintenance.worker.ts
FN:15,maintenanceWorker
FN:47,cleanupOldData
FN:114,warmCache
FN:161,(anonymous_4)
FN:172,generateReports
FN:216,cleanupRedisCache
FN:242,getTopPlayers
FN:263,(anonymous_8)
FN:274,getUpcomingContests
FN:296,(anonymous_10)
FN:308,getRecentPredictions
FN:324,generateDailyReport
FN:360,generateWeeklyReport
FN:382,generatePerformanceReport
FN:402,getTradingMetrics
FN:443,getMLMetrics
FN:453,getSystemMetrics
FN:465,generateAlerts
FN:506,storeReport
FN:525,sendAlerts
FNF:20
FNH:0
FNDA:0,maintenanceWorker
FNDA:0,cleanupOldData
FNDA:0,warmCache
FNDA:0,(anonymous_4)
FNDA:0,generateReports
FNDA:0,cleanupRedisCache
FNDA:0,getTopPlayers
FNDA:0,(anonymous_8)
FNDA:0,getUpcomingContests
FNDA:0,(anonymous_10)
FNDA:0,getRecentPredictions
FNDA:0,generateDailyReport
FNDA:0,generateWeeklyReport
FNDA:0,generatePerformanceReport
FNDA:0,getTradingMetrics
FNDA:0,getMLMetrics
FNDA:0,getSystemMetrics
FNDA:0,generateAlerts
FNDA:0,storeReport
FNDA:0,sendAlerts
DA:7,0
DA:8,0
DA:9,0
DA:10,0
DA:13,0
DA:15,0
DA:16,0
DA:18,0
DA:20,0
DA:23,0
DA:25,0
DA:26,0
DA:28,0
DA:29,0
DA:31,0
DA:32,0
DA:34,0
DA:37,0
DA:38,0
DA:39,0
DA:42,0
DA:43,0
DA:48,0
DA:49,0
DA:50,0
DA:52,0
DA:54,0
DA:55,0
DA:64,0
DA:68,0
DA:71,0
DA:75,0
DA:78,0
DA:82,0
DA:85,0
DA:89,0
DA:91,0
DA:94,0
DA:97,0
DA:99,0
DA:109,0
DA:110,0
DA:115,0
DA:117,0
DA:118,0
DA:126,0
DA:127,0
DA:128,0
DA:129,0
DA:130,0
DA:134,0
DA:135,0
DA:136,0
DA:137,0
DA:138,0
DA:142,0
DA:143,0
DA:144,0
DA:145,0
DA:146,0
DA:150,0
DA:151,0
DA:153,0
DA:157,0
DA:159,0
DA:161,0
DA:167,0
DA:168,0
DA:173,0
DA:175,0
DA:177,0
DA:180,0
DA:182,0
DA:183,0
DA:185,0
DA:186,0
DA:188,0
DA:189,0
DA:191,0
DA:195,0
DA:198,0
DA:199,0
DA:202,0
DA:210,0
DA:211,0
DA:217,0
DA:219,0
DA:225,0
DA:227,0
DA:228,0
DA:229,0
DA:232,0
DA:237,0
DA:238,0
DA:243,0
DA:244,0
DA:260,0
DA:263,0
DA:275,0
DA:276,0
DA:293,0
DA:296,0
DA:309,0
DA:310,0
DA:318,0
DA:320,0
DA:325,0
DA:326,0
DA:327,0
DA:328,0
DA:331,0
DA:337,0
DA:357,0
DA:361,0
DA:362,0
DA:363,0
DA:366,0
DA:379,0
DA:384,0
DA:399,0
DA:403,0
DA:404,0
DA:417,0
DA:419,0
DA:431,0
DA:445,0
DA:454,0
DA:456,0
DA:466,0
DA:469,0
DA:470,0
DA:477,0
DA:478,0
DA:486,0
DA:487,0
DA:495,0
DA:496,0
DA:503,0
DA:507,0
DA:508,0
DA:521,0
DA:527,0
DA:529,0
DA:530,0
LF:144
LH:0
BRDA:23,0,0,0
BRDA:23,0,1,0
BRDA:23,0,2,0
BRDA:23,0,3,0
BRDA:48,1,0,0
BRDA:68,2,0,0
BRDA:68,2,1,0
BRDA:75,3,0,0
BRDA:75,3,1,0
BRDA:82,4,0,0
BRDA:82,4,1,0
BRDA:89,5,0,0
BRDA:89,5,1,0
BRDA:173,6,0,0
BRDA:173,7,0,0
BRDA:180,8,0,0
BRDA:180,8,1,0
BRDA:180,8,2,0
BRDA:180,8,3,0
BRDA:198,9,0,0
BRDA:198,10,0,0
BRDA:198,10,1,0
BRDA:417,11,0,0
BRDA:417,11,1,0
BRDA:420,12,0,0
BRDA:420,12,1,0
BRDA:421,13,0,0
BRDA:421,13,1,0
BRDA:422,14,0,0
BRDA:422,14,1,0
BRDA:423,15,0,0
BRDA:423,15,1,0
BRDA:424,16,0,0
BRDA:424,16,1,0
BRDA:425,17,0,0
BRDA:425,17,1,0
BRDA:426,18,0,0
BRDA:426,18,1,0
BRDA:458,19,0,0
BRDA:458,19,1,0
BRDA:459,20,0,0
BRDA:459,20,1,0
BRDA:469,21,0,0
BRDA:477,22,0,0
BRDA:486,23,0,0
BRDA:495,24,0,0
BRF:46
BRH:0
end_of_record
TN:
SF:src/lib/workers/ml.worker.ts
FN:37,mlWorker
FN:69,updatePredictions
FN:88,(anonymous_6)
FN:107,(anonymous_7)
FN:108,(anonymous_8)
FN:128,trainModel
FN:180,ensemblePrediction
FN:232,(anonymous_11)
FN:244,getPlayersForPrediction
FN:276,generateMockPlayers
FN:290,(anonymous_14)
FN:302,generatePlayerPrediction
FN:305,(anonymous_16)
FN:309,(anonymous_17)
FN:334,trainLSTMModel
FN:366,trainXGBoostMock
FN:384,getMedianPrediction
FN:388,(anonymous_21)
FN:389,(anonymous_22)
FN:401,getLSTMPrediction
FN:407,(anonymous_24)
FN:415,getXGBoostPrediction
FN:428,calculateTrend
FN:431,(anonymous_27)
FN:432,(anonymous_28)
FN:434,(anonymous_29)
FN:436,(anonymous_30)
FN:442,extractFeatures
FN:444,(anonymous_32)
FN:448,(anonymous_33)
FN:456,calculateVariance
FN:457,(anonymous_35)
FN:458,(anonymous_36)
FN:459,(anonymous_37)
FN:462,calculateGPPLeverage
FN:471,storePredictions
FN:503,saveModelMetadata
FNF:37
FNH:0
FNDA:0,mlWorker
FNDA:0,updatePredictions
FNDA:0,(anonymous_6)
FNDA:0,(anonymous_7)
FNDA:0,(anonymous_8)
FNDA:0,trainModel
FNDA:0,ensemblePrediction
FNDA:0,(anonymous_11)
FNDA:0,getPlayersForPrediction
FNDA:0,generateMockPlayers
FNDA:0,(anonymous_14)
FNDA:0,generatePlayerPrediction
FNDA:0,(anonymous_16)
FNDA:0,(anonymous_17)
FNDA:0,trainLSTMModel
FNDA:0,trainXGBoostMock
FNDA:0,getMedianPrediction
FNDA:0,(anonymous_21)
FNDA:0,(anonymous_22)
FNDA:0,getLSTMPrediction
FNDA:0,(anonymous_24)
FNDA:0,getXGBoostPrediction
FNDA:0,calculateTrend
FNDA:0,(anonymous_27)
FNDA:0,(anonymous_28)
FNDA:0,(anonymous_29)
FNDA:0,(anonymous_30)
FNDA:0,extractFeatures
FNDA:0,(anonymous_32)
FNDA:0,(anonymous_33)
FNDA:0,calculateVariance
FNDA:0,(anonymous_35)
FNDA:0,(anonymous_36)
FNDA:0,(anonymous_37)
FNDA:0,calculateGPPLeverage
FNDA:0,storePredictions
FNDA:0,saveModelMetadata
DA:7,0
DA:8,0
DA:9,0
DA:10,0
DA:11,0
DA:14,0
DA:17,0
DA:37,0
DA:38,0
DA:40,0
DA:42,0
DA:45,0
DA:47,0
DA:48,0
DA:50,0
DA:51,0
DA:53,0
DA:54,0
DA:56,0
DA:59,0
DA:60,0
DA:61,0
DA:64,0
DA:65,0
DA:70,0
DA:72,0
DA:74,0
DA:76,0
DA:78,0
DA:79,0
DA:82,0
DA:83,0
DA:84,0
DA:87,0
DA:88,0
DA:91,0
DA:94,0
DA:95,0
DA:96,0
DA:101,0
DA:104,0
DA:107,0
DA:108,0
DA:114,0
DA:120,0
DA:123,0
DA:124,0
DA:129,0
DA:131,0
DA:132,0
DA:137,0
DA:139,0
DA:140,0
DA:141,0
DA:142,0
DA:146,0
DA:147,0
DA:151,0
DA:152,0
DA:155,0
DA:159,0
DA:167,0
DA:175,0
DA:176,0
DA:181,0
DA:183,0
DA:184,0
DA:186,0
DA:188,0
DA:190,0
DA:191,0
DA:192,0
DA:195,0
DA:197,0
DA:202,0
DA:203,0
DA:204,0
DA:206,0
DA:225,0
DA:226,0
DA:228,0
DA:232,0
DA:238,0
DA:239,0
DA:245,0
DA:246,0
DA:268,0
DA:269,0
DA:272,0
DA:277,0
DA:278,0
DA:280,0
DA:281,0
DA:282,0
DA:284,0
DA:290,0
DA:299,0
DA:304,0
DA:305,0
DA:308,0
DA:309,0
DA:313,0
DA:314,0
DA:317,0
DA:318,0
DA:320,0
DA:338,0
DA:348,0
DA:355,0
DA:363,0
DA:370,0
DA:386,0
DA:388,0
DA:389,0
DA:391,0
DA:392,0
DA:395,0
DA:396,0
DA:405,0
DA:407,0
DA:410,0
DA:412,0
DA:419,0
DA:422,0
DA:423,0
DA:425,0
DA:429,0
DA:431,0
DA:432,0
DA:434,0
DA:435,0
DA:436,0
DA:439,0
DA:443,0
DA:444,0
DA:446,0
DA:448,0
DA:457,0
DA:458,0
DA:459,0
DA:464,0
DA:465,0
DA:468,0
DA:472,0
DA:473,0
DA:486,0
DA:487,0
DA:499,0
DA:504,0
DA:505,0
DA:518,0
LF:151
LH:0
BRDA:45,0,0,0
BRDA:45,0,1,0
BRDA:45,0,2,0
BRDA:45,0,3,0
BRDA:137,1,0,0
BRDA:137,1,1,0
BRDA:137,1,2,0
BRDA:137,1,3,0
BRDA:162,2,0,0
BRDA:162,2,1,0
BRDA:278,3,0,0
BRDA:278,3,1,0
BRDA:304,4,0,0
BRDA:304,4,1,0
BRDA:308,5,0,0
BRDA:308,5,1,0
BRDA:386,6,0,0
BRDA:386,6,1,0
BRDA:391,7,0,0
BRDA:396,8,0,0
BRDA:396,8,1,0
BRDA:405,9,0,0
BRDA:405,9,1,0
BRDA:429,10,0,0
BRDA:429,11,0,0
BRDA:429,11,1,0
BRDA:435,12,0,0
BRDA:435,12,1,0
BRDA:443,13,0,0
BRDA:443,13,1,0
BRDA:447,14,0,0
BRDA:447,14,1,0
BRDA:451,15,0,0
BRDA:451,15,1,0
BRDA:464,16,0,0
BRDA:464,16,1,0
BRF:36
BRH:0
end_of_record
TN:
SF:src/lib/workers/trading.worker.ts
FN:32,tradingWorker
FN:64,executeTrade
FN:135,monitorPositions
FN:177,calculateKellyCriterion
FN:211,(anonymous_5)
FN:214,(anonymous_6)
FN:232,validateLineup
FN:239,(anonymous_8)
FN:245,(anonymous_9)
FN:254,checkBankroll
FN:273,submitToPlatform
FN:280,(anonymous_12)
FN:295,recordTrade
FN:318,updateBankroll
FN:339,getActivePositions
FN:367,generateMockPositions
FN:394,updateLiveScores
FN:398,(anonymous_18)
FN:408,calculatePerformance
FN:409,(anonymous_20)
FN:410,(anonymous_21)
FN:411,(anonymous_22)
FN:423,checkAlerts
FN:427,(anonymous_24)
FN:454,storeMonitoringData
FN:471,calculateEdge
FN:481,calculateKellyFraction
FNF:27
FNH:0
FNDA:0,tradingWorker
FNDA:0,executeTrade
FNDA:0,monitorPositions
FNDA:0,calculateKellyCriterion
FNDA:0,(anonymous_5)
FNDA:0,(anonymous_6)
FNDA:0,validateLineup
FNDA:0,(anonymous_8)
FNDA:0,(anonymous_9)
FNDA:0,checkBankroll
FNDA:0,submitToPlatform
FNDA:0,(anonymous_12)
FNDA:0,recordTrade
FNDA:0,updateBankroll
FNDA:0,getActivePositions
FNDA:0,generateMockPositions
FNDA:0,updateLiveScores
FNDA:0,(anonymous_18)
FNDA:0,calculatePerformance
FNDA:0,(anonymous_20)
FNDA:0,(anonymous_21)
FNDA:0,(anonymous_22)
FNDA:0,checkAlerts
FNDA:0,(anonymous_24)
FNDA:0,storeMonitoringData
FNDA:0,calculateEdge
FNDA:0,calculateKellyFraction
DA:7,0
DA:8,0
DA:10,0
DA:11,0
DA:14,0
DA:17,0
DA:32,0
DA:33,0
DA:35,0
DA:37,0
DA:40,0
DA:42,0
DA:43,0
DA:45,0
DA:46,0
DA:48,0
DA:49,0
DA:51,0
DA:54,0
DA:55,0
DA:56,0
DA:59,0
DA:60,0
DA:65,0
DA:67,0
DA:69,0
DA:70,0
DA:71,0
DA:75,0
DA:76,0
DA:77,0
DA:81,0
DA:88,0
DA:99,0
DA:102,0
DA:109,0
DA:121,0
DA:131,0
DA:136,0
DA:138,0
DA:141,0
DA:144,0
DA:147,0
DA:150,0
DA:158,0
DA:164,0
DA:172,0
DA:173,0
DA:178,0
DA:180,0
DA:181,0
DA:183,0
DA:185,0
DA:188,0
DA:191,0
DA:199,0
DA:211,0
DA:214,0
DA:216,0
DA:226,0
DA:227,0
DA:234,0
DA:235,0
DA:239,0
DA:240,0
DA:241,0
DA:245,0
DA:246,0
DA:247,0
DA:248,0
DA:251,0
DA:255,0
DA:256,0
DA:261,0
DA:262,0
DA:269,0
DA:277,0
DA:280,0
DA:283,0
DA:284,0
DA:287,0
DA:296,0
DA:297,0
DA:303,0
DA:314,0
DA:319,0
DA:320,0
DA:328,0
DA:335,0
DA:340,0
DA:341,0
DA:360,0
DA:363,0
DA:368,0
DA:398,0
DA:399,0
DA:400,0
DA:401,0
DA:402,0
DA:404,0
DA:409,0
DA:410,0
DA:411,0
DA:413,0
DA:424,0
DA:427,0
DA:428,0
DA:429,0
DA:437,0
DA:438,0
DA:444,0
DA:445,0
DA:451,0
DA:455,0
DA:456,0
DA:467,0
DA:475,0
DA:476,0
DA:478,0
DA:485,0
DA:487,0
DA:488,0
DA:490,0
DA:492,0
LF:124
LH:0
BRDA:19,0,0,0
BRDA:19,0,1,0
BRDA:25,1,0,0
BRDA:25,1,1,0
BRDA:40,2,0,0
BRDA:40,2,1,0
BRDA:40,2,2,0
BRDA:40,2,3,0
BRDA:70,3,0,0
BRDA:76,4,0,0
BRDA:126,5,0,0
BRDA:126,5,1,0
BRDA:234,6,0,0
BRDA:234,7,0,0
BRDA:234,7,1,0
BRDA:240,8,0,0
BRDA:247,9,0,0
BRDA:261,10,0,0
BRDA:261,10,1,0
BRDA:283,11,0,0
BRDA:308,12,0,0
BRDA:308,12,1,0
BRDA:310,13,0,0
BRDA:310,13,1,0
BRDA:311,14,0,0
BRDA:311,14,1,0
BRDA:399,15,0,0
BRDA:402,16,0,0
BRDA:402,16,1,0
BRDA:409,17,0,0
BRDA:409,17,1,0
BRDA:410,18,0,0
BRDA:410,18,1,0
BRDA:418,19,0,0
BRDA:418,19,1,0
BRDA:419,20,0,0
BRDA:419,20,1,0
BRDA:428,21,0,0
BRDA:428,22,0,0
BRDA:428,22,1,0
BRDA:437,23,0,0
BRDA:444,24,0,0
BRDA:444,25,0,0
BRDA:444,25,1,0
BRDA:475,26,0,0
BRDA:475,26,1,0
BRDA:481,27,0,0
BRDA:485,28,0,0
BRF:48
BRH:0
end_of_record
TN:
SF:src/pages/simple-test.tsx
FN:2,SimpleTest
FNF:1
FNH:0
FNDA:0,SimpleTest
DA:2,0
LF:1
LH:0
BRF:0
BRH:0
end_of_record
TN:
SF:src/services/api-config.ts
FNF:0
FNH:0
DA:6,0
DA:30,0
DA:67,0
LF:3
LH:0
BRDA:8,0,0,0
BRDA:8,0,1,0
BRDA:9,1,0,0
BRDA:9,1,1,0
BRDA:12,2,0,0
BRDA:12,2,1,0
BRDA:15,3,0,0
BRDA:15,3,1,0
BRDA:18,4,0,0
BRDA:18,4,1,0
BRF:10
BRH:0
end_of_record
TN:
SF:src/services/fantasy-api.ts
FN:141,(anonymous_1)
FN:152,(anonymous_2)
FN:174,(anonymous_3)
FN:196,(anonymous_4)
FN:230,(anonymous_5)
FN:258,(anonymous_6)
FN:280,(anonymous_7)
FN:302,(anonymous_8)
FN:320,(anonymous_9)
FN:339,(anonymous_10)
FN:357,(anonymous_11)
FNF:11
FNH:0
FNDA:0,(anonymous_1)
FNDA:0,(anonymous_2)
FNDA:0,(anonymous_3)
FNDA:0,(anonymous_4)
FNDA:0,(anonymous_5)
FNDA:0,(anonymous_6)
FNDA:0,(anonymous_7)
FNDA:0,(anonymous_8)
FNDA:0,(anonymous_9)
FNDA:0,(anonymous_10)
FNDA:0,(anonymous_11)
DA:6,0
DA:7,0
DA:143,0
DA:144,0
DA:153,0
DA:154,0
DA:160,0
DA:161,0
DA:164,0
DA:166,0
DA:167,0
DA:175,0
DA:176,0
DA:182,0
DA:183,0
DA:186,0
DA:188,0
DA:189,0
DA:201,0
DA:202,0
DA:207,0
DA:208,0
DA:211,0
DA:216,0
DA:217,0
DA:220,0
DA:222,0
DA:223,0
DA:234,0
DA:235,0
DA:239,0
DA:244,0
DA:245,0
DA:248,0
DA:250,0
DA:251,0
DA:259,0
DA:260,0
DA:266,0
DA:267,0
DA:270,0
DA:272,0
DA:273,0
DA:281,0
DA:282,0
DA:288,0
DA:289,0
DA:292,0
DA:294,0
DA:295,0
DA:303,0
DA:304,0
DA:306,0
DA:307,0
DA:310,0
DA:312,0
DA:313,0
DA:321,0
DA:322,0
DA:323,0
DA:325,0
DA:326,0
DA:329,0
DA:331,0
DA:332,0
DA:340,0
DA:341,0
DA:343,0
DA:344,0
DA:347,0
DA:349,0
DA:350,0
DA:361,0
DA:362,0
DA:372,0
DA:373,0
DA:376,0
DA:378,0
DA:379,0
DA:385,0
LF:80
LH:0
BRDA:160,0,0,0
BRDA:182,1,0,0
BRDA:199,2,0,0
BRDA:207,3,0,0
BRDA:216,4,0,0
BRDA:232,5,0,0
BRDA:244,6,0,0
BRDA:258,7,0,0
BRDA:266,8,0,0
BRDA:288,9,0,0
BRDA:306,10,0,0
BRDA:322,11,0,0
BRDA:322,11,1,0
BRDA:325,12,0,0
BRDA:343,13,0,0
BRDA:367,14,0,0
BRDA:367,14,1,0
BRDA:368,15,0,0
BRDA:368,15,1,0
BRDA:372,16,0,0
BRF:20
BRH:0
end_of_record
TN:
SF:src/services/fantasy-ml-api.ts
FN:55,(anonymous_1)
FN:59,(anonymous_2)
FN:72,(anonymous_3)
FN:82,(anonymous_4)
FN:92,(anonymous_5)
FN:102,(anonymous_6)
FN:112,(anonymous_7)
FN:126,(anonymous_8)
FN:133,(anonymous_9)
FNF:9
FNH:0
FNDA:0,(anonymous_1)
FNDA:0,(anonymous_2)
FNDA:0,(anonymous_3)
FNDA:0,(anonymous_4)
FNDA:0,(anonymous_5)
FNDA:0,(anonymous_6)
FNDA:0,(anonymous_7)
FNDA:0,(anonymous_8)
FNDA:0,(anonymous_9)
DA:6,0
DA:56,0
DA:60,0
DA:66,0
DA:71,0
DA:72,0
DA:73,0
DA:76,0
DA:83,0
DA:93,0
DA:94,0
DA:96,0
DA:103,0
DA:113,0
DA:127,0
DA:134,0
DA:138,0
LF:17
LH:0
BRDA:6,0,0,0
BRDA:6,0,1,0
BRDA:62,1,0,0
BRDA:62,1,1,0
BRDA:71,2,0,0
BRDA:73,3,0,0
BRDA:73,3,1,0
BRDA:94,4,0,0
BRF:8
BRH:0
end_of_record
TN:
SF:src/services/websocket-client.ts
FN:56,(anonymous_6)
FN:63,(anonymous_7)
FN:73,(anonymous_8)
FN:87,(anonymous_9)
FN:92,(anonymous_10)
FN:97,(anonymous_11)
FN:101,(anonymous_12)
FN:106,(anonymous_13)
FN:111,(anonymous_14)
FN:116,(anonymous_15)
FN:124,(anonymous_16)
FN:130,(anonymous_17)
FN:144,(anonymous_18)
FN:152,(anonymous_19)
FN:160,(anonymous_20)
FN:164,(anonymous_21)
FN:172,(anonymous_22)
FN:176,(anonymous_23)
FN:184,(anonymous_24)
FN:194,(anonymous_25)
FN:204,(anonymous_26)
FN:207,(anonymous_27)
FN:214,(anonymous_28)
FN:224,(anonymous_29)
FN:233,usePatternWebSocket
FN:239,(anonymous_31)
FN:241,(anonymous_32)
FN:246,(anonymous_33)
FN:247,(anonymous_34)
FN:250,(anonymous_35)
FN:254,(anonymous_36)
FN:255,(anonymous_37)
FN:258,(anonymous_38)
FNF:33
FNH:0
FNDA:0,(anonymous_6)
FNDA:0,(anonymous_7)
FNDA:0,(anonymous_8)
FNDA:0,(anonymous_9)
FNDA:0,(anonymous_10)
FNDA:0,(anonymous_11)
FNDA:0,(anonymous_12)
FNDA:0,(anonymous_13)
FNDA:0,(anonymous_14)
FNDA:0,(anonymous_15)
FNDA:0,(anonymous_16)
FNDA:0,(anonymous_17)
FNDA:0,(anonymous_18)
FNDA:0,(anonymous_19)
FNDA:0,(anonymous_20)
FNDA:0,(anonymous_21)
FNDA:0,(anonymous_22)
FNDA:0,(anonymous_23)
FNDA:0,(anonymous_24)
FNDA:0,(anonymous_25)
FNDA:0,(anonymous_26)
FNDA:0,(anonymous_27)
FNDA:0,(anonymous_28)
FNDA:0,(anonymous_29)
FNDA:0,usePatternWebSocket
FNDA:0,(anonymous_31)
FNDA:0,(anonymous_32)
FNDA:0,(anonymous_33)
FNDA:0,(anonymous_34)
FNDA:0,(anonymous_35)
FNDA:0,(anonymous_36)
FNDA:0,(anonymous_37)
FNDA:0,(anonymous_38)
DA:6,0
DA:7,0
DA:8,0
DA:50,0
DA:51,0
DA:52,0
DA:53,0
DA:54,0
DA:57,0
DA:64,0
DA:66,0
DA:73,0
DA:74,0
DA:75,0
DA:78,0
DA:79,0
DA:83,0
DA:84,0
DA:87,0
DA:88,0
DA:89,0
DA:92,0
DA:93,0
DA:97,0
DA:98,0
DA:101,0
DA:102,0
DA:106,0
DA:107,0
DA:111,0
DA:112,0
DA:116,0
DA:117,0
DA:125,0
DA:127,0
DA:128,0
DA:130,0
DA:131,0
DA:132,0
DA:134,0
DA:136,0
DA:145,0
DA:146,0
DA:153,0
DA:154,0
DA:161,0
DA:162,0
DA:164,0
DA:165,0
DA:173,0
DA:174,0
DA:176,0
DA:177,0
DA:185,0
DA:186,0
DA:188,0
DA:195,0
DA:196,0
DA:197,0
DA:205,0
DA:206,0
DA:207,0
DA:215,0
DA:216,0
DA:217,0
DA:225,0
DA:230,0
DA:233,0
DA:234,0
DA:235,0
DA:236,0
DA:237,0
DA:239,0
DA:241,0
DA:242,0
DA:246,0
DA:247,0
DA:250,0
DA:251,0
DA:254,0
DA:255,0
DA:258,0
DA:259,0
DA:263,0
DA:276,0
DA:278,0
DA:279,0
DA:280,0
LF:88
LH:0
BRDA:64,0,0,0
BRDA:64,0,1,0
BRDA:78,1,0,0
BRDA:125,2,0,0
BRDA:131,3,0,0
BRDA:131,3,1,0
BRDA:145,4,0,0
BRDA:153,5,0,0
BRDA:161,6,0,0
BRDA:173,7,0,0
BRDA:185,8,0,0
BRDA:196,9,0,0
BRDA:206,10,0,0
BRDA:215,11,0,0
BRDA:225,12,0,0
BRDA:225,12,1,0
BRDA:276,13,0,0
BRDA:279,14,0,0
BRF:18
BRH:0
end_of_record
TN:
SF:src/services/websocket-service.ts
FN:25,(anonymous_4)
FN:34,(anonymous_5)
FN:45,(anonymous_6)
FN:51,(anonymous_7)
FN:56,(anonymous_8)
FN:65,(anonymous_9)
FN:70,(anonymous_10)
FN:86,(anonymous_11)
FN:104,(anonymous_12)
FN:117,(anonymous_13)
FN:132,(anonymous_14)
FN:151,(anonymous_15)
FN:158,(anonymous_16)
FN:161,(anonymous_17)
FN:174,(anonymous_18)
FN:186,(anonymous_19)
FN:198,(anonymous_20)
FN:204,(anonymous_21)
FN:213,(anonymous_22)
FN:228,useWebSocket
FNF:20
FNH:0
FNDA:0,(anonymous_4)
FNDA:0,(anonymous_5)
FNDA:0,(anonymous_6)
FNDA:0,(anonymous_7)
FNDA:0,(anonymous_8)
FNDA:0,(anonymous_9)
FNDA:0,(anonymous_10)
FNDA:0,(anonymous_11)
FNDA:0,(anonymous_12)
FNDA:0,(anonymous_13)
FNDA:0,(anonymous_14)
FNDA:0,(anonymous_15)
FNDA:0,(anonymous_16)
FNDA:0,(anonymous_17)
FNDA:0,(anonymous_18)
FNDA:0,(anonymous_19)
FNDA:0,(anonymous_20)
FNDA:0,(anonymous_21)
FNDA:0,(anonymous_22)
FNDA:0,useWebSocket
DA:6,0
DA:7,0
DA:19,0
DA:20,0
DA:21,0
DA:22,0
DA:23,0
DA:26,0
DA:27,0
DA:35,0
DA:36,0
DA:39,0
DA:40,0
DA:42,0
DA:43,0
DA:45,0
DA:46,0
DA:47,0
DA:48,0
DA:51,0
DA:52,0
DA:56,0
DA:57,0
DA:58,0
DA:59,0
DA:61,0
DA:65,0
DA:66,0
DA:67,0
DA:70,0
DA:71,0
DA:72,0
DA:73,0
DA:74,0
DA:77,0
DA:78,0
DA:79,0
DA:87,0
DA:88,0
DA:89,0
DA:92,0
DA:93,0
DA:94,0
DA:97,0
DA:98,0
DA:105,0
DA:106,0
DA:109,0
DA:110,0
DA:114,0
DA:117,0
DA:118,0
DA:119,0
DA:120,0
DA:121,0
DA:122,0
DA:123,0
DA:133,0
DA:140,0
DA:141,0
DA:144,0
DA:152,0
DA:159,0
DA:160,0
DA:161,0
DA:162,0
DA:163,0
DA:165,0
DA:175,0
DA:176,0
DA:187,0
DA:188,0
DA:199,0
DA:200,0
DA:203,0
DA:204,0
DA:205,0
DA:206,0
DA:214,0
DA:215,0
DA:216,0
DA:222,0
DA:225,0
DA:228,0
DA:231,0
LF:85
LH:0
BRDA:26,0,0,0
BRDA:35,1,0,0
BRDA:35,2,0,0
BRDA:35,2,1,0
BRDA:87,3,0,0
BRDA:92,4,0,0
BRDA:105,5,0,0
BRDA:109,6,0,0
BRDA:119,7,0,0
BRDA:121,8,0,0
BRDA:140,9,0,0
BRDA:140,9,1,0
BRDA:160,10,0,0
BRDA:175,11,0,0
BRDA:187,12,0,0
BRDA:199,13,0,0
BRDA:199,14,0,0
BRDA:199,14,1,0
BRDA:214,15,0,0
BRDA:214,15,1,0
BRF:20
BRH:0
end_of_record
